:123 lhs, fn, arg1, arg2 =  i c f f 0
:123 lhs, fn, arg1, arg2 =  j c i f 0
:123 lhs, fn, arg1, arg2 =  k c i i 0
:123 lhs, fn, arg1, arg2 =  l c k f 0
:123 lhs, fn, arg1, arg2 =  m c k i 0
:123 lhs, fn, arg1, arg2 =  n c m f 0
:123 lhs, fn, arg1, arg2 =  o c k k 0
:123 lhs, fn, arg1, arg2 =  p c o f 0
:123 lhs, fn, arg1, arg2 =  q c o i 0
:123 lhs, fn, arg1, arg2 =  r c q f 0
:123 lhs, fn, arg1, arg2 =  s c o k 0
:123 lhs, fn, arg1, arg2 =  t c s f 0
:123 lhs, fn, arg1, arg2 =  u c s i 0
:123 lhs, fn, arg1, arg2 =  v c u f 0
:123 lhs, fn, arg1, arg2 =  w c o o 0
:123 lhs, fn, arg1, arg2 =  x c w f 0
:123 lhs, fn, arg1, arg2 =  y c w i 0
:123 lhs, fn, arg1, arg2 =  A c y f 0
:123 lhs, fn, arg1, arg2 =  B c w k 0
:123 lhs, fn, arg1, arg2 =  C c B f 0
:123 lhs, fn, arg1, arg2 =  D c B i 0
:123 lhs, fn, arg1, arg2 =  E c D f 0
:123 lhs, fn, arg1, arg2 =  F c w o 0
:123 lhs, fn, arg1, arg2 =  G c F f 0
:123 lhs, fn, arg1, arg2 =  H c F i 0
:123 lhs, fn, arg1, arg2 =  I c H f 0
:123 lhs, fn, arg1, arg2 =  J c F k 0
:123 lhs, fn, arg1, arg2 =  K c J f 0
:123 lhs, fn, arg1, arg2 =  L c J i 0
:123 lhs, fn, arg1, arg2 =  M c L f 0
:123 lhs, fn, arg1, arg2 =  N c w w 0
:123 lhs, fn, arg1, arg2 =  O c N N 0
:123 lhs, fn, arg1, arg2 =  P c O O 0
:123 lhs, fn, arg1, arg2 =  Q c P O 0
:123 lhs, fn, arg1, arg2 =  R c Q N 0
:123 lhs, fn, arg1, arg2 =  S c R k 0
:123 lhs, fn, arg1, arg2 =  T c S i 0
:123 lhs, fn, arg1, arg2 =  U c O N 0
:123 lhs, fn, arg1, arg2 =  V c U o 0
:123 lhs, fn, arg1, arg2 =  W c O w 0
:123 lhs, fn, arg1, arg2 =  X c W k 0
:123 lhs, fn, arg1, arg2 =  Y c V k 0
:123 lhs, fn, arg1, arg2 =  Ѐ c Y i 0
:123 lhs, fn, arg1, arg2 =  Ё c Ѐ f 0
:123 lhs, fn, arg1, arg2 =  Ђ c Q o 0
:123 lhs, fn, arg1, arg2 =  Ѓ c Ђ k 0
:123 lhs, fn, arg1, arg2 =  Є c Ѓ f 0
:123 lhs, fn, arg1, arg2 =  Ѕ c P N 0
:123 lhs, fn, arg1, arg2 =  І c Ѕ w 0
:123 lhs, fn, arg1, arg2 =  Ї c І o 0
:123 lhs, fn, arg1, arg2 =  Ј c Ї i 0
:123 lhs, fn, arg1, arg2 =  Љ c Ј f 0
:123 lhs, fn, arg1, arg2 =  Њ c P k 0
:123 lhs, fn, arg1, arg2 =  Ћ c Њ i 0
:123 lhs, fn, arg1, arg2 =  Ќ c І i 0
:123 lhs, fn, arg1, arg2 =  Ѝ c Ќ f 0
:123 lhs, fn, arg1, arg2 =  Ў c W o 0
:123 lhs, fn, arg1, arg2 =  Џ c Ў k 0
:123 lhs, fn, arg1, arg2 =  А c Џ i 0
:123 lhs, fn, arg1, arg2 =  Б c І k 0
:123 lhs, fn, arg1, arg2 =  В c Б f 0
:123 lhs, fn, arg1, arg2 =  Г c N k 0
:123 lhs, fn, arg1, arg2 =  Д c Г f 0
:123 lhs, fn, arg1, arg2 =  Е c Ї k 0
:123 lhs, fn, arg1, arg2 =  Ж c Е i 0
:123 lhs, fn, arg1, arg2 =  З c Ж f 0
:123 lhs, fn, arg1, arg2 =  И c R w 0
:123 lhs, fn, arg1, arg2 =  Й c И o 0
:123 lhs, fn, arg1, arg2 =  К c Й k 0
:123 lhs, fn, arg1, arg2 =  Л c U k 0
:123 lhs, fn, arg1, arg2 =  М c Л i 0
:123 lhs, fn, arg1, arg2 =  Н c М f 0
:123 lhs, fn, arg1, arg2 =  О c И k 0
:123 lhs, fn, arg1, arg2 =  П c О i 0
:123 lhs, fn, arg1, arg2 =  Р c П f 0
:123 lhs, fn, arg1, arg2 =  С c U w 0
:123 lhs, fn, arg1, arg2 =  Т c С i 0
:123 lhs, fn, arg1, arg2 =  У c Q k 0
:123 lhs, fn, arg1, arg2 =  Ф c У i 0
:123 lhs, fn, arg1, arg2 =  Х c Ѓ i 0
:123 lhs, fn, arg1, arg2 =  Ц c Q w 0
:123 lhs, fn, arg1, arg2 =  Ч c Ц o 0
:123 lhs, fn, arg1, arg2 =  Ш c Ч k 0
:123 lhs, fn, arg1, arg2 =  Щ c Ш i 0
:123 lhs, fn, arg1, arg2 =  Ъ c Щ f 0
:123 lhs, fn, arg1, arg2 =  Ы c R i 0
:123 lhs, fn, arg1, arg2 =  Ь c Ы f 0
:123 lhs, fn, arg1, arg2 =  Э c К i 0
:123 lhs, fn, arg1, arg2 =  Ю c Э f 0
:123 lhs, fn, arg1, arg2 =  Я c С o 0
:123 lhs, fn, arg1, arg2 =  а c Я i 0
:123 lhs, fn, arg1, arg2 =  б c Г i 0
:123 lhs, fn, arg1, arg2 =  в c Й i 0
:123 lhs, fn, arg1, arg2 =  г c R o 0
:123 lhs, fn, arg1, arg2 =  д c г k 0
:123 lhs, fn, arg1, arg2 =  е c д i 0
:123 lhs, fn, arg1, arg2 =  ж d Т a 0
:123 lhs, fn, arg1, arg2 =  з c Л f 0
:123 lhs, fn, arg1, arg2 =  и d з a 0
:123 lhs, fn, arg1, arg2 =  ж c ж и 0
:123 lhs, fn, arg1, arg2 =  й c С k 0
:123 lhs, fn, arg1, arg2 =  к d й a 0
:123 lhs, fn, arg1, arg2 =  ж c ж к 0
:123 lhs, fn, arg1, arg2 =  л c й f 0
:123 lhs, fn, arg1, arg2 =  м d л a 0
:123 lhs, fn, arg1, arg2 =  ж c ж м 0
:123 lhs, fn, arg1, arg2 =  н d Т a 0
:123 lhs, fn, arg1, arg2 =  ж c ж н 0
:123 lhs, fn, arg1, arg2 =  о d Ѐ a 0
:123 lhs, fn, arg1, arg2 =  ж c ж о 0
:123 lhs, fn, arg1, arg2 =  п d N a 0
:123 lhs, fn, arg1, arg2 =  ж c ж п 0
:123 lhs, fn, arg1, arg2 =  р c U i 0
:123 lhs, fn, arg1, arg2 =  с c р f 0
:123 lhs, fn, arg1, arg2 =  т d с a 0
:123 lhs, fn, arg1, arg2 =  у d Ё a 0
:123 lhs, fn, arg1, arg2 =  т c т у 0
:123 lhs, fn, arg1, arg2 =  т c т о 0
:123 lhs, fn, arg1, arg2 =  ф c Т f 0
:123 lhs, fn, arg1, arg2 =  х d ф a 0
:123 lhs, fn, arg1, arg2 =  т c т х 0
:123 lhs, fn, arg1, arg2 =  т c т к 0
:123 lhs, fn, arg1, arg2 =  т c т н 0
:123 lhs, fn, arg1, arg2 =  т c т м 0
:123 lhs, fn, arg1, arg2 =  ц d с a 0
:123 lhs, fn, arg1, arg2 =  т c т ц 0
:123 lhs, fn, arg1, arg2 =  т c т к 0
:123 lhs, fn, arg1, arg2 =  т c т у 0
:123 lhs, fn, arg1, arg2 =  т c т н 0
:123 lhs, fn, arg1, arg2 =  ч a a т 0
:123 lhs, fn, arg1, arg2 =  ш d Я a 0
:123 lhs, fn, arg1, arg2 =  щ c й i 0
:123 lhs, fn, arg1, arg2 =  ъ c щ f 0
:123 lhs, fn, arg1, arg2 =  ы d ъ a 0
:123 lhs, fn, arg1, arg2 =  ь c ж ы 0
:123 lhs, fn, arg1, arg2 =  э c V f 0
:123 lhs, fn, arg1, arg2 =  ю d э a 0
:123 lhs, fn, arg1, arg2 =  ь c ь ю 0
:123 lhs, fn, arg1, arg2 =  ь c ь о 0
:123 lhs, fn, arg1, arg2 =  я d Л a 0
:123 lhs, fn, arg1, arg2 =  ь c ь я 0
:123 lhs, fn, arg1, arg2 =  ь c ь у 0
:123 lhs, fn, arg1, arg2 =  ь c ь ы 0
:123 lhs, fn, arg1, arg2 =  ѐ ч ш ь 0
:123 lhs, fn, arg1, arg2 =  ё ѐ ш ш 0
:123 lhs, fn, arg1, arg2 =  ђ c O f 0
:123 lhs, fn, arg1, arg2 =  ѓ d ђ a 0
:123 lhs, fn, arg1, arg2 =  ѓ c ѓ н 0
:123 lhs, fn, arg1, arg2 =  ѓ c ѓ н 0
:123 lhs, fn, arg1, arg2 =  є c U f 0
:123 lhs, fn, arg1, arg2 =  ѕ d є a 0
:123 lhs, fn, arg1, arg2 =  ѓ c ѓ ѕ 0
:123 lhs, fn, arg1, arg2 =  і c Я f 0
:123 lhs, fn, arg1, arg2 =  ї d і a 0
:123 lhs, fn, arg1, arg2 =  ѓ c ѓ ї 0
:123 lhs, fn, arg1, arg2 =  ј a ё ѓ 0
:123 lhs, fn, arg1, arg2 =  љ a a т 0
:123 lhs, fn, arg1, arg2 =  њ c ж ш 0
:123 lhs, fn, arg1, arg2 =  ћ c Ў i 0
:123 lhs, fn, arg1, arg2 =  ќ c ћ f 0
:123 lhs, fn, arg1, arg2 =  ѝ d ќ a 0
:123 lhs, fn, arg1, arg2 =  њ c њ ѝ 0
:123 lhs, fn, arg1, arg2 =  њ c њ e 0
:123 lhs, fn, arg1, arg2 =  ў c Џ f 0
:123 lhs, fn, arg1, arg2 =  џ d ў a 0
:123 lhs, fn, arg1, arg2 =  њ c њ џ 0
:123 lhs, fn, arg1, arg2 =  Ѡ d А a 0
:123 lhs, fn, arg1, arg2 =  њ c њ Ѡ 0
:123 lhs, fn, arg1, arg2 =  њ c њ ш 0
:123 lhs, fn, arg1, arg2 =  њ c њ ѝ 0
:123 lhs, fn, arg1, arg2 =  њ c њ f 0
:123 lhs, fn, arg1, arg2 =  њ c њ џ 0
:123 lhs, fn, arg1, arg2 =  ѡ љ ш њ 0
:123 lhs, fn, arg1, arg2 =  Ѣ a a т 0
:123 lhs, fn, arg1, arg2 =  ѣ c ж ш 0
:123 lhs, fn, arg1, arg2 =  ѣ c ѣ ѝ 0
:123 lhs, fn, arg1, arg2 =  ѣ c ѣ e 0
:123 lhs, fn, arg1, arg2 =  ѣ c ѣ џ 0
:123 lhs, fn, arg1, arg2 =  Ѥ c Я k 0
:123 lhs, fn, arg1, arg2 =  ѥ d Ѥ a 0
:123 lhs, fn, arg1, arg2 =  ѣ c ѣ ѥ 0
:123 lhs, fn, arg1, arg2 =  ѣ c ѣ ш 0
:123 lhs, fn, arg1, arg2 =  ѣ c ѣ ѝ 0
:123 lhs, fn, arg1, arg2 =  ѣ c ѣ f 0
:123 lhs, fn, arg1, arg2 =  ѣ c ѣ џ 0
:123 lhs, fn, arg1, arg2 =  Ѧ Ѣ ш ѣ 0
:123 lhs, fn, arg1, arg2 =  ѧ c ц н 0
:123 lhs, fn, arg1, arg2 =  ѧ c ѧ ї 0
:123 lhs, fn, arg1, arg2 =  Ѩ d С a 0
:123 lhs, fn, arg1, arg2 =  ѧ c ѧ Ѩ 0
:123 lhs, fn, arg1, arg2 =  ѧ c ѧ к 0
:123 lhs, fn, arg1, arg2 =  ѧ c ѧ у 0
:123 lhs, fn, arg1, arg2 =  ѩ a ё ѧ 0
:123 lhs, fn, arg1, arg2 =  Ѫ c х м 0
:123 lhs, fn, arg1, arg2 =  ѫ d р a 0
:123 lhs, fn, arg1, arg2 =  Ѫ c Ѫ ѫ 0
:123 lhs, fn, arg1, arg2 =  Ѫ c Ѫ к 0
:123 lhs, fn, arg1, arg2 =  Ѭ d Y a 0
:123 lhs, fn, arg1, arg2 =  Ѫ c Ѫ Ѭ 0
:123 lhs, fn, arg1, arg2 =  Ѫ c Ѫ и 0
:123 lhs, fn, arg1, arg2 =  ѭ a ѩ Ѫ 0
:123 lhs, fn, arg1, arg2 =  Ѯ c я ю 0
:123 lhs, fn, arg1, arg2 =  ѯ d Н a 0
:123 lhs, fn, arg1, arg2 =  Ѯ c Ѯ ѯ 0
:123 lhs, fn, arg1, arg2 =  Ѯ c Ѯ и 0
:123 lhs, fn, arg1, arg2 =  Ѯ c Ѯ х 0
:123 lhs, fn, arg1, arg2 =  Ѯ c Ѯ к 0
:123 lhs, fn, arg1, arg2 =  Ѱ a ѭ Ѯ 0
:123 lhs, fn, arg1, arg2 =  ѱ d V a 0
:123 lhs, fn, arg1, arg2 =  Ѳ c х ѱ 0
:123 lhs, fn, arg1, arg2 =  Ѳ c Ѳ ѕ 0
:123 lhs, fn, arg1, arg2 =  ѳ c N o 0
:123 lhs, fn, arg1, arg2 =  Ѵ c ѳ k 0
:123 lhs, fn, arg1, arg2 =  ѵ c Ѵ f 0
:123 lhs, fn, arg1, arg2 =  Ѷ d ѵ a 0
:123 lhs, fn, arg1, arg2 =  Ѳ c Ѳ Ѷ 0
:123 lhs, fn, arg1, arg2 =  Ѳ c Ѳ i 0
:123 lhs, fn, arg1, arg2 =  Ѳ c Ѳ l 0
:123 lhs, fn, arg1, arg2 =  Ѳ c Ѳ m 0
:123 lhs, fn, arg1, arg2 =  ѷ ј Ѳ g 0
:123 lhs, fn, arg1, arg2 =  Ѹ ј ѭ ѷ 0
:123 lhs, fn, arg1, arg2 =  ѹ b Ѱ Ѹ 0
:123 lhs, fn, arg1, arg2 =  Ѻ c X f 0
:123 lhs, fn, arg1, arg2 =  ѻ d Ѻ a 0
:123 lhs, fn, arg1, arg2 =  ѻ c ѻ ю 0
:123 lhs, fn, arg1, arg2 =  ѻ c ѻ о 0
:123 lhs, fn, arg1, arg2 =  ѻ c ѻ к 0
:123 lhs, fn, arg1, arg2 =  ѻ c ѻ o 0
:123 lhs, fn, arg1, arg2 =  Ѽ d ђ a 0
:123 lhs, fn, arg1, arg2 =  ѻ c ѻ Ѽ 0
:123 lhs, fn, arg1, arg2 =  ѻ c ѻ н 0
:123 lhs, fn, arg1, arg2 =  ѻ c ѻ н 0
:123 lhs, fn, arg1, arg2 =  ѻ c ѻ ѕ 0
:123 lhs, fn, arg1, arg2 =  ѻ c ѻ ї 0
:123 lhs, fn, arg1, arg2 =  ѽ a ё ѻ 0
:123 lhs, fn, arg1, arg2 =  Ѿ ѽ ѹ ш 0
:123 lhs, fn, arg1, arg2 =  ѿ c e e 0
:123 lhs, fn, arg1, arg2 =  Ҁ c e e 0
:123 lhs, fn, arg1, arg2 =  ҁ c e e 0
:123 lhs, fn, arg1, arg2 =  ҂ c e e 0
:123 lhs, fn, arg1, arg2 =  ѿ a Ѿ e 0
:123 lhs, fn, arg1, arg2 =  Ҁ ј ѿ T 0
:123 lhs, fn, arg1, arg2 =  ҂ ѡ Ҁ ш 0
:123 lhs, fn, arg1, arg2 =  ҁ ј h ҂ 0
:123 lhs, fn, arg1, arg2 =  h Ѧ ҁ ш 0
:123 lhs, fn, arg1, arg2 =  ѿ a Ѿ f 44
:123 lhs, fn, arg1, arg2 =  Ҁ ј ѿ V 44
:123 lhs, fn, arg1, arg2 =  ҂ ѡ Ҁ ш 44
:123 lhs, fn, arg1, arg2 =  ҁ ј h ҂ 44
:123 lhs, fn, arg1, arg2 =  h Ѧ ҁ ш 44
:123 lhs, fn, arg1, arg2 =  ѿ a Ѿ i 255
:123 lhs, fn, arg1, arg2 =  Ҁ ј ѿ U 255
:123 lhs, fn, arg1, arg2 =  ҂ ѡ Ҁ ш 255
:123 lhs, fn, arg1, arg2 =  ҁ ј h ҂ 255
:123 lhs, fn, arg1, arg2 =  h Ѧ ҁ ш 255
:123 lhs, fn, arg1, arg2 =  ѿ a Ѿ j 255
:123 lhs, fn, arg1, arg2 =  Ҁ ј ѿ X 255
:123 lhs, fn, arg1, arg2 =  ҂ ѡ Ҁ ш 255
:123 lhs, fn, arg1, arg2 =  ҁ ј h ҂ 255
:123 lhs, fn, arg1, arg2 =  h Ѧ ҁ ш 255
:123 lhs, fn, arg1, arg2 =  ѿ a Ѿ k 255
:123 lhs, fn, arg1, arg2 =  Ҁ ј ѿ Ё 255
:123 lhs, fn, arg1, arg2 =  ҂ ѡ Ҁ ш 255
:123 lhs, fn, arg1, arg2 =  ҁ ј h ҂ 255
:123 lhs, fn, arg1, arg2 =  h Ѧ ҁ ш 255
:123 lhs, fn, arg1, arg2 =  ѿ a Ѿ l 255
:123 lhs, fn, arg1, arg2 =  Ҁ ј ѿ F 255
:123 lhs, fn, arg1, arg2 =  ҂ ѡ Ҁ ш 255
:123 lhs, fn, arg1, arg2 =  ҁ ј h ҂ 255
:123 lhs, fn, arg1, arg2 =  h Ѧ ҁ ш 255
:123 lhs, fn, arg1, arg2 =  ѿ a Ѿ m 255
:123 lhs, fn, arg1, arg2 =  Ҁ ј ѿ Є 255
:123 lhs, fn, arg1, arg2 =  ҂ ѡ Ҁ ш 255
:123 lhs, fn, arg1, arg2 =  ҁ ј h ҂ 255
:123 lhs, fn, arg1, arg2 =  h Ѧ ҁ ш 255
:123 lhs, fn, arg1, arg2 =  ѿ a Ѿ n 255
:123 lhs, fn, arg1, arg2 =  Ҁ ј ѿ Љ 255
:123 lhs, fn, arg1, arg2 =  ҂ ѡ Ҁ ш 255
:123 lhs, fn, arg1, arg2 =  ҁ ј h ҂ 255
:123 lhs, fn, arg1, arg2 =  h Ѧ ҁ ш 255
:123 lhs, fn, arg1, arg2 =  ѿ a Ѿ o 255
:123 lhs, fn, arg1, arg2 =  Ҁ ј ѿ Є 255
:123 lhs, fn, arg1, arg2 =  ҂ ѡ Ҁ ш 255
:123 lhs, fn, arg1, arg2 =  ҁ ј h ҂ 255
:123 lhs, fn, arg1, arg2 =  h Ѧ ҁ ш 255
:123 lhs, fn, arg1, arg2 =  ѿ a Ѿ p 255
:123 lhs, fn, arg1, arg2 =  Ҁ ј ѿ Ћ 255
:123 lhs, fn, arg1, arg2 =  ҂ ѡ Ҁ ш 255
:123 lhs, fn, arg1, arg2 =  ҁ ј h ҂ 255
:123 lhs, fn, arg1, arg2 =  h Ѧ ҁ ш 255
:123 lhs, fn, arg1, arg2 =  ѿ a Ѿ q 255
:123 lhs, fn, arg1, arg2 =  Ҁ ј ѿ Ѝ 255
:123 lhs, fn, arg1, arg2 =  ҂ ѡ Ҁ ш 255
:123 lhs, fn, arg1, arg2 =  ҁ ј h ҂ 255
:123 lhs, fn, arg1, arg2 =  h Ѧ ҁ ш 255
:123 lhs, fn, arg1, arg2 =  ѿ a Ѿ r 255
:123 lhs, fn, arg1, arg2 =  Ҁ ј ѿ А 255
:123 lhs, fn, arg1, arg2 =  ҂ ѡ Ҁ ш 255
:123 lhs, fn, arg1, arg2 =  ҁ ј h ҂ 255
:123 lhs, fn, arg1, arg2 =  h Ѧ ҁ ш 255
:123 lhs, fn, arg1, arg2 =  ѿ a Ѿ s 255
:123 lhs, fn, arg1, arg2 =  Ҁ ј ѿ F 255
:123 lhs, fn, arg1, arg2 =  ҂ ѡ Ҁ ш 255
:123 lhs, fn, arg1, arg2 =  ҁ ј h ҂ 255
:123 lhs, fn, arg1, arg2 =  h Ѧ ҁ ш 255
:123 lhs, fn, arg1, arg2 =  ѿ a Ѿ t 255
:123 lhs, fn, arg1, arg2 =  Ҁ ј ѿ В 255
:123 lhs, fn, arg1, arg2 =  ҂ ѡ Ҁ ш 255
:123 lhs, fn, arg1, arg2 =  ҁ ј h ҂ 255
:123 lhs, fn, arg1, arg2 =  h Ѧ ҁ ш 255
:123 lhs, fn, arg1, arg2 =  ѿ a Ѿ u 255
:123 lhs, fn, arg1, arg2 =  Ҁ ј ѿ Д 255
:123 lhs, fn, arg1, arg2 =  ҂ ѡ Ҁ ш 255
:123 lhs, fn, arg1, arg2 =  ҁ ј h ҂ 255
:123 lhs, fn, arg1, arg2 =  h Ѧ ҁ ш 255
:123 lhs, fn, arg1, arg2 =  ѿ a Ѿ v 255
:123 lhs, fn, arg1, arg2 =  Ҁ ј ѿ З 255
:123 lhs, fn, arg1, arg2 =  ҂ ѡ Ҁ ш 255
:123 lhs, fn, arg1, arg2 =  ҁ ј h ҂ 255
:123 lhs, fn, arg1, arg2 =  h Ѧ ҁ ш 255
:123 lhs, fn, arg1, arg2 =  ѿ a Ѿ w 255
:123 lhs, fn, arg1, arg2 =  Ҁ ј ѿ К 255
:123 lhs, fn, arg1, arg2 =  ҂ ѡ Ҁ ш 255
:123 lhs, fn, arg1, arg2 =  ҁ ј h ҂ 255
:123 lhs, fn, arg1, arg2 =  h Ѧ ҁ ш 255
:123 lhs, fn, arg1, arg2 =  ѿ a Ѿ x 255
:123 lhs, fn, arg1, arg2 =  Ҁ ј ѿ Н 255
:123 lhs, fn, arg1, arg2 =  ҂ ѡ Ҁ ш 255
:123 lhs, fn, arg1, arg2 =  ҁ ј h ҂ 255
:123 lhs, fn, arg1, arg2 =  h Ѧ ҁ ш 255
:123 lhs, fn, arg1, arg2 =  ѿ a Ѿ y 255
:123 lhs, fn, arg1, arg2 =  Ҁ ј ѿ Р 255
:123 lhs, fn, arg1, arg2 =  ҂ ѡ Ҁ ш 255
:123 lhs, fn, arg1, arg2 =  ҁ ј h ҂ 255
:123 lhs, fn, arg1, arg2 =  h Ѧ ҁ ш 255
:123 lhs, fn, arg1, arg2 =  ѿ a Ѿ A 255
:123 lhs, fn, arg1, arg2 =  Ҁ ј ѿ Т 255
:123 lhs, fn, arg1, arg2 =  ҂ ѡ Ҁ ш 255
:123 lhs, fn, arg1, arg2 =  ҁ ј h ҂ 255
:123 lhs, fn, arg1, arg2 =  h Ѧ ҁ ш 255
:123 lhs, fn, arg1, arg2 =  ѿ a Ѿ B 255
:123 lhs, fn, arg1, arg2 =  Ҁ ј ѿ Ф 255
:123 lhs, fn, arg1, arg2 =  ҂ ѡ Ҁ ш 255
:123 lhs, fn, arg1, arg2 =  ҁ ј h ҂ 255
:123 lhs, fn, arg1, arg2 =  h Ѧ ҁ ш 255
:123 lhs, fn, arg1, arg2 =  ѿ a Ѿ C 255
:123 lhs, fn, arg1, arg2 =  Ҁ ј ѿ W 255
:123 lhs, fn, arg1, arg2 =  ҂ ѡ Ҁ ш 255
:123 lhs, fn, arg1, arg2 =  ҁ ј h ҂ 255
:123 lhs, fn, arg1, arg2 =  h Ѧ ҁ ш 255
:123 lhs, fn, arg1, arg2 =  ѿ a Ѿ D 255
:123 lhs, fn, arg1, arg2 =  Ҁ ј ѿ Х 255
:123 lhs, fn, arg1, arg2 =  ҂ ѡ Ҁ ш 255
:123 lhs, fn, arg1, arg2 =  ҁ ј h ҂ 255
:123 lhs, fn, arg1, arg2 =  h Ѧ ҁ ш 255
:123 lhs, fn, arg1, arg2 =  ѿ a Ѿ E 255
:123 lhs, fn, arg1, arg2 =  Ҁ ј ѿ Ъ 255
:123 lhs, fn, arg1, arg2 =  ҂ ѡ Ҁ ш 255
:123 lhs, fn, arg1, arg2 =  ҁ ј h ҂ 255
:123 lhs, fn, arg1, arg2 =  h Ѧ ҁ ш 255
:123 lhs, fn, arg1, arg2 =  ѿ a Ѿ F 255
:123 lhs, fn, arg1, arg2 =  Ҁ ј ѿ Ь 255
:123 lhs, fn, arg1, arg2 =  ҂ ѡ Ҁ ш 255
:123 lhs, fn, arg1, arg2 =  ҁ ј h ҂ 255
:123 lhs, fn, arg1, arg2 =  h Ѧ ҁ ш 255
:123 lhs, fn, arg1, arg2 =  ѿ a Ѿ G 255
:123 lhs, fn, arg1, arg2 =  Ҁ ј ѿ Ю 255
:123 lhs, fn, arg1, arg2 =  ҂ ѡ Ҁ ш 255
:123 lhs, fn, arg1, arg2 =  ҁ ј h ҂ 255
:123 lhs, fn, arg1, arg2 =  h Ѧ ҁ ш 255
:123 lhs, fn, arg1, arg2 =  ѿ a Ѿ H 255
:123 lhs, fn, arg1, arg2 =  Ҁ ј ѿ а 255
:123 lhs, fn, arg1, arg2 =  ҂ ѡ Ҁ ш 255
:123 lhs, fn, arg1, arg2 =  ҁ ј h ҂ 255
:123 lhs, fn, arg1, arg2 =  h Ѧ ҁ ш 255
:123 lhs, fn, arg1, arg2 =  ѿ a Ѿ I 255
:123 lhs, fn, arg1, arg2 =  Ҁ ј ѿ e 255
:123 lhs, fn, arg1, arg2 =  ҂ ѡ Ҁ ш 255
:123 lhs, fn, arg1, arg2 =  ҁ ј h ҂ 255
:123 lhs, fn, arg1, arg2 =  h Ѧ ҁ ш 255
:123 lhs, fn, arg1, arg2 =  ѿ a Ѿ J 255
:123 lhs, fn, arg1, arg2 =  Ҁ ј ѿ б 255
:123 lhs, fn, arg1, arg2 =  ҂ ѡ Ҁ ш 255
:123 lhs, fn, arg1, arg2 =  ҁ ј h ҂ 255
:123 lhs, fn, arg1, arg2 =  h Ѧ ҁ ш 255
:123 lhs, fn, arg1, arg2 =  ѿ a Ѿ K 255
:123 lhs, fn, arg1, arg2 =  Ҁ ј ѿ в 255
:123 lhs, fn, arg1, arg2 =  ҂ ѡ Ҁ ш 255
:123 lhs, fn, arg1, arg2 =  ҁ ј h ҂ 255
:123 lhs, fn, arg1, arg2 =  h Ѧ ҁ ш 255
:123 lhs, fn, arg1, arg2 =  ѿ a Ѿ L 255
:123 lhs, fn, arg1, arg2 =  Ҁ ј ѿ K 255
:123 lhs, fn, arg1, arg2 =  ҂ ѡ Ҁ ш 255
:123 lhs, fn, arg1, arg2 =  ҁ ј h ҂ 255
:123 lhs, fn, arg1, arg2 =  h Ѧ ҁ ш 255
:123 lhs, fn, arg1, arg2 =  ѿ a Ѿ M 255
:123 lhs, fn, arg1, arg2 =  Ҁ ј ѿ е 255
:123 lhs, fn, arg1, arg2 =  ҂ ѡ Ҁ ш 255
:123 lhs, fn, arg1, arg2 =  ҁ ј h ҂ 255
:123 lhs, fn, arg1, arg2 =  h Ѧ ҁ ш 255
:123 lhs, fn, arg1, arg2 =  ѐ c e e 255
:123 lhs, fn, arg1, arg2 =  ё c e e 255
:123 lhs, fn, arg1, arg2 =  ѓ c e e 255
:123 lhs, fn, arg1, arg2 =  ј c e e 255
:123 lhs, fn, arg1, arg2 =  љ c e e 255
:123 lhs, fn, arg1, arg2 =  њ c e e 255
:123 lhs, fn, arg1, arg2 =  ѡ c e e 255
:123 lhs, fn, arg1, arg2 =  Ѣ c e e 255
:123 lhs, fn, arg1, arg2 =  ѣ c e e 255
:123 lhs, fn, arg1, arg2 =  Ѧ c e e 255
:123 lhs, fn, arg1, arg2 =  ѧ c e e 255
:123 lhs, fn, arg1, arg2 =  ѩ c e e 255
:123 lhs, fn, arg1, arg2 =  Ѫ c e e 255
:123 lhs, fn, arg1, arg2 =  ѭ c e e 255
:123 lhs, fn, arg1, arg2 =  Ѯ c e e 255
:123 lhs, fn, arg1, arg2 =  Ѱ c e e 255
:123 lhs, fn, arg1, arg2 =  Ѳ c e e 255
:123 lhs, fn, arg1, arg2 =  ѷ c e e 255
:123 lhs, fn, arg1, arg2 =  Ѹ c e e 255
:123 lhs, fn, arg1, arg2 =  ѹ c e e 255
:123 lhs, fn, arg1, arg2 =  ѻ c e e 255
:123 lhs, fn, arg1, arg2 =  ѽ c e e 255
:123 lhs, fn, arg1, arg2 =  Ѿ c e e 255
:123 lhs, fn, arg1, arg2 =  Ҁ c e e 255
:123 lhs, fn, arg1, arg2 =  ҁ c e e 255
:123 lhs, fn, arg1, arg2 =  ж c e e 255
:123 lhs, fn, arg1, arg2 =  т c e e 255
:123 lhs, fn, arg1, arg2 =  ч c e e 255
:123 lhs, fn, arg1, arg2 =  ь c e e 255
:141 {a: ƒ, b: ƒ, c: ƒ, d: ƒ, e: 0, …}
