:123 lhs, fn, arg1, arg2 =  i c f f 0
:124 lhs, fn, arg1, arg2 =  undefined (x,y) => x+y 1 1 0
:125 --------------------------------------------------------------------
:123 lhs, fn, arg1, arg2 =  j c i f 0
:124 lhs, fn, arg1, arg2 =  undefined (x,y) => x+y 2 1 0
:125 --------------------------------------------------------------------
:123 lhs, fn, arg1, arg2 =  k c i i 0
:124 lhs, fn, arg1, arg2 =  undefined (x,y) => x+y 2 2 0
:125 --------------------------------------------------------------------
:123 lhs, fn, arg1, arg2 =  l c k f 0
:124 lhs, fn, arg1, arg2 =  undefined (x,y) => x+y 4 1 0
:125 --------------------------------------------------------------------
:123 lhs, fn, arg1, arg2 =  m c k i 0
:124 lhs, fn, arg1, arg2 =  undefined (x,y) => x+y 4 2 0
:125 --------------------------------------------------------------------
:123 lhs, fn, arg1, arg2 =  n c m f 0
:124 lhs, fn, arg1, arg2 =  undefined (x,y) => x+y 6 1 0
:125 --------------------------------------------------------------------
:123 lhs, fn, arg1, arg2 =  o c k k 0
:124 lhs, fn, arg1, arg2 =  undefined (x,y) => x+y 4 4 0
:125 --------------------------------------------------------------------
:123 lhs, fn, arg1, arg2 =  p c o f 0
:124 lhs, fn, arg1, arg2 =  undefined  8 1 0
:125 --------------------------------------------------------------------
:123 lhs, fn, arg1, arg2 =  q c o i 0
:124 lhs, fn, arg1, arg2 =  undefined  8 2 0
:125 --------------------------------------------------------------------
:123 lhs, fn, arg1, arg2 =  r c q f 0
:124 lhs, fn, arg1, arg2 =  undefined  10 1 0
:125 --------------------------------------------------------------------
:123 lhs, fn, arg1, arg2 =  s c o k 0
:124 lhs, fn, arg1, arg2 =  undefined  8 4 0
:125 --------------------------------------------------------------------
:123 lhs, fn, arg1, arg2 =  t c s f 0
:124 lhs, fn, arg1, arg2 =  undefined  12 1 0
:125 --------------------------------------------------------------------
:123 lhs, fn, arg1, arg2 =  u c s i 0
:124 lhs, fn, arg1, arg2 =  undefined  12 2 0
:125 --------------------------------------------------------------------
:123 lhs, fn, arg1, arg2 =  v c u f 0
:124 lhs, fn, arg1, arg2 =  undefined  14 1 0
:125 --------------------------------------------------------------------
:123 lhs, fn, arg1, arg2 =  w c o o 0
:124 lhs, fn, arg1, arg2 =  undefined  8 8 0
:125 --------------------------------------------------------------------
:123 lhs, fn, arg1, arg2 =  x c w f 0
:124 lhs, fn, arg1, arg2 =  undefined  16 1 0
:125 --------------------------------------------------------------------
:123 lhs, fn, arg1, arg2 =  y c w i 0
:124 lhs, fn, arg1, arg2 =  undefined  16 2 0
:125 --------------------------------------------------------------------
:123 lhs, fn, arg1, arg2 =  A c y f 0
:124 lhs, fn, arg1, arg2 =  undefined  18 1 0
:125 --------------------------------------------------------------------
:123 lhs, fn, arg1, arg2 =  B c w k 0
:124 lhs, fn, arg1, arg2 =  undefined  16 4 0
:125 --------------------------------------------------------------------
:123 lhs, fn, arg1, arg2 =  C c B f 0
:124 lhs, fn, arg1, arg2 =  undefined  20 1 0
:125 --------------------------------------------------------------------
:123 lhs, fn, arg1, arg2 =  D c B i 0
:124 lhs, fn, arg1, arg2 =  undefined  20 2 0
:125 --------------------------------------------------------------------
:123 lhs, fn, arg1, arg2 =  E c D f 0
:124 lhs, fn, arg1, arg2 =  undefined  22 1 0
:125 --------------------------------------------------------------------
:123 lhs, fn, arg1, arg2 =  F c w o 0
:124 lhs, fn, arg1, arg2 =  undefined  16 8 0
:125 --------------------------------------------------------------------
:123 lhs, fn, arg1, arg2 =  G c F f 0
:124 lhs, fn, arg1, arg2 =  undefined  24 1 0
:125 --------------------------------------------------------------------
:123 lhs, fn, arg1, arg2 =  H c F i 0
:124 lhs, fn, arg1, arg2 =  undefined  24 2 0
:125 --------------------------------------------------------------------
:123 lhs, fn, arg1, arg2 =  I c H f 0
:124 lhs, fn, arg1, arg2 =  undefined  26 1 0
:125 --------------------------------------------------------------------
:123 lhs, fn, arg1, arg2 =  J c F k 0
:124 lhs, fn, arg1, arg2 =  undefined  24 4 0
:125 --------------------------------------------------------------------
:123 lhs, fn, arg1, arg2 =  K c J f 0
:124 lhs, fn, arg1, arg2 =  undefined  28 1 0
:125 --------------------------------------------------------------------
:123 lhs, fn, arg1, arg2 =  L c J i 0
:124 lhs, fn, arg1, arg2 =  undefined  28 2 0
:125 --------------------------------------------------------------------
:123 lhs, fn, arg1, arg2 =  M c L f 0
:124 lhs, fn, arg1, arg2 =  undefined  30 1 0
:125 --------------------------------------------------------------------
:123 lhs, fn, arg1, arg2 =  N c w w 0
:124 lhs, fn, arg1, arg2 =  undefined  16 16 0
:125 --------------------------------------------------------------------
:123 lhs, fn, arg1, arg2 =  O c N N 0
:124 lhs, fn, arg1, arg2 =  undefined  32 32 0
:125 --------------------------------------------------------------------
:123 lhs, fn, arg1, arg2 =  P c O O 0
:124 lhs, fn, arg1, arg2 =  undefined  64 64 0
:125 --------------------------------------------------------------------
:123 lhs, fn, arg1, arg2 =  Q c P O 0
:124 lhs, fn, arg1, arg2 =  undefined  128 64 0
:125 --------------------------------------------------------------------
:123 lhs, fn, arg1, arg2 =  R c Q N 0
:124 lhs, fn, arg1, arg2 =  undefined  192 32 0
:125 --------------------------------------------------------------------
:123 lhs, fn, arg1, arg2 =  S c R k 0
:124 lhs, fn, arg1, arg2 =  undefined  224 4 0
:125 --------------------------------------------------------------------
:123 lhs, fn, arg1, arg2 =  T c S i 0
:124 lhs, fn, arg1, arg2 =  undefined  228 2 0
:125 --------------------------------------------------------------------
:123 lhs, fn, arg1, arg2 =  U c O N 0
:124 lhs, fn, arg1, arg2 =  undefined  64 32 0
:125 --------------------------------------------------------------------
:123 lhs, fn, arg1, arg2 =  V c U o 0
:124 lhs, fn, arg1, arg2 =  undefined  96 8 0
:125 --------------------------------------------------------------------
:123 lhs, fn, arg1, arg2 =  W c O w 0
:124 lhs, fn, arg1, arg2 =  undefined  64 16 0
:125 --------------------------------------------------------------------
:123 lhs, fn, arg1, arg2 =  X c W k 0
:124 lhs, fn, arg1, arg2 =  undefined  80 4 0
:125 --------------------------------------------------------------------
:123 lhs, fn, arg1, arg2 =  Y c V k 0
:124 lhs, fn, arg1, arg2 =  undefined  104 4 0
:125 --------------------------------------------------------------------
:123 lhs, fn, arg1, arg2 =  Ѐ c Y i 0
:124 lhs, fn, arg1, arg2 =  undefined  108 2 0
:125 --------------------------------------------------------------------
:123 lhs, fn, arg1, arg2 =  Ё c Ѐ f 0
:124 lhs, fn, arg1, arg2 =  undefined  110 1 0
:125 --------------------------------------------------------------------
:123 lhs, fn, arg1, arg2 =  Ђ c Q o 0
:124 lhs, fn, arg1, arg2 =  undefined  192 8 0
:125 --------------------------------------------------------------------
:123 lhs, fn, arg1, arg2 =  Ѓ c Ђ k 0
:124 lhs, fn, arg1, arg2 =  undefined  200 4 0
:125 --------------------------------------------------------------------
:123 lhs, fn, arg1, arg2 =  Є c Ѓ f 0
:124 lhs, fn, arg1, arg2 =  undefined  204 1 0
:125 --------------------------------------------------------------------
:123 lhs, fn, arg1, arg2 =  Ѕ c P N 0
:124 lhs, fn, arg1, arg2 =  undefined  128 32 0
:125 --------------------------------------------------------------------
:123 lhs, fn, arg1, arg2 =  І c Ѕ w 0
:124 lhs, fn, arg1, arg2 =  undefined  160 16 0
:125 --------------------------------------------------------------------
:123 lhs, fn, arg1, arg2 =  Ї c І o 0
:124 lhs, fn, arg1, arg2 =  undefined  176 8 0
:125 --------------------------------------------------------------------
:123 lhs, fn, arg1, arg2 =  Ј c Ї i 0
:124 lhs, fn, arg1, arg2 =  undefined  184 2 0
:125 --------------------------------------------------------------------
:123 lhs, fn, arg1, arg2 =  Љ c Ј f 0
:124 lhs, fn, arg1, arg2 =  undefined  186 1 0
:125 --------------------------------------------------------------------
:123 lhs, fn, arg1, arg2 =  Њ c P k 0
:124 lhs, fn, arg1, arg2 =  undefined  128 4 0
:125 --------------------------------------------------------------------
:123 lhs, fn, arg1, arg2 =  Ћ c Њ i 0
:124 lhs, fn, arg1, arg2 =  undefined  132 2 0
:125 --------------------------------------------------------------------
:123 lhs, fn, arg1, arg2 =  Ќ c І i 0
:124 lhs, fn, arg1, arg2 =  undefined  176 2 0
:125 --------------------------------------------------------------------
:123 lhs, fn, arg1, arg2 =  Ѝ c Ќ f 0
:124 lhs, fn, arg1, arg2 =  undefined  178 1 0
:125 --------------------------------------------------------------------
:123 lhs, fn, arg1, arg2 =  Ў c W o 0
:124 lhs, fn, arg1, arg2 =  undefined  80 8 0
:125 --------------------------------------------------------------------
:123 lhs, fn, arg1, arg2 =  Џ c Ў k 0
:124 lhs, fn, arg1, arg2 =  undefined  88 4 0
:125 --------------------------------------------------------------------
:123 lhs, fn, arg1, arg2 =  А c Џ i 0
:124 lhs, fn, arg1, arg2 =  undefined  92 2 0
:125 --------------------------------------------------------------------
:123 lhs, fn, arg1, arg2 =  Б c І k 0
:124 lhs, fn, arg1, arg2 =  undefined  176 4 0
:125 --------------------------------------------------------------------
:123 lhs, fn, arg1, arg2 =  В c Б f 0
:124 lhs, fn, arg1, arg2 =  undefined  180 1 0
:125 --------------------------------------------------------------------
:123 lhs, fn, arg1, arg2 =  Г c N k 0
:124 lhs, fn, arg1, arg2 =  undefined  32 4 0
:125 --------------------------------------------------------------------
:123 lhs, fn, arg1, arg2 =  Д c Г f 0
:124 lhs, fn, arg1, arg2 =  undefined  36 1 0
:125 --------------------------------------------------------------------
:123 lhs, fn, arg1, arg2 =  Е c Ї k 0
:124 lhs, fn, arg1, arg2 =  undefined  184 4 0
:125 --------------------------------------------------------------------
:123 lhs, fn, arg1, arg2 =  Ж c Е i 0
:124 lhs, fn, arg1, arg2 =  undefined  188 2 0
:125 --------------------------------------------------------------------
:123 lhs, fn, arg1, arg2 =  З c Ж f 0
:124 lhs, fn, arg1, arg2 =  undefined  190 1 0
:125 --------------------------------------------------------------------
:123 lhs, fn, arg1, arg2 =  И c R w 0
:124 lhs, fn, arg1, arg2 =  undefined  224 16 0
:125 --------------------------------------------------------------------
:123 lhs, fn, arg1, arg2 =  Й c И o 0
:124 lhs, fn, arg1, arg2 =  undefined  240 8 0
:125 --------------------------------------------------------------------
:123 lhs, fn, arg1, arg2 =  К c Й k 0
:124 lhs, fn, arg1, arg2 =  undefined  248 4 0
:125 --------------------------------------------------------------------
:123 lhs, fn, arg1, arg2 =  Л c U k 0
:124 lhs, fn, arg1, arg2 =  undefined  96 4 0
:125 --------------------------------------------------------------------
:123 lhs, fn, arg1, arg2 =  М c Л i 0
:124 lhs, fn, arg1, arg2 =  undefined  100 2 0
:125 --------------------------------------------------------------------
:123 lhs, fn, arg1, arg2 =  Н c М f 0
:124 lhs, fn, arg1, arg2 =  undefined  102 1 0
:125 --------------------------------------------------------------------
:123 lhs, fn, arg1, arg2 =  О c И k 0
:124 lhs, fn, arg1, arg2 =  undefined  240 4 0
:125 --------------------------------------------------------------------
:123 lhs, fn, arg1, arg2 =  П c О i 0
:124 lhs, fn, arg1, arg2 =  undefined  244 2 0
:125 --------------------------------------------------------------------
:123 lhs, fn, arg1, arg2 =  Р c П f 0
:124 lhs, fn, arg1, arg2 =  undefined  246 1 0
:125 --------------------------------------------------------------------
:123 lhs, fn, arg1, arg2 =  С c U w 0
:124 lhs, fn, arg1, arg2 =  undefined  96 16 0
:125 --------------------------------------------------------------------
:123 lhs, fn, arg1, arg2 =  Т c С i 0
:124 lhs, fn, arg1, arg2 =  undefined  112 2 0
:125 --------------------------------------------------------------------
:123 lhs, fn, arg1, arg2 =  У c Q k 0
:124 lhs, fn, arg1, arg2 =  undefined  192 4 0
:125 --------------------------------------------------------------------
:123 lhs, fn, arg1, arg2 =  Ф c У i 0
:124 lhs, fn, arg1, arg2 =  undefined  196 2 0
:125 --------------------------------------------------------------------
:123 lhs, fn, arg1, arg2 =  Х c Ѓ i 0
:124 lhs, fn, arg1, arg2 =  undefined  204 2 0
:125 --------------------------------------------------------------------
:123 lhs, fn, arg1, arg2 =  Ц c Q w 0
:124 lhs, fn, arg1, arg2 =  undefined  192 16 0
:125 --------------------------------------------------------------------
:123 lhs, fn, arg1, arg2 =  Ч c Ц o 0
:124 lhs, fn, arg1, arg2 =  undefined  208 8 0
:125 --------------------------------------------------------------------
:123 lhs, fn, arg1, arg2 =  Ш c Ч k 0
:124 lhs, fn, arg1, arg2 =  undefined  216 4 0
:125 --------------------------------------------------------------------
:123 lhs, fn, arg1, arg2 =  Щ c Ш i 0
:124 lhs, fn, arg1, arg2 =  undefined  220 2 0
:125 --------------------------------------------------------------------
:123 lhs, fn, arg1, arg2 =  Ъ c Щ f 0
:124 lhs, fn, arg1, arg2 =  undefined  222 1 0
:125 --------------------------------------------------------------------
:123 lhs, fn, arg1, arg2 =  Ы c R i 0
:124 lhs, fn, arg1, arg2 =  undefined  224 2 0
:125 --------------------------------------------------------------------
:123 lhs, fn, arg1, arg2 =  Ь c Ы f 0
:124 lhs, fn, arg1, arg2 =  undefined  226 1 0
:125 --------------------------------------------------------------------
:123 lhs, fn, arg1, arg2 =  Э c К i 0
:124 lhs, fn, arg1, arg2 =  undefined  252 2 0
:125 --------------------------------------------------------------------
:123 lhs, fn, arg1, arg2 =  Ю c Э f 0
:124 lhs, fn, arg1, arg2 =  undefined  254 1 0
:125 --------------------------------------------------------------------
:123 lhs, fn, arg1, arg2 =  Я c С o 0
:124 lhs, fn, arg1, arg2 =  undefined  112 8 0
:125 --------------------------------------------------------------------
:123 lhs, fn, arg1, arg2 =  а c Я i 0
:124 lhs, fn, arg1, arg2 =  undefined  120 2 0
:125 --------------------------------------------------------------------
:123 lhs, fn, arg1, arg2 =  б c Г i 0
:124 lhs, fn, arg1, arg2 =  undefined  36 2 0
:125 --------------------------------------------------------------------
:123 lhs, fn, arg1, arg2 =  в c Й i 0
:124 lhs, fn, arg1, arg2 =  undefined  248 2 0
:125 --------------------------------------------------------------------
:123 lhs, fn, arg1, arg2 =  г c R o 0
:124 lhs, fn, arg1, arg2 =  undefined  224 8 0
:125 --------------------------------------------------------------------
:123 lhs, fn, arg1, arg2 =  д c г k 0
:124 lhs, fn, arg1, arg2 =  undefined  232 4 0
:125 --------------------------------------------------------------------
:123 lhs, fn, arg1, arg2 =  е c д i 0
:124 lhs, fn, arg1, arg2 =  undefined  236 2 0
:125 --------------------------------------------------------------------
:123 lhs, fn, arg1, arg2 =  ж d Т a 0
:124 lhs, fn, arg1, arg2 =  undefined  114  0
:125 --------------------------------------------------------------------
:123 lhs, fn, arg1, arg2 =  з c Л f 0
:124 lhs, fn, arg1, arg2 =  undefined  100 1 0
:125 --------------------------------------------------------------------
:123 lhs, fn, arg1, arg2 =  и d з a 0
:124 lhs, fn, arg1, arg2 =  undefined  101  0
:125 --------------------------------------------------------------------
:123 lhs, fn, arg1, arg2 =  ж c ж и 0
:124 lhs, fn, arg1, arg2 =  r  r e 0
:125 --------------------------------------------------------------------
:123 lhs, fn, arg1, arg2 =  й c С k 0
:124 lhs, fn, arg1, arg2 =  undefined  112 4 0
:125 --------------------------------------------------------------------
:123 lhs, fn, arg1, arg2 =  к d й a 0
:124 lhs, fn, arg1, arg2 =  undefined  116  0
:125 --------------------------------------------------------------------
:123 lhs, fn, arg1, arg2 =  ж c ж к 0
:124 lhs, fn, arg1, arg2 =  re  re t 0
:125 --------------------------------------------------------------------
:123 lhs, fn, arg1, arg2 =  л c й f 0
:124 lhs, fn, arg1, arg2 =  undefined  116 1 0
:125 --------------------------------------------------------------------
:123 lhs, fn, arg1, arg2 =  м d л a 0
:124 lhs, fn, arg1, arg2 =  undefined  117  0
:125 --------------------------------------------------------------------
:123 lhs, fn, arg1, arg2 =  ж c ж м 0
:124 lhs, fn, arg1, arg2 =  ret  ret u 0
:125 --------------------------------------------------------------------
:123 lhs, fn, arg1, arg2 =  н d Т a 0
:124 lhs, fn, arg1, arg2 =  undefined  114  0
:125 --------------------------------------------------------------------
:123 lhs, fn, arg1, arg2 =  ж c ж н 0
:124 lhs, fn, arg1, arg2 =  retu  retu r 0
:125 --------------------------------------------------------------------
:123 lhs, fn, arg1, arg2 =  о d Ѐ a 0
:124 lhs, fn, arg1, arg2 =  undefined  110  0
:125 --------------------------------------------------------------------
:123 lhs, fn, arg1, arg2 =  ж c ж о 0
:124 lhs, fn, arg1, arg2 =  retur  retur n 0
:125 --------------------------------------------------------------------
:123 lhs, fn, arg1, arg2 =  п d N a 0
:124 lhs, fn, arg1, arg2 =  undefined  32  0
:125 --------------------------------------------------------------------
:123 lhs, fn, arg1, arg2 =  ж c ж п 0
:124 lhs, fn, arg1, arg2 =  return  return   0
:125 --------------------------------------------------------------------
:123 lhs, fn, arg1, arg2 =  р c U i 0
:124 lhs, fn, arg1, arg2 =  undefined  96 2 0
:125 --------------------------------------------------------------------
:123 lhs, fn, arg1, arg2 =  с c р f 0
:124 lhs, fn, arg1, arg2 =  undefined  98 1 0
:125 --------------------------------------------------------------------
:123 lhs, fn, arg1, arg2 =  т d с a 0
:124 lhs, fn, arg1, arg2 =  undefined  99  0
:125 --------------------------------------------------------------------
:123 lhs, fn, arg1, arg2 =  у d Ё a 0
:124 lhs, fn, arg1, arg2 =  undefined  111  0
:125 --------------------------------------------------------------------
:123 lhs, fn, arg1, arg2 =  т c т у 0
:124 lhs, fn, arg1, arg2 =  c  c o 0
:125 --------------------------------------------------------------------
:123 lhs, fn, arg1, arg2 =  т c т о 0
:124 lhs, fn, arg1, arg2 =  co  co n 0
:125 --------------------------------------------------------------------
:123 lhs, fn, arg1, arg2 =  ф c Т f 0
:124 lhs, fn, arg1, arg2 =  undefined  114 1 0
:125 --------------------------------------------------------------------
:123 lhs, fn, arg1, arg2 =  х d ф a 0
:124 lhs, fn, arg1, arg2 =  undefined  115  0
:125 --------------------------------------------------------------------
:123 lhs, fn, arg1, arg2 =  т c т х 0
:124 lhs, fn, arg1, arg2 =  con  con s 0
:125 --------------------------------------------------------------------
:123 lhs, fn, arg1, arg2 =  т c т к 0
:124 lhs, fn, arg1, arg2 =  cons  cons t 0
:125 --------------------------------------------------------------------
:123 lhs, fn, arg1, arg2 =  т c т н 0
:124 lhs, fn, arg1, arg2 =  const  const r 0
:125 --------------------------------------------------------------------
:123 lhs, fn, arg1, arg2 =  т c т м 0
:124 lhs, fn, arg1, arg2 =  constr  constr u 0
:125 --------------------------------------------------------------------
:123 lhs, fn, arg1, arg2 =  ц d с a 0
:124 lhs, fn, arg1, arg2 =  undefined  99  0
:125 --------------------------------------------------------------------
:123 lhs, fn, arg1, arg2 =  т c т ц 0
:124 lhs, fn, arg1, arg2 =  constru  constru c 0
:125 --------------------------------------------------------------------
:123 lhs, fn, arg1, arg2 =  т c т к 0
:124 lhs, fn, arg1, arg2 =  construc  construc t 0
:125 --------------------------------------------------------------------
:123 lhs, fn, arg1, arg2 =  т c т у 0
:124 lhs, fn, arg1, arg2 =  construct  construct o 0
:125 --------------------------------------------------------------------
:123 lhs, fn, arg1, arg2 =  т c т н 0
:124 lhs, fn, arg1, arg2 =  constructo  constructo r 0
:125 --------------------------------------------------------------------
:123 lhs, fn, arg1, arg2 =  ч a a т 0
:124 lhs, fn, arg1, arg2 =  undefined   constructor 0
:125 --------------------------------------------------------------------
:123 lhs, fn, arg1, arg2 =  ш d Я a 0
:124 lhs, fn, arg1, arg2 =  undefined  120  0
:125 --------------------------------------------------------------------
:123 lhs, fn, arg1, arg2 =  щ c й i 0
:124 lhs, fn, arg1, arg2 =  undefined  116 2 0
:125 --------------------------------------------------------------------
:123 lhs, fn, arg1, arg2 =  ъ c щ f 0
:124 lhs, fn, arg1, arg2 =  undefined  118 1 0
:125 --------------------------------------------------------------------
:123 lhs, fn, arg1, arg2 =  ы d ъ a 0
:124 lhs, fn, arg1, arg2 =  undefined  119  0
:125 --------------------------------------------------------------------
:123 lhs, fn, arg1, arg2 =  ь c ж ы 0
:124 lhs, fn, arg1, arg2 =  undefined  return  w 0
:125 --------------------------------------------------------------------
:123 lhs, fn, arg1, arg2 =  э c V f 0
:124 lhs, fn, arg1, arg2 =  undefined  104 1 0
:125 --------------------------------------------------------------------
:123 lhs, fn, arg1, arg2 =  ю d э a 0
:124 lhs, fn, arg1, arg2 =  undefined  105  0
:125 --------------------------------------------------------------------
:123 lhs, fn, arg1, arg2 =  ь c ь ю 0
:124 lhs, fn, arg1, arg2 =  return w  return w i 0
:125 --------------------------------------------------------------------
:123 lhs, fn, arg1, arg2 =  ь c ь о 0
:124 lhs, fn, arg1, arg2 =  return wi  return wi n 0
:125 --------------------------------------------------------------------
:123 lhs, fn, arg1, arg2 =  я d Л a 0
:124 lhs, fn, arg1, arg2 =  undefined  100  0
:125 --------------------------------------------------------------------
:123 lhs, fn, arg1, arg2 =  ь c ь я 0
:124 lhs, fn, arg1, arg2 =  return win  return win d 0
:125 --------------------------------------------------------------------
:123 lhs, fn, arg1, arg2 =  ь c ь у 0
:124 lhs, fn, arg1, arg2 =  return wind  return wind o 0
:125 --------------------------------------------------------------------
:123 lhs, fn, arg1, arg2 =  ь c ь ы 0
:124 lhs, fn, arg1, arg2 =  return windo  return windo w 0
:125 --------------------------------------------------------------------
:123 lhs, fn, arg1, arg2 =  ѐ ч ш ь 0
:124 lhs, fn, arg1, arg2 =  undefined  x return window 0
:125 --------------------------------------------------------------------
:123 lhs, fn, arg1, arg2 =  ё ѐ ш ш 0
:124 lhs, fn, arg1, arg2 =  undefined  x x 0
:125 --------------------------------------------------------------------
:123 lhs, fn, arg1, arg2 =  ђ c O f 0
:124 lhs, fn, arg1, arg2 =  undefined  64 1 0
:125 --------------------------------------------------------------------
:123 lhs, fn, arg1, arg2 =  ѓ d ђ a 0
:124 lhs, fn, arg1, arg2 =  undefined  65  0
:125 --------------------------------------------------------------------
:123 lhs, fn, arg1, arg2 =  ѓ c ѓ н 0
:124 lhs, fn, arg1, arg2 =  A  A r 0
:125 --------------------------------------------------------------------
:123 lhs, fn, arg1, arg2 =  ѓ c ѓ н 0
:124 lhs, fn, arg1, arg2 =  Ar  Ar r 0
:125 --------------------------------------------------------------------
:123 lhs, fn, arg1, arg2 =  є c U f 0
:124 lhs, fn, arg1, arg2 =  undefined  96 1 0
:125 --------------------------------------------------------------------
:123 lhs, fn, arg1, arg2 =  ѕ d є a 0
:124 lhs, fn, arg1, arg2 =  undefined  97  0
:125 --------------------------------------------------------------------
:123 lhs, fn, arg1, arg2 =  ѓ c ѓ ѕ 0
:124 lhs, fn, arg1, arg2 =  Arr  Arr a 0
:125 --------------------------------------------------------------------
:123 lhs, fn, arg1, arg2 =  і c Я f 0
:124 lhs, fn, arg1, arg2 =  undefined  120 1 0
:125 --------------------------------------------------------------------
:123 lhs, fn, arg1, arg2 =  ї d і a 0
:124 lhs, fn, arg1, arg2 =  undefined  121  0
:125 --------------------------------------------------------------------
:123 lhs, fn, arg1, arg2 =  ѓ c ѓ ї 0
:124 lhs, fn, arg1, arg2 =  Arra  Arra y 0
:125 --------------------------------------------------------------------
:123 lhs, fn, arg1, arg2 =  ј a ё ѓ 0
:124 lhs, fn, arg1, arg2 =  undefined  Window {postMessage: ƒ, blur: ƒ, focus: ƒ, close: ƒ, frames: Window, …} Array 0
:125 --------------------------------------------------------------------
:123 lhs, fn, arg1, arg2 =  љ a a т 0
:124 lhs, fn, arg1, arg2 =  undefined   constructor 0
:125 --------------------------------------------------------------------
:123 lhs, fn, arg1, arg2 =  њ c ж ш 0
:124 lhs, fn, arg1, arg2 =  undefined  return  x 0
:125 --------------------------------------------------------------------
:123 lhs, fn, arg1, arg2 =  ћ c Ў i 0
:124 lhs, fn, arg1, arg2 =  undefined  88 2 0
:125 --------------------------------------------------------------------
:123 lhs, fn, arg1, arg2 =  ќ c ћ f 0
:124 lhs, fn, arg1, arg2 =  undefined  90 1 0
:125 --------------------------------------------------------------------
:123 lhs, fn, arg1, arg2 =  ѝ d ќ a 0
:124 lhs, fn, arg1, arg2 =  undefined  91  0
:125 --------------------------------------------------------------------
:123 lhs, fn, arg1, arg2 =  њ c њ ѝ 0
:124 lhs, fn, arg1, arg2 =  return x  return x [ 0
:125 --------------------------------------------------------------------
:123 lhs, fn, arg1, arg2 =  њ c њ e 0
:124 lhs, fn, arg1, arg2 =  return x[  return x[ 0 0
:125 --------------------------------------------------------------------
:123 lhs, fn, arg1, arg2 =  ў c Џ f 0
:124 lhs, fn, arg1, arg2 =  undefined  92 1 0
:125 --------------------------------------------------------------------
:123 lhs, fn, arg1, arg2 =  џ d ў a 0
:124 lhs, fn, arg1, arg2 =  undefined  93  0
:125 --------------------------------------------------------------------
:123 lhs, fn, arg1, arg2 =  њ c њ џ 0
:124 lhs, fn, arg1, arg2 =  return x[0 (x,y) => x+y return x[0 ] 0
:125 --------------------------------------------------------------------
:123 lhs, fn, arg1, arg2 =  Ѡ d А a 0
:124 lhs, fn, arg1, arg2 =  undefined (x) => String.fromCharCode(x) 94 (x,y) => x[y] 0
:125 --------------------------------------------------------------------
:123 lhs, fn, arg1, arg2 =  њ c њ Ѡ 0
:124 lhs, fn, arg1, arg2 =  return x[0] (x,y) => x+y return x[0] ^ 0
:125 --------------------------------------------------------------------
:123 lhs, fn, arg1, arg2 =  њ c њ ш 0
:124 lhs, fn, arg1, arg2 =  return x[0]^ (x,y) => x+y return x[0]^ x 0
:125 --------------------------------------------------------------------
:123 lhs, fn, arg1, arg2 =  њ c њ ѝ 0
:124 lhs, fn, arg1, arg2 =  return x[0]^x (x,y) => x+y return x[0]^x [ 0
:125 --------------------------------------------------------------------
:123 lhs, fn, arg1, arg2 =  њ c њ f 0
:124 lhs, fn, arg1, arg2 =  return x[0]^x[ (x,y) => x+y return x[0]^x[ 1 0
:125 --------------------------------------------------------------------
:123 lhs, fn, arg1, arg2 =  њ c њ џ 0
:124 lhs, fn, arg1, arg2 =  return x[0]^x[1 (x,y) => x+y return x[0]^x[1 ] 0
:125 --------------------------------------------------------------------
:123 lhs, fn, arg1, arg2 =  ѡ љ ш њ 0
:124 lhs, fn, arg1, arg2 =  undefined ƒ Function() { [native code] } x return x[0]^x[1] 0
:125 --------------------------------------------------------------------
:123 lhs, fn, arg1, arg2 =  Ѣ a a т 0
:124 lhs, fn, arg1, arg2 =  undefined (x,y) => x[y] (x,y) => x[y] constructor 0
:125 --------------------------------------------------------------------
:123 lhs, fn, arg1, arg2 =  ѣ c ж ш 0
:124 lhs, fn, arg1, arg2 =  undefined (x,y) => x+y return  x 0
:125 --------------------------------------------------------------------
:123 lhs, fn, arg1, arg2 =  ѣ c ѣ ѝ 0
:124 lhs, fn, arg1, arg2 =  return x (x,y) => x+y return x [ 0
:125 --------------------------------------------------------------------
:123 lhs, fn, arg1, arg2 =  ѣ c ѣ e 0
:124 lhs, fn, arg1, arg2 =  return x[ (x,y) => x+y return x[ 0 0
:125 --------------------------------------------------------------------
:123 lhs, fn, arg1, arg2 =  ѣ c ѣ џ 0
:124 lhs, fn, arg1, arg2 =  return x[0 (x,y) => x+y return x[0 ] 0
:125 --------------------------------------------------------------------
:123 lhs, fn, arg1, arg2 =  Ѥ c Я k 0
:124 lhs, fn, arg1, arg2 =  undefined (x,y) => x+y 120 4 0
:125 --------------------------------------------------------------------
:123 lhs, fn, arg1, arg2 =  ѥ d Ѥ a 0
:124 lhs, fn, arg1, arg2 =  undefined (x) => String.fromCharCode(x) 124 (x,y) => x[y] 0
:125 --------------------------------------------------------------------
:123 lhs, fn, arg1, arg2 =  ѣ c ѣ ѥ 0
:124 lhs, fn, arg1, arg2 =  return x[0] (x,y) => x+y return x[0] | 0
:125 --------------------------------------------------------------------
:123 lhs, fn, arg1, arg2 =  ѣ c ѣ ш 0
:124 lhs, fn, arg1, arg2 =  return x[0]| (x,y) => x+y return x[0]| x 0
:125 --------------------------------------------------------------------
:123 lhs, fn, arg1, arg2 =  ѣ c ѣ ѝ 0
:124 lhs, fn, arg1, arg2 =  return x[0]|x (x,y) => x+y return x[0]|x [ 0
:125 --------------------------------------------------------------------
:123 lhs, fn, arg1, arg2 =  ѣ c ѣ f 0
:124 lhs, fn, arg1, arg2 =  return x[0]|x[ (x,y) => x+y return x[0]|x[ 1 0
:125 --------------------------------------------------------------------
:123 lhs, fn, arg1, arg2 =  ѣ c ѣ џ 0
:124 lhs, fn, arg1, arg2 =  return x[0]|x[1 (x,y) => x+y return x[0]|x[1 ] 0
:125 --------------------------------------------------------------------
:123 lhs, fn, arg1, arg2 =  Ѧ Ѣ ш ѣ 0
:124 lhs, fn, arg1, arg2 =  undefined ƒ Function() { [native code] } x return x[0]|x[1] 0
:125 --------------------------------------------------------------------
:123 lhs, fn, arg1, arg2 =  ѧ c ц н 0
:124 lhs, fn, arg1, arg2 =  undefined (x,y) => x+y c r 0
:125 --------------------------------------------------------------------
:123 lhs, fn, arg1, arg2 =  ѧ c ѧ ї 0
:124 lhs, fn, arg1, arg2 =  cr (x,y) => x+y cr y 0
:125 --------------------------------------------------------------------
:123 lhs, fn, arg1, arg2 =  Ѩ d С a 0
:124 lhs, fn, arg1, arg2 =  undefined (x) => String.fromCharCode(x) 112 (x,y) => x[y] 0
:125 --------------------------------------------------------------------
:123 lhs, fn, arg1, arg2 =  ѧ c ѧ Ѩ 0
:124 lhs, fn, arg1, arg2 =  cry (x,y) => x+y cry p 0
:125 --------------------------------------------------------------------
:123 lhs, fn, arg1, arg2 =  ѧ c ѧ к 0
:124 lhs, fn, arg1, arg2 =  cryp  cryp t 0
:125 --------------------------------------------------------------------
:123 lhs, fn, arg1, arg2 =  ѧ c ѧ у 0
:124 lhs, fn, arg1, arg2 =  crypt  crypt o 0
:125 --------------------------------------------------------------------
:123 lhs, fn, arg1, arg2 =  ѩ a ё ѧ 0
:124 lhs, fn, arg1, arg2 =  undefined  Window {postMessage: ƒ, blur: ƒ, focus: ƒ, close: ƒ, frames: Window, …} crypto 0
:125 --------------------------------------------------------------------
:123 lhs, fn, arg1, arg2 =  Ѫ c х м 0
:124 lhs, fn, arg1, arg2 =  undefined  s u 0
:125 --------------------------------------------------------------------
:123 lhs, fn, arg1, arg2 =  ѫ d р a 0
:124 lhs, fn, arg1, arg2 =  undefined  98  0
:125 --------------------------------------------------------------------
:123 lhs, fn, arg1, arg2 =  Ѫ c Ѫ ѫ 0
:124 lhs, fn, arg1, arg2 =  su  su b 0
:125 --------------------------------------------------------------------
:123 lhs, fn, arg1, arg2 =  Ѫ c Ѫ к 0
:124 lhs, fn, arg1, arg2 =  sub  sub t 0
:125 --------------------------------------------------------------------
:123 lhs, fn, arg1, arg2 =  Ѭ d Y a 0
:124 lhs, fn, arg1, arg2 =  undefined  108  0
:125 --------------------------------------------------------------------
:123 lhs, fn, arg1, arg2 =  Ѫ c Ѫ Ѭ 0
:124 lhs, fn, arg1, arg2 =  subt  subt l 0
:125 --------------------------------------------------------------------
:123 lhs, fn, arg1, arg2 =  Ѫ c Ѫ и 0
:124 lhs, fn, arg1, arg2 =  subtl  subtl e 0
:125 --------------------------------------------------------------------
:123 lhs, fn, arg1, arg2 =  ѭ a ѩ Ѫ 0
:124 lhs, fn, arg1, arg2 =  undefined  Crypto {subtle: SubtleCrypto} subtle 0
:125 --------------------------------------------------------------------
:123 lhs, fn, arg1, arg2 =  Ѯ c я ю 0
:124 lhs, fn, arg1, arg2 =  undefined  d i 0
:125 --------------------------------------------------------------------
:123 lhs, fn, arg1, arg2 =  ѯ d Н a 0
:124 lhs, fn, arg1, arg2 =  undefined  103  0
:125 --------------------------------------------------------------------
:123 lhs, fn, arg1, arg2 =  Ѯ c Ѯ ѯ 0
:124 lhs, fn, arg1, arg2 =  di  di g 0
:125 --------------------------------------------------------------------
:123 lhs, fn, arg1, arg2 =  Ѯ c Ѯ и 0
:124 lhs, fn, arg1, arg2 =  dig (x,y) => x+y dig e 0
:125 --------------------------------------------------------------------
:123 lhs, fn, arg1, arg2 =  Ѯ c Ѯ х 0
:124 lhs, fn, arg1, arg2 =  dige (x,y) => x+y dige s 0
:125 --------------------------------------------------------------------
:123 lhs, fn, arg1, arg2 =  Ѯ c Ѯ к 0
:124 lhs, fn, arg1, arg2 =  diges (x,y) => x+y diges t 0
:125 --------------------------------------------------------------------
:123 lhs, fn, arg1, arg2 =  Ѱ a ѭ Ѯ 0
:124 lhs, fn, arg1, arg2 =  undefined (x,y) => x[y] SubtleCrypto {} digest 0
:125 --------------------------------------------------------------------
:123 lhs, fn, arg1, arg2 =  ѱ d V a 0
:124 lhs, fn, arg1, arg2 =  undefined (x) => String.fromCharCode(x) 104 (x,y) => x[y] 0
:125 --------------------------------------------------------------------
:123 lhs, fn, arg1, arg2 =  Ѳ c х ѱ 0
:124 lhs, fn, arg1, arg2 =  undefined (x,y) => x+y s h 0
:125 --------------------------------------------------------------------
:123 lhs, fn, arg1, arg2 =  Ѳ c Ѳ ѕ 0
:124 lhs, fn, arg1, arg2 =  sh (x,y) => x+y sh a 0
:125 --------------------------------------------------------------------
:123 lhs, fn, arg1, arg2 =  ѳ c N o 0
:124 lhs, fn, arg1, arg2 =  undefined (x,y) => x+y 32 8 0
:125 --------------------------------------------------------------------
:123 lhs, fn, arg1, arg2 =  Ѵ c ѳ k 0
:124 lhs, fn, arg1, arg2 =  undefined (x,y) => x+y 40 4 0
:125 --------------------------------------------------------------------
:123 lhs, fn, arg1, arg2 =  ѵ c Ѵ f 0
:124 lhs, fn, arg1, arg2 =  undefined (x,y) => x+y 44 1 0
:125 --------------------------------------------------------------------
:123 lhs, fn, arg1, arg2 =  Ѷ d ѵ a 0
:124 lhs, fn, arg1, arg2 =  undefined (x) => String.fromCharCode(x) 45 (x,y) => x[y] 0
:125 --------------------------------------------------------------------
:123 lhs, fn, arg1, arg2 =  Ѳ c Ѳ Ѷ 0
:124 lhs, fn, arg1, arg2 =  sha (x,y) => x+y sha - 0
:125 --------------------------------------------------------------------
:123 lhs, fn, arg1, arg2 =  Ѳ c Ѳ i 0
:124 lhs, fn, arg1, arg2 =  sha- (x,y) => x+y sha- 2 0
:125 --------------------------------------------------------------------
:123 lhs, fn, arg1, arg2 =  Ѳ c Ѳ l 0
:124 lhs, fn, arg1, arg2 =  sha-2 (x,y) => x+y sha-2 5 0
:125 --------------------------------------------------------------------
:123 lhs, fn, arg1, arg2 =  Ѳ c Ѳ m 0
:124 lhs, fn, arg1, arg2 =  sha-25 (x,y) => x+y sha-25 6 0
:125 --------------------------------------------------------------------
:123 lhs, fn, arg1, arg2 =  ѷ ј Ѳ g 0
:124 lhs, fn, arg1, arg2 =  undefined ƒ Array() { [native code] } sha-256 Uint8Array [84] 0
:125 --------------------------------------------------------------------
:123 lhs, fn, arg1, arg2 =  Ѹ ј ѭ ѷ 0
:124 lhs, fn, arg1, arg2 =  undefined ƒ Array() { [native code] } SubtleCrypto {} (2) ["sha-256", Uint8Array(1)] 0
:125 --------------------------------------------------------------------
:123 lhs, fn, arg1, arg2 =  ѹ b Ѱ Ѹ 0
:124 lhs, fn, arg1, arg2 =  undefined (x,y) => Function.constructor.apply.apply(x, y) ƒ digest() { [native code] } (2) [SubtleCrypto, Array(2)] 0
:125 --------------------------------------------------------------------
:123 lhs, fn, arg1, arg2 =  Ѻ c X f 0
:124 lhs, fn, arg1, arg2 =  undefined (x,y) => x+y 84 1 0
:125 --------------------------------------------------------------------
:123 lhs, fn, arg1, arg2 =  ѻ d Ѻ a 0
:124 lhs, fn, arg1, arg2 =  undefined (x) => String.fromCharCode(x) 85 (x,y) => x[y] 0
:125 --------------------------------------------------------------------
:123 lhs, fn, arg1, arg2 =  ѻ c ѻ ю 0
:124 lhs, fn, arg1, arg2 =  U (x,y) => x+y U i 0
:125 --------------------------------------------------------------------
:123 lhs, fn, arg1, arg2 =  ѻ c ѻ о 0
:124 lhs, fn, arg1, arg2 =  Ui (x,y) => x+y Ui n 0
:125 --------------------------------------------------------------------
:123 lhs, fn, arg1, arg2 =  ѻ c ѻ к 0
:124 lhs, fn, arg1, arg2 =  Uin (x,y) => x+y Uin t 0
:125 --------------------------------------------------------------------
:123 lhs, fn, arg1, arg2 =  ѻ c ѻ o 0
:124 lhs, fn, arg1, arg2 =  Uint (x,y) => x+y Uint 8 0
:125 --------------------------------------------------------------------
:123 lhs, fn, arg1, arg2 =  Ѽ d ђ a 0
:124 lhs, fn, arg1, arg2 =  undefined (x) => String.fromCharCode(x) 65 (x,y) => x[y] 0
:125 --------------------------------------------------------------------
:123 lhs, fn, arg1, arg2 =  ѻ c ѻ Ѽ 0
:124 lhs, fn, arg1, arg2 =  Uint8 (x,y) => x+y Uint8 A 0
:125 --------------------------------------------------------------------
:123 lhs, fn, arg1, arg2 =  ѻ c ѻ н 0
:124 lhs, fn, arg1, arg2 =  Uint8A (x,y) => x+y Uint8A r 0
:125 --------------------------------------------------------------------
:123 lhs, fn, arg1, arg2 =  ѻ c ѻ н 0
:124 lhs, fn, arg1, arg2 =  Uint8Ar (x,y) => x+y Uint8Ar r 0
:125 --------------------------------------------------------------------
:123 lhs, fn, arg1, arg2 =  ѻ c ѻ ѕ 0
:124 lhs, fn, arg1, arg2 =  Uint8Arr (x,y) => x+y Uint8Arr a 0
:125 --------------------------------------------------------------------
:123 lhs, fn, arg1, arg2 =  ѻ c ѻ ї 0
:124 lhs, fn, arg1, arg2 =  Uint8Arra (x,y) => x+y Uint8Arra y 0
:125 --------------------------------------------------------------------
:123 lhs, fn, arg1, arg2 =  ѽ a ё ѻ 0
:124 lhs, fn, arg1, arg2 =  undefined (x,y) => x[y] Window {postMessage: ƒ, blur: ƒ, focus: ƒ, close: ƒ, frames: Window, …} Uint8Array 0
:125 --------------------------------------------------------------------
:123 lhs, fn, arg1, arg2 =  Ѿ ѽ ѹ ш 0
:124 lhs, fn, arg1, arg2 =  undefined ƒ Uint8Array() { [native code] } ArrayBuffer(32) {} x 0
:125 --------------------------------------------------------------------
:123 lhs, fn, arg1, arg2 =  ѿ c e e 0
:124 lhs, fn, arg1, arg2 =  undefined (x,y) => x+y 0 0 0
:125 --------------------------------------------------------------------
:123 lhs, fn, arg1, arg2 =  Ҁ c e e 0
:124 lhs, fn, arg1, arg2 =  undefined (x,y) => x+y 0 0 0
:125 --------------------------------------------------------------------
:123 lhs, fn, arg1, arg2 =  ҁ c e e 0
:124 lhs, fn, arg1, arg2 =  undefined (x,y) => x+y 0 0 0
:125 --------------------------------------------------------------------
:123 lhs, fn, arg1, arg2 =  ҂ c e e 0
:124 lhs, fn, arg1, arg2 =  undefined (x,y) => x+y 0 0 0
:125 --------------------------------------------------------------------
:123 lhs, fn, arg1, arg2 =  ѿ a Ѿ e 0
:124 lhs, fn, arg1, arg2 =  0 (x,y) => x[y] Uint8Array(32) [230, 50, 183, 9, 91, 11, 243, 44, 38, 15, 164, 197, 57, 233, 253, 123, 133, 45, 13, 228, 84, 233, 190, 38, 242, 77, 13, 111, 145, 208, 105, 211] 0 0
:125 --------------------------------------------------------------------
:123 lhs, fn, arg1, arg2 =  Ҁ ј ѿ T 0
:124 lhs, fn, arg1, arg2 =  0 ƒ Array() { [native code] } 230 230 0
:125 --------------------------------------------------------------------
:123 lhs, fn, arg1, arg2 =  ҂ ѡ Ҁ ш 0
:124 lhs, fn, arg1, arg2 =  0 ƒ anonymous(x
) {
return x[0]^x[1]
} (2) [230, 230] x 0
:125 --------------------------------------------------------------------
:123 lhs, fn, arg1, arg2 =  ҁ ј h ҂ 0
:124 lhs, fn, arg1, arg2 =  0 ƒ Array() { [native code] } 0 0 0
:125 --------------------------------------------------------------------
:123 lhs, fn, arg1, arg2 =  h Ѧ ҁ ш 0
:124 lhs, fn, arg1, arg2 =  0 ƒ anonymous(x
) {
return x[0]|x[1]
} (2) [0, 0] x 0
:125 --------------------------------------------------------------------
:123 lhs, fn, arg1, arg2 =  ѿ a Ѿ f 0
:124 lhs, fn, arg1, arg2 =  230 (x,y) => x[y] Uint8Array(32) [230, 50, 183, 9, 91, 11, 243, 44, 38, 15, 164, 197, 57, 233, 253, 123, 133, 45, 13, 228, 84, 233, 190, 38, 242, 77, 13, 111, 145, 208, 105, 211] 1 0
:125 --------------------------------------------------------------------
:123 lhs, fn, arg1, arg2 =  Ҁ ј ѿ V 0
:124 lhs, fn, arg1, arg2 =  (2) [230, 230]0: 2301: 230length: 2__proto__: Array(0) ƒ Array() { [native code] } 50 104 0
:125 --------------------------------------------------------------------
:123 lhs, fn, arg1, arg2 =  ҂ ѡ Ҁ ш 0
:124 lhs, fn, arg1, arg2 =  0 ƒ anonymous(x
) {
return x[0]^x[1]
} (2) [50, 104] x 0
:125 --------------------------------------------------------------------
:123 lhs, fn, arg1, arg2 =  ҁ ј h ҂ 0
:124 lhs, fn, arg1, arg2 =  (2) [0, 0] ƒ Array() { [native code] } 0 90 0
:125 --------------------------------------------------------------------
:123 lhs, fn, arg1, arg2 =  h Ѧ ҁ ш 0
:124 lhs, fn, arg1, arg2 =  0 ƒ anonymous(x
) {
return x[0]|x[1]
} (2) [0, 90] x 0
:125 --------------------------------------------------------------------
:123 lhs, fn, arg1, arg2 =  ѿ a Ѿ i 90
:124 lhs, fn, arg1, arg2 =  50 (x,y) => x[y] Uint8Array(32) [230, 50, 183, 9, 91, 11, 243, 44, 38, 15, 164, 197, 57, 233, 253, 123, 133, 45, 13, 228, 84, 233, 190, 38, 242, 77, 13, 111, 145, 208, 105, 211] 2 90
:125 --------------------------------------------------------------------
:123 lhs, fn, arg1, arg2 =  Ҁ ј ѿ U 90
:124 lhs, fn, arg1, arg2 =  (2) [50, 104] ƒ Array() { [native code] } 183 96 90
:125 --------------------------------------------------------------------
:123 lhs, fn, arg1, arg2 =  ҂ ѡ Ҁ ш 90
:124 lhs, fn, arg1, arg2 =  90 ƒ anonymous(x
) {
return x[0]^x[1]
} (2) [183, 96] x 90
:125 --------------------------------------------------------------------
:123 lhs, fn, arg1, arg2 =  ҁ ј h ҂ 90
:124 lhs, fn, arg1, arg2 =  (2) [0, 90] ƒ Array() { [native code] } 90 215 90
:125 --------------------------------------------------------------------
:123 lhs, fn, arg1, arg2 =  h Ѧ ҁ ш 90
:124 lhs, fn, arg1, arg2 =  90 ƒ anonymous(x
) {
return x[0]|x[1]
} (2) [90, 215] x 90
:125 --------------------------------------------------------------------
:123 lhs, fn, arg1, arg2 =  ѿ a Ѿ j 223
:124 lhs, fn, arg1, arg2 =  183 (x,y) => x[y] Uint8Array(32) [230, 50, 183, 9, 91, 11, 243, 44, 38, 15, 164, 197, 57, 233, 253, 123, 133, 45, 13, 228, 84, 233, 190, 38, 242, 77, 13, 111, 145, 208, 105, 211] 3 223
:125 --------------------------------------------------------------------
:123 lhs, fn, arg1, arg2 =  Ҁ ј ѿ X 223
:124 lhs, fn, arg1, arg2 =  (2) [183, 96] ƒ Array() { [native code] } 9 84 223
:125 --------------------------------------------------------------------
:123 lhs, fn, arg1, arg2 =  ҂ ѡ Ҁ ш 223
:124 lhs, fn, arg1, arg2 =  215 ƒ anonymous(x
) {
return x[0]^x[1]
} (2) [9, 84] x 223
:125 --------------------------------------------------------------------
:123 lhs, fn, arg1, arg2 =  ҁ ј h ҂ 223
:124 lhs, fn, arg1, arg2 =  (2) [90, 215] ƒ Array() { [native code] } 223 93 223
:125 --------------------------------------------------------------------
:123 lhs, fn, arg1, arg2 =  h Ѧ ҁ ш 223
:124 lhs, fn, arg1, arg2 =  223 ƒ anonymous(x
) {
return x[0]|x[1]
} (2) [223, 93] x 223
:125 --------------------------------------------------------------------
:123 lhs, fn, arg1, arg2 =  ѿ a Ѿ k 223
:124 lhs, fn, arg1, arg2 =  9 (x,y) => x[y] Uint8Array(32) [230, 50, 183, 9, 91, 11, 243, 44, 38, 15, 164, 197, 57, 233, 253, 123, 133, 45, 13, 228, 84, 233, 190, 38, 242, 77, 13, 111, 145, 208, 105, 211] 4 223
:125 --------------------------------------------------------------------
:123 lhs, fn, arg1, arg2 =  Ҁ ј ѿ Ё 223
:124 lhs, fn, arg1, arg2 =  (2) [9, 84] ƒ Array() { [native code] } 91 111 223
:125 --------------------------------------------------------------------
:123 lhs, fn, arg1, arg2 =  ҂ ѡ Ҁ ш 223
:124 lhs, fn, arg1, arg2 =  93 ƒ anonymous(x
) {
return x[0]^x[1]
} (2) [91, 111] x 223
:125 --------------------------------------------------------------------
:123 lhs, fn, arg1, arg2 =  ҁ ј h ҂ 223
:124 lhs, fn, arg1, arg2 =  (2) [223, 93] ƒ Array() { [native code] } 223 52 223
:125 --------------------------------------------------------------------
:123 lhs, fn, arg1, arg2 =  h Ѧ ҁ ш 223
:124 lhs, fn, arg1, arg2 =  223 ƒ anonymous(x
) {
return x[0]|x[1]
} (2) [223, 52] x 223
:125 --------------------------------------------------------------------
:123 lhs, fn, arg1, arg2 =  ѿ a Ѿ l 255
:124 lhs, fn, arg1, arg2 =  91 (x,y) => x[y] Uint8Array(32) [230, 50, 183, 9, 91, 11, 243, 44, 38, 15, 164, 197, 57, 233, 253, 123, 133, 45, 13, 228, 84, 233, 190, 38, 242, 77, 13, 111, 145, 208, 105, 211] 5 255
:125 --------------------------------------------------------------------
:123 lhs, fn, arg1, arg2 =  Ҁ ј ѿ F 255
:124 lhs, fn, arg1, arg2 =  (2) [91, 111] ƒ Array() { [native code] } 11 24 255
:125 --------------------------------------------------------------------
:123 lhs, fn, arg1, arg2 =  ҂ ѡ Ҁ ш 255
:124 lhs, fn, arg1, arg2 =  52 ƒ anonymous(x
) {
return x[0]^x[1]
} (2) [11, 24] x 255
:125 --------------------------------------------------------------------
:123 lhs, fn, arg1, arg2 =  ҁ ј h ҂ 255
:124 lhs, fn, arg1, arg2 =  (2) [223, 52] ƒ Array() { [native code] } 255 19 255
:125 --------------------------------------------------------------------
:123 lhs, fn, arg1, arg2 =  h Ѧ ҁ ш 255
:124 lhs, fn, arg1, arg2 =  255 ƒ anonymous(x
) {
return x[0]|x[1]
} (2) [255, 19] x 255
:125 --------------------------------------------------------------------
:123 lhs, fn, arg1, arg2 =  ѿ a Ѿ m 255
:124 lhs, fn, arg1, arg2 =  11 (x,y) => x[y] Uint8Array(32) [230, 50, 183, 9, 91, 11, 243, 44, 38, 15, 164, 197, 57, 233, 253, 123, 133, 45, 13, 228, 84, 233, 190, 38, 242, 77, 13, 111, 145, 208, 105, 211] 6 255
:125 --------------------------------------------------------------------
:123 lhs, fn, arg1, arg2 =  Ҁ ј ѿ Є 255
:124 lhs, fn, arg1, arg2 =  (2) [11, 24] ƒ Array() { [native code] } 243 205 255
:125 --------------------------------------------------------------------
:123 lhs, fn, arg1, arg2 =  ҂ ѡ Ҁ ш 255
:124 lhs, fn, arg1, arg2 =  19 ƒ anonymous(x
) {
return x[0]^x[1]
} (2) [243, 205] x 255
:125 --------------------------------------------------------------------
:123 lhs, fn, arg1, arg2 =  ҁ ј h ҂ 255
:124 lhs, fn, arg1, arg2 =  (2) [255, 19] ƒ Array() { [native code] } 255 62 255
:125 --------------------------------------------------------------------
:123 lhs, fn, arg1, arg2 =  h Ѧ ҁ ш 255
:124 lhs, fn, arg1, arg2 =  255 ƒ anonymous(x
) {
return x[0]|x[1]
} (2) [255, 62] x 255
:125 --------------------------------------------------------------------
:123 lhs, fn, arg1, arg2 =  ѿ a Ѿ n 255
:124 lhs, fn, arg1, arg2 =  243 (x,y) => x[y] Uint8Array(32) [230, 50, 183, 9, 91, 11, 243, 44, 38, 15, 164, 197, 57, 233, 253, 123, 133, 45, 13, 228, 84, 233, 190, 38, 242, 77, 13, 111, 145, 208, 105, 211] 7 255
:125 --------------------------------------------------------------------
:123 lhs, fn, arg1, arg2 =  Ҁ ј ѿ Љ 255
:124 lhs, fn, arg1, arg2 =  (2) [243, 205] ƒ Array() { [native code] } 44 187 255
:125 --------------------------------------------------------------------
:123 lhs, fn, arg1, arg2 =  ҂ ѡ Ҁ ш 255
:124 lhs, fn, arg1, arg2 =  62 ƒ anonymous(x
) {
return x[0]^x[1]
} (2) [44, 187] x 255
:125 --------------------------------------------------------------------
:123 lhs, fn, arg1, arg2 =  ҁ ј h ҂ 255
:124 lhs, fn, arg1, arg2 =  (2) [255, 62] ƒ Array() { [native code] } 255 151 255
:125 --------------------------------------------------------------------
:123 lhs, fn, arg1, arg2 =  h Ѧ ҁ ш 255
:124 lhs, fn, arg1, arg2 =  255 ƒ anonymous(x
) {
return x[0]|x[1]
} (2) [255, 151] x 255
:125 --------------------------------------------------------------------
:123 lhs, fn, arg1, arg2 =  ѿ a Ѿ o 255
:124 lhs, fn, arg1, arg2 =  44 (x,y) => x[y] Uint8Array(32) [230, 50, 183, 9, 91, 11, 243, 44, 38, 15, 164, 197, 57, 233, 253, 123, 133, 45, 13, 228, 84, 233, 190, 38, 242, 77, 13, 111, 145, 208, 105, 211] 8 255
:125 --------------------------------------------------------------------
:123 lhs, fn, arg1, arg2 =  Ҁ ј ѿ Є 255
:124 lhs, fn, arg1, arg2 =  (2) [44, 187] ƒ Array() { [native code] } 38 205 255
:125 --------------------------------------------------------------------
:123 lhs, fn, arg1, arg2 =  ҂ ѡ Ҁ ш 255
:124 lhs, fn, arg1, arg2 =  151 ƒ anonymous(x
) {
return x[0]^x[1]
} (2) [38, 205] x 255
:125 --------------------------------------------------------------------
:123 lhs, fn, arg1, arg2 =  ҁ ј h ҂ 255
:124 lhs, fn, arg1, arg2 =  (2) [255, 151] ƒ Array() { [native code] } 255 235 255
:125 --------------------------------------------------------------------
:123 lhs, fn, arg1, arg2 =  h Ѧ ҁ ш 255
:124 lhs, fn, arg1, arg2 =  255 ƒ anonymous(x
) {
return x[0]|x[1]
} (2) [255, 235] x 255
:125 --------------------------------------------------------------------
:123 lhs, fn, arg1, arg2 =  ѿ a Ѿ p 255
:124 lhs, fn, arg1, arg2 =  38 (x,y) => x[y] Uint8Array(32) [230, 50, 183, 9, 91, 11, 243, 44, 38, 15, 164, 197, 57, 233, 253, 123, 133, 45, 13, 228, 84, 233, 190, 38, 242, 77, 13, 111, 145, 208, 105, 211] 9 255
:125 --------------------------------------------------------------------
:123 lhs, fn, arg1, arg2 =  Ҁ ј ѿ Ћ 255
:124 lhs, fn, arg1, arg2 =  (2) [38, 205] ƒ Array() { [native code] } 15 134 255
:125 --------------------------------------------------------------------
:123 lhs, fn, arg1, arg2 =  ҂ ѡ Ҁ ш 255
:124 lhs, fn, arg1, arg2 =  235 ƒ anonymous(x
) {
return x[0]^x[1]
} (2) [15, 134] x 255
:125 --------------------------------------------------------------------
:123 lhs, fn, arg1, arg2 =  ҁ ј h ҂ 255
:124 lhs, fn, arg1, arg2 =  (2) [255, 235] ƒ Array() { [native code] } 255 137 255
:125 --------------------------------------------------------------------
:123 lhs, fn, arg1, arg2 =  h Ѧ ҁ ш 255
:124 lhs, fn, arg1, arg2 =  255 ƒ anonymous(x
) {
return x[0]|x[1]
} (2) [255, 137] x 255
:125 --------------------------------------------------------------------
:123 lhs, fn, arg1, arg2 =  ѿ a Ѿ q 255
:124 lhs, fn, arg1, arg2 =  15 (x,y) => x[y] Uint8Array(32) [230, 50, 183, 9, 91, 11, 243, 44, 38, 15, 164, 197, 57, 233, 253, 123, 133, 45, 13, 228, 84, 233, 190, 38, 242, 77, 13, 111, 145, 208, 105, 211] 10 255
:125 --------------------------------------------------------------------
:123 lhs, fn, arg1, arg2 =  Ҁ ј ѿ Ѝ 255
:124 lhs, fn, arg1, arg2 =  (2) [15, 134] ƒ Array() { [native code] } 164 179 255
:125 --------------------------------------------------------------------
:123 lhs, fn, arg1, arg2 =  ҂ ѡ Ҁ ш 255
:124 lhs, fn, arg1, arg2 =  137 ƒ anonymous(x
) {
return x[0]^x[1]
} (2) [164, 179] x 255
:125 --------------------------------------------------------------------
:123 lhs, fn, arg1, arg2 =  ҁ ј h ҂ 255
:124 lhs, fn, arg1, arg2 =  (2) [255, 137] ƒ Array() { [native code] } 255 23 255
:125 --------------------------------------------------------------------
:123 lhs, fn, arg1, arg2 =  h Ѧ ҁ ш 255
:124 lhs, fn, arg1, arg2 =  255 ƒ anonymous(x
) {
return x[0]|x[1]
} (2) [255, 23] x 255
:125 --------------------------------------------------------------------
:123 lhs, fn, arg1, arg2 =  ѿ a Ѿ r 255
:124 lhs, fn, arg1, arg2 =  164 (x,y) => x[y] Uint8Array(32) [230, 50, 183, 9, 91, 11, 243, 44, 38, 15, 164, 197, 57, 233, 253, 123, 133, 45, 13, 228, 84, 233, 190, 38, 242, 77, 13, 111, 145, 208, 105, 211] 11 255
:125 --------------------------------------------------------------------
:123 lhs, fn, arg1, arg2 =  Ҁ ј ѿ А 255
:124 lhs, fn, arg1, arg2 =  (2) [164, 179] ƒ Array() { [native code] } 197 94 255
:125 --------------------------------------------------------------------
:123 lhs, fn, arg1, arg2 =  ҂ ѡ Ҁ ш 255
:124 lhs, fn, arg1, arg2 =  23 ƒ anonymous(x
) {
return x[0]^x[1]
} (2) [197, 94] x 255
:125 --------------------------------------------------------------------
:123 lhs, fn, arg1, arg2 =  ҁ ј h ҂ 255
:124 lhs, fn, arg1, arg2 =  (2) [255, 23] ƒ Array() { [native code] } 255 155 255
:125 --------------------------------------------------------------------
:123 lhs, fn, arg1, arg2 =  h Ѧ ҁ ш 255
:124 lhs, fn, arg1, arg2 =  255 ƒ anonymous(x
) {
return x[0]|x[1]
} (2) [255, 155] x 255
:125 --------------------------------------------------------------------
:123 lhs, fn, arg1, arg2 =  ѿ a Ѿ s 255
:124 lhs, fn, arg1, arg2 =  197 (x,y) => x[y] Uint8Array(32) [230, 50, 183, 9, 91, 11, 243, 44, 38, 15, 164, 197, 57, 233, 253, 123, 133, 45, 13, 228, 84, 233, 190, 38, 242, 77, 13, 111, 145, 208, 105, 211] 12 255
:125 --------------------------------------------------------------------
:123 lhs, fn, arg1, arg2 =  Ҁ ј ѿ F 255
:124 lhs, fn, arg1, arg2 =  (2) [197, 94] ƒ Array() { [native code] } 57 24 255
:125 --------------------------------------------------------------------
:123 lhs, fn, arg1, arg2 =  ҂ ѡ Ҁ ш 255
:124 lhs, fn, arg1, arg2 =  155 ƒ anonymous(x
) {
return x[0]^x[1]
} (2) [57, 24] x 255
:125 --------------------------------------------------------------------
:123 lhs, fn, arg1, arg2 =  ҁ ј h ҂ 255
:124 lhs, fn, arg1, arg2 =  (2) [255, 155] ƒ Array() { [native code] } 255 33 255
:125 --------------------------------------------------------------------
:123 lhs, fn, arg1, arg2 =  h Ѧ ҁ ш 255
:124 lhs, fn, arg1, arg2 =  255 ƒ anonymous(x
) {
return x[0]|x[1]
} (2) [255, 33] x 255
:125 --------------------------------------------------------------------
:123 lhs, fn, arg1, arg2 =  ѿ a Ѿ t 255
:124 lhs, fn, arg1, arg2 =  57 (x,y) => x[y] Uint8Array(32) [230, 50, 183, 9, 91, 11, 243, 44, 38, 15, 164, 197, 57, 233, 253, 123, 133, 45, 13, 228, 84, 233, 190, 38, 242, 77, 13, 111, 145, 208, 105, 211] 13 255
:125 --------------------------------------------------------------------
:123 lhs, fn, arg1, arg2 =  Ҁ ј ѿ В 255
:124 lhs, fn, arg1, arg2 =  (2) [57, 24] ƒ Array() { [native code] } 233 181 255
:125 --------------------------------------------------------------------
:123 lhs, fn, arg1, arg2 =  ҂ ѡ Ҁ ш 255
:124 lhs, fn, arg1, arg2 =  33 ƒ anonymous(x
) {
return x[0]^x[1]
} (2) [233, 181] x 255
:125 --------------------------------------------------------------------
:123 lhs, fn, arg1, arg2 =  ҁ ј h ҂ 255
:124 lhs, fn, arg1, arg2 =  (2) [255, 33] ƒ Array() { [native code] } 255 92 255
:125 --------------------------------------------------------------------
:123 lhs, fn, arg1, arg2 =  h Ѧ ҁ ш 255
:124 lhs, fn, arg1, arg2 =  255 ƒ anonymous(x
) {
return x[0]|x[1]
} (2) [255, 92] x 255
:125 --------------------------------------------------------------------
:123 lhs, fn, arg1, arg2 =  ѿ a Ѿ u 255
:124 lhs, fn, arg1, arg2 =  233 (x,y) => x[y] Uint8Array(32) [230, 50, 183, 9, 91, 11, 243, 44, 38, 15, 164, 197, 57, 233, 253, 123, 133, 45, 13, 228, 84, 233, 190, 38, 242, 77, 13, 111, 145, 208, 105, 211] 14 255
:125 --------------------------------------------------------------------
:123 lhs, fn, arg1, arg2 =  Ҁ ј ѿ Д 255
:124 lhs, fn, arg1, arg2 =  (2) [233, 181] ƒ Array() { [native code] } 253 37 255
:125 --------------------------------------------------------------------
:123 lhs, fn, arg1, arg2 =  ҂ ѡ Ҁ ш 255
:124 lhs, fn, arg1, arg2 =  92 ƒ anonymous(x
) {
return x[0]^x[1]
} (2) [253, 37] x 255
:125 --------------------------------------------------------------------
:123 lhs, fn, arg1, arg2 =  ҁ ј h ҂ 255
:124 lhs, fn, arg1, arg2 =  (2) [255, 92] ƒ Array() { [native code] } 255 216 255
:125 --------------------------------------------------------------------
:123 lhs, fn, arg1, arg2 =  h Ѧ ҁ ш 255
:124 lhs, fn, arg1, arg2 =  255 ƒ anonymous(x
) {
return x[0]|x[1]
} (2) [255, 216] x 255
:125 --------------------------------------------------------------------
:123 lhs, fn, arg1, arg2 =  ѿ a Ѿ v 255
:124 lhs, fn, arg1, arg2 =  253 (x,y) => x[y] Uint8Array(32) [230, 50, 183, 9, 91, 11, 243, 44, 38, 15, 164, 197, 57, 233, 253, 123, 133, 45, 13, 228, 84, 233, 190, 38, 242, 77, 13, 111, 145, 208, 105, 211] 15 255
:125 --------------------------------------------------------------------
:123 lhs, fn, arg1, arg2 =  Ҁ ј ѿ З 255
:124 lhs, fn, arg1, arg2 =  (2) [253, 37] ƒ Array() { [native code] } 123 191 255
:125 --------------------------------------------------------------------
:123 lhs, fn, arg1, arg2 =  ҂ ѡ Ҁ ш 255
:124 lhs, fn, arg1, arg2 =  216 ƒ anonymous(x
) {
return x[0]^x[1]
} (2) [123, 191] x 255
:125 --------------------------------------------------------------------
:123 lhs, fn, arg1, arg2 =  ҁ ј h ҂ 255
:124 lhs, fn, arg1, arg2 =  (2) [255, 216] ƒ Array() { [native code] } 255 196 255
:125 --------------------------------------------------------------------
:123 lhs, fn, arg1, arg2 =  h Ѧ ҁ ш 255
:124 lhs, fn, arg1, arg2 =  255 ƒ anonymous(x
) {
return x[0]|x[1]
} (2) [255, 196] x 255
:125 --------------------------------------------------------------------
:123 lhs, fn, arg1, arg2 =  ѿ a Ѿ w 255
:124 lhs, fn, arg1, arg2 =  123 (x,y) => x[y] Uint8Array(32) [230, 50, 183, 9, 91, 11, 243, 44, 38, 15, 164, 197, 57, 233, 253, 123, 133, 45, 13, 228, 84, 233, 190, 38, 242, 77, 13, 111, 145, 208, 105, 211] 16 255
:125 --------------------------------------------------------------------
:123 lhs, fn, arg1, arg2 =  Ҁ ј ѿ К 255
:124 lhs, fn, arg1, arg2 =  (2) [123, 191] ƒ Array() { [native code] } 133 252 255
:125 --------------------------------------------------------------------
:123 lhs, fn, arg1, arg2 =  ҂ ѡ Ҁ ш 255
:124 lhs, fn, arg1, arg2 =  196 ƒ anonymous(x
) {
return x[0]^x[1]
} (2) [133, 252] x 255
:125 --------------------------------------------------------------------
:123 lhs, fn, arg1, arg2 =  ҁ ј h ҂ 255
:124 lhs, fn, arg1, arg2 =  (2) [255, 196] ƒ Array() { [native code] } 255 121 255
:125 --------------------------------------------------------------------
:123 lhs, fn, arg1, arg2 =  h Ѧ ҁ ш 255
:124 lhs, fn, arg1, arg2 =  255 ƒ anonymous(x
) {
return x[0]|x[1]
} (2) [255, 121] x 255
:125 --------------------------------------------------------------------
:123 lhs, fn, arg1, arg2 =  ѿ a Ѿ x 255
:124 lhs, fn, arg1, arg2 =  133 (x,y) => x[y] Uint8Array(32) [230, 50, 183, 9, 91, 11, 243, 44, 38, 15, 164, 197, 57, 233, 253, 123, 133, 45, 13, 228, 84, 233, 190, 38, 242, 77, 13, 111, 145, 208, 105, 211] 17 255
:125 --------------------------------------------------------------------
:123 lhs, fn, arg1, arg2 =  Ҁ ј ѿ Н 255
:124 lhs, fn, arg1, arg2 =  (2) [133, 252] ƒ Array() { [native code] } 45 103 255
:125 --------------------------------------------------------------------
:123 lhs, fn, arg1, arg2 =  ҂ ѡ Ҁ ш 255
:124 lhs, fn, arg1, arg2 =  121 ƒ anonymous(x
) {
return x[0]^x[1]
} (2) [45, 103] x 255
:125 --------------------------------------------------------------------
:123 lhs, fn, arg1, arg2 =  ҁ ј h ҂ 255
:124 lhs, fn, arg1, arg2 =  (2) [255, 121] ƒ Array() { [native code] } 255 74 255
:125 --------------------------------------------------------------------
:123 lhs, fn, arg1, arg2 =  h Ѧ ҁ ш 255
:124 lhs, fn, arg1, arg2 =  255 ƒ anonymous(x
) {
return x[0]|x[1]
} (2) [255, 74] x 255
:125 --------------------------------------------------------------------
:123 lhs, fn, arg1, arg2 =  ѿ a Ѿ y 255
:124 lhs, fn, arg1, arg2 =  45 (x,y) => x[y] Uint8Array(32) [230, 50, 183, 9, 91, 11, 243, 44, 38, 15, 164, 197, 57, 233, 253, 123, 133, 45, 13, 228, 84, 233, 190, 38, 242, 77, 13, 111, 145, 208, 105, 211] 18 255
:125 --------------------------------------------------------------------
:123 lhs, fn, arg1, arg2 =  Ҁ ј ѿ Р 255
:124 lhs, fn, arg1, arg2 =  (2) [45, 103] ƒ Array() { [native code] } 13 247 255
:125 --------------------------------------------------------------------
:123 lhs, fn, arg1, arg2 =  ҂ ѡ Ҁ ш 255
:124 lhs, fn, arg1, arg2 =  74 ƒ anonymous(x
) {
return x[0]^x[1]
} (2) [13, 247] x 255
:125 --------------------------------------------------------------------
:123 lhs, fn, arg1, arg2 =  ҁ ј h ҂ 255
:124 lhs, fn, arg1, arg2 =  (2) [255, 74] ƒ Array() { [native code] } 255 250 255
:125 --------------------------------------------------------------------
:123 lhs, fn, arg1, arg2 =  h Ѧ ҁ ш 255
:124 lhs, fn, arg1, arg2 =  255 ƒ anonymous(x
) {
return x[0]|x[1]
} (2) [255, 250] x 255
:125 --------------------------------------------------------------------
:123 lhs, fn, arg1, arg2 =  ѿ a Ѿ A 255
:124 lhs, fn, arg1, arg2 =  13 (x,y) => x[y] Uint8Array(32) [230, 50, 183, 9, 91, 11, 243, 44, 38, 15, 164, 197, 57, 233, 253, 123, 133, 45, 13, 228, 84, 233, 190, 38, 242, 77, 13, 111, 145, 208, 105, 211] 19 255
:125 --------------------------------------------------------------------
:123 lhs, fn, arg1, arg2 =  Ҁ ј ѿ Т 255
:124 lhs, fn, arg1, arg2 =  (2) [13, 247] ƒ Array() { [native code] } 228 114 255
:125 --------------------------------------------------------------------
:123 lhs, fn, arg1, arg2 =  ҂ ѡ Ҁ ш 255
:124 lhs, fn, arg1, arg2 =  250 ƒ anonymous(x
) {
return x[0]^x[1]
} (2) [228, 114] x 255
:125 --------------------------------------------------------------------
:123 lhs, fn, arg1, arg2 =  ҁ ј h ҂ 255
:124 lhs, fn, arg1, arg2 =  (2) [255, 250] ƒ Array() { [native code] } 255 150 255
:125 --------------------------------------------------------------------
:123 lhs, fn, arg1, arg2 =  h Ѧ ҁ ш 255
:124 lhs, fn, arg1, arg2 =  255 ƒ anonymous(x
) {
return x[0]|x[1]
} (2) [255, 150] x 255
:125 --------------------------------------------------------------------
:123 lhs, fn, arg1, arg2 =  ѿ a Ѿ B 255
:124 lhs, fn, arg1, arg2 =  228 (x,y) => x[y] Uint8Array(32) [230, 50, 183, 9, 91, 11, 243, 44, 38, 15, 164, 197, 57, 233, 253, 123, 133, 45, 13, 228, 84, 233, 190, 38, 242, 77, 13, 111, 145, 208, 105, 211] 20 255
:125 --------------------------------------------------------------------
:123 lhs, fn, arg1, arg2 =  Ҁ ј ѿ Ф 255
:124 lhs, fn, arg1, arg2 =  (2) [228, 114] ƒ Array() { [native code] } 84 198 255
:125 --------------------------------------------------------------------
:123 lhs, fn, arg1, arg2 =  ҂ ѡ Ҁ ш 255
:124 lhs, fn, arg1, arg2 =  150 ƒ anonymous(x
) {
return x[0]^x[1]
} (2) [84, 198] x 255
:125 --------------------------------------------------------------------
:123 lhs, fn, arg1, arg2 =  ҁ ј h ҂ 255
:124 lhs, fn, arg1, arg2 =  (2) [255, 150] ƒ Array() { [native code] } 255 146 255
:125 --------------------------------------------------------------------
:123 lhs, fn, arg1, arg2 =  h Ѧ ҁ ш 255
:124 lhs, fn, arg1, arg2 =  255 ƒ anonymous(x
) {
return x[0]|x[1]
} (2) [255, 146] x 255
:125 --------------------------------------------------------------------
:123 lhs, fn, arg1, arg2 =  ѿ a Ѿ C 255
:124 lhs, fn, arg1, arg2 =  84 (x,y) => x[y] Uint8Array(32) [230, 50, 183, 9, 91, 11, 243, 44, 38, 15, 164, 197, 57, 233, 253, 123, 133, 45, 13, 228, 84, 233, 190, 38, 242, 77, 13, 111, 145, 208, 105, 211] 21 255
:125 --------------------------------------------------------------------
:123 lhs, fn, arg1, arg2 =  Ҁ ј ѿ W 255
:124 lhs, fn, arg1, arg2 =  (2) [84, 198] ƒ Array() { [native code] } 233 80 255
:125 --------------------------------------------------------------------
:123 lhs, fn, arg1, arg2 =  ҂ ѡ Ҁ ш 255
:124 lhs, fn, arg1, arg2 =  146 ƒ anonymous(x
) {
return x[0]^x[1]
} (2) [233, 80] x 255
:125 --------------------------------------------------------------------
:123 lhs, fn, arg1, arg2 =  ҁ ј h ҂ 255
:124 lhs, fn, arg1, arg2 =  (2) [255, 146] ƒ Array() { [native code] } 255 185 255
:125 --------------------------------------------------------------------
:123 lhs, fn, arg1, arg2 =  h Ѧ ҁ ш 255
:124 lhs, fn, arg1, arg2 =  255 ƒ anonymous(x
) {
return x[0]|x[1]
} (2) [255, 185] x 255
:125 --------------------------------------------------------------------
:123 lhs, fn, arg1, arg2 =  ѿ a Ѿ D 255
:124 lhs, fn, arg1, arg2 =  233 (x,y) => x[y] Uint8Array(32) [230, 50, 183, 9, 91, 11, 243, 44, 38, 15, 164, 197, 57, 233, 253, 123, 133, 45, 13, 228, 84, 233, 190, 38, 242, 77, 13, 111, 145, 208, 105, 211] 22 255
:125 --------------------------------------------------------------------
:123 lhs, fn, arg1, arg2 =  Ҁ ј ѿ Х 255
:124 lhs, fn, arg1, arg2 =  (2) [233, 80] ƒ Array() { [native code] } 190 206 255
:125 --------------------------------------------------------------------
:123 lhs, fn, arg1, arg2 =  ҂ ѡ Ҁ ш 255
:124 lhs, fn, arg1, arg2 =  185 ƒ anonymous(x
) {
return x[0]^x[1]
} (2) [190, 206] x 255
:125 --------------------------------------------------------------------
:123 lhs, fn, arg1, arg2 =  ҁ ј h ҂ 255
:124 lhs, fn, arg1, arg2 =  (2) [255, 185] ƒ Array() { [native code] } 255 112 255
:125 --------------------------------------------------------------------
:123 lhs, fn, arg1, arg2 =  h Ѧ ҁ ш 255
:124 lhs, fn, arg1, arg2 =  255 ƒ anonymous(x
) {
return x[0]|x[1]
} (2) [255, 112] x 255
:125 --------------------------------------------------------------------
:123 lhs, fn, arg1, arg2 =  ѿ a Ѿ E 255
:124 lhs, fn, arg1, arg2 =  190 (x,y) => x[y] Uint8Array(32) [230, 50, 183, 9, 91, 11, 243, 44, 38, 15, 164, 197, 57, 233, 253, 123, 133, 45, 13, 228, 84, 233, 190, 38, 242, 77, 13, 111, 145, 208, 105, 211] 23 255
:125 --------------------------------------------------------------------
:123 lhs, fn, arg1, arg2 =  Ҁ ј ѿ Ъ 255
:124 lhs, fn, arg1, arg2 =  (2) [190, 206] ƒ Array() { [native code] } 38 223 255
:125 --------------------------------------------------------------------
:123 lhs, fn, arg1, arg2 =  ҂ ѡ Ҁ ш 255
:124 lhs, fn, arg1, arg2 =  112 ƒ anonymous(x
) {
return x[0]^x[1]
} (2) [38, 223] x 255
:125 --------------------------------------------------------------------
:123 lhs, fn, arg1, arg2 =  ҁ ј h ҂ 255
:124 lhs, fn, arg1, arg2 =  (2) [255, 112] ƒ Array() { [native code] } 255 249 255
:125 --------------------------------------------------------------------
:123 lhs, fn, arg1, arg2 =  h Ѧ ҁ ш 255
:124 lhs, fn, arg1, arg2 =  255 ƒ anonymous(x
) {
return x[0]|x[1]
} (2) [255, 249] x 255
:125 --------------------------------------------------------------------
:123 lhs, fn, arg1, arg2 =  ѿ a Ѿ F 255
:124 lhs, fn, arg1, arg2 =  38 (x,y) => x[y] Uint8Array(32) [230, 50, 183, 9, 91, 11, 243, 44, 38, 15, 164, 197, 57, 233, 253, 123, 133, 45, 13, 228, 84, 233, 190, 38, 242, 77, 13, 111, 145, 208, 105, 211] 24 255
:125 --------------------------------------------------------------------
:123 lhs, fn, arg1, arg2 =  Ҁ ј ѿ Ь 255
:124 lhs, fn, arg1, arg2 =  (2) [38, 223] ƒ Array() { [native code] } 242 227 255
:125 --------------------------------------------------------------------
:123 lhs, fn, arg1, arg2 =  ҂ ѡ Ҁ ш 255
:124 lhs, fn, arg1, arg2 =  249 ƒ anonymous(x
) {
return x[0]^x[1]
} (2) [242, 227] x 255
:125 --------------------------------------------------------------------
:123 lhs, fn, arg1, arg2 =  ҁ ј h ҂ 255
:124 lhs, fn, arg1, arg2 =  (2) [255, 249] ƒ Array() { [native code] } 255 17 255
:125 --------------------------------------------------------------------
:123 lhs, fn, arg1, arg2 =  h Ѧ ҁ ш 255
:124 lhs, fn, arg1, arg2 =  255 ƒ anonymous(x
) {
return x[0]|x[1]
} (2) [255, 17] x 255
:125 --------------------------------------------------------------------
:123 lhs, fn, arg1, arg2 =  ѿ a Ѿ G 255
:124 lhs, fn, arg1, arg2 =  242 (x,y) => x[y] Uint8Array(32) [230, 50, 183, 9, 91, 11, 243, 44, 38, 15, 164, 197, 57, 233, 253, 123, 133, 45, 13, 228, 84, 233, 190, 38, 242, 77, 13, 111, 145, 208, 105, 211] 25 255
:125 --------------------------------------------------------------------
:123 lhs, fn, arg1, arg2 =  Ҁ ј ѿ Ю 255
:124 lhs, fn, arg1, arg2 =  (2) [242, 227] ƒ Array() { [native code] } 77 255 255
:125 --------------------------------------------------------------------
:123 lhs, fn, arg1, arg2 =  ҂ ѡ Ҁ ш 255
:124 lhs, fn, arg1, arg2 =  17 ƒ anonymous(x
) {
return x[0]^x[1]
} (2) [77, 255] x 255
:125 --------------------------------------------------------------------
:123 lhs, fn, arg1, arg2 =  ҁ ј h ҂ 255
:124 lhs, fn, arg1, arg2 =  (2) [255, 17] ƒ Array() { [native code] } 255 178 255
:125 --------------------------------------------------------------------
:123 lhs, fn, arg1, arg2 =  h Ѧ ҁ ш 255
:124 lhs, fn, arg1, arg2 =  255 ƒ anonymous(x
) {
return x[0]|x[1]
} (2) [255, 178] x 255
:125 --------------------------------------------------------------------
:123 lhs, fn, arg1, arg2 =  ѿ a Ѿ H 255
:124 lhs, fn, arg1, arg2 =  77 (x,y) => x[y] Uint8Array(32) [230, 50, 183, 9, 91, 11, 243, 44, 38, 15, 164, 197, 57, 233, 253, 123, 133, 45, 13, 228, 84, 233, 190, 38, 242, 77, 13, 111, 145, 208, 105, 211] 26 255
:125 --------------------------------------------------------------------
:123 lhs, fn, arg1, arg2 =  Ҁ ј ѿ а 255
:124 lhs, fn, arg1, arg2 =  (2) [77, 255] ƒ Array() { [native code] } 13 122 255
:125 --------------------------------------------------------------------
:123 lhs, fn, arg1, arg2 =  ҂ ѡ Ҁ ш 255
:124 lhs, fn, arg1, arg2 =  178 ƒ anonymous(x
) {
return x[0]^x[1]
} (2) [13, 122] x 255
:125 --------------------------------------------------------------------
:123 lhs, fn, arg1, arg2 =  ҁ ј h ҂ 255
:124 lhs, fn, arg1, arg2 =  (2) [255, 178] ƒ Array() { [native code] } 255 119 255
:125 --------------------------------------------------------------------
:123 lhs, fn, arg1, arg2 =  h Ѧ ҁ ш 255
:124 lhs, fn, arg1, arg2 =  255 ƒ anonymous(x
) {
return x[0]|x[1]
} (2) [255, 119] x 255
:125 --------------------------------------------------------------------
:123 lhs, fn, arg1, arg2 =  ѿ a Ѿ I 255
:124 lhs, fn, arg1, arg2 =  13 (x,y) => x[y] Uint8Array(32) [230, 50, 183, 9, 91, 11, 243, 44, 38, 15, 164, 197, 57, 233, 253, 123, 133, 45, 13, 228, 84, 233, 190, 38, 242, 77, 13, 111, 145, 208, 105, 211] 27 255
:125 --------------------------------------------------------------------
:123 lhs, fn, arg1, arg2 =  Ҁ ј ѿ e 255
:124 lhs, fn, arg1, arg2 =  (2) [13, 122] ƒ Array() { [native code] } 111 0 255
:125 --------------------------------------------------------------------
:123 lhs, fn, arg1, arg2 =  ҂ ѡ Ҁ ш 255
:124 lhs, fn, arg1, arg2 =  119 ƒ anonymous(x
) {
return x[0]^x[1]
} (2) [111, 0] x 255
:125 --------------------------------------------------------------------
:123 lhs, fn, arg1, arg2 =  ҁ ј h ҂ 255
:124 lhs, fn, arg1, arg2 =  (2) [255, 119] ƒ Array() { [native code] } 255 111 255
:125 --------------------------------------------------------------------
:123 lhs, fn, arg1, arg2 =  h Ѧ ҁ ш 255
:124 lhs, fn, arg1, arg2 =  255 ƒ anonymous(x
) {
return x[0]|x[1]
} (2) [255, 111] x 255
:125 --------------------------------------------------------------------
:123 lhs, fn, arg1, arg2 =  ѿ a Ѿ J 255
:124 lhs, fn, arg1, arg2 =  111 (x,y) => x[y] Uint8Array(32) [230, 50, 183, 9, 91, 11, 243, 44, 38, 15, 164, 197, 57, 233, 253, 123, 133, 45, 13, 228, 84, 233, 190, 38, 242, 77, 13, 111, 145, 208, 105, 211] 28 255
:125 --------------------------------------------------------------------
:123 lhs, fn, arg1, arg2 =  Ҁ ј ѿ б 255
:124 lhs, fn, arg1, arg2 =  (2) [111, 0] ƒ Array() { [native code] } 145 38 255
:125 --------------------------------------------------------------------
:123 lhs, fn, arg1, arg2 =  ҂ ѡ Ҁ ш 255
:124 lhs, fn, arg1, arg2 =  111 ƒ anonymous(x
) {
return x[0]^x[1]
} (2) [145, 38] x 255
:125 --------------------------------------------------------------------
:123 lhs, fn, arg1, arg2 =  ҁ ј h ҂ 255
:124 lhs, fn, arg1, arg2 =  (2) [255, 111] ƒ Array() { [native code] } 255 183 255
:125 --------------------------------------------------------------------
:123 lhs, fn, arg1, arg2 =  h Ѧ ҁ ш 255
:124 lhs, fn, arg1, arg2 =  255 ƒ anonymous(x
) {
return x[0]|x[1]
} (2) [255, 183] x 255
:125 --------------------------------------------------------------------
:123 lhs, fn, arg1, arg2 =  ѿ a Ѿ K 255
:124 lhs, fn, arg1, arg2 =  145 (x,y) => x[y] Uint8Array(32) [230, 50, 183, 9, 91, 11, 243, 44, 38, 15, 164, 197, 57, 233, 253, 123, 133, 45, 13, 228, 84, 233, 190, 38, 242, 77, 13, 111, 145, 208, 105, 211] 29 255
:125 --------------------------------------------------------------------
:123 lhs, fn, arg1, arg2 =  Ҁ ј ѿ в 255
:124 lhs, fn, arg1, arg2 =  (2) [145, 38] ƒ Array() { [native code] } 208 250 255
:125 --------------------------------------------------------------------
:123 lhs, fn, arg1, arg2 =  ҂ ѡ Ҁ ш 255
:124 lhs, fn, arg1, arg2 =  183 ƒ anonymous(x
) {
return x[0]^x[1]
} (2) [208, 250] x 255
:125 --------------------------------------------------------------------
:123 lhs, fn, arg1, arg2 =  ҁ ј h ҂ 255
:124 lhs, fn, arg1, arg2 =  (2) [255, 183] ƒ Array() { [native code] } 255 42 255
:125 --------------------------------------------------------------------
:123 lhs, fn, arg1, arg2 =  h Ѧ ҁ ш 255
:124 lhs, fn, arg1, arg2 =  255 ƒ anonymous(x
) {
return x[0]|x[1]
} (2) [255, 42] x 255
:125 --------------------------------------------------------------------
:123 lhs, fn, arg1, arg2 =  ѿ a Ѿ L 255
:124 lhs, fn, arg1, arg2 =  208 (x,y) => x[y] Uint8Array(32) [230, 50, 183, 9, 91, 11, 243, 44, 38, 15, 164, 197, 57, 233, 253, 123, 133, 45, 13, 228, 84, 233, 190, 38, 242, 77, 13, 111, 145, 208, 105, 211] 30 255
:125 --------------------------------------------------------------------
:123 lhs, fn, arg1, arg2 =  Ҁ ј ѿ K 255
:124 lhs, fn, arg1, arg2 =  (2) [208, 250] ƒ Array() { [native code] } 105 29 255
:125 --------------------------------------------------------------------
:123 lhs, fn, arg1, arg2 =  ҂ ѡ Ҁ ш 255
:124 lhs, fn, arg1, arg2 =  42 ƒ anonymous(x
) {
return x[0]^x[1]
} (2) [105, 29] x 255
:125 --------------------------------------------------------------------
:123 lhs, fn, arg1, arg2 =  ҁ ј h ҂ 255
:124 lhs, fn, arg1, arg2 =  (2) [255, 42] ƒ Array() { [native code] } 255 116 255
:125 --------------------------------------------------------------------
:123 lhs, fn, arg1, arg2 =  h Ѧ ҁ ш 255
:124 lhs, fn, arg1, arg2 =  255 ƒ anonymous(x
) {
return x[0]|x[1]
} (2) [255, 116] x 255
:125 --------------------------------------------------------------------
:123 lhs, fn, arg1, arg2 =  ѿ a Ѿ M 255
:124 lhs, fn, arg1, arg2 =  105 (x,y) => x[y] Uint8Array(32) [230, 50, 183, 9, 91, 11, 243, 44, 38, 15, 164, 197, 57, 233, 253, 123, 133, 45, 13, 228, 84, 233, 190, 38, 242, 77, 13, 111, 145, 208, 105, 211] 31 255
:125 --------------------------------------------------------------------
:123 lhs, fn, arg1, arg2 =  Ҁ ј ѿ е 255
:124 lhs, fn, arg1, arg2 =  (2) [105, 29] ƒ Array() { [native code] } 211 238 255
:125 --------------------------------------------------------------------
:123 lhs, fn, arg1, arg2 =  ҂ ѡ Ҁ ш 255
:124 lhs, fn, arg1, arg2 =  116 ƒ anonymous(x
) {
return x[0]^x[1]
} (2) [211, 238] x 255
:125 --------------------------------------------------------------------
:123 lhs, fn, arg1, arg2 =  ҁ ј h ҂ 255
:124 lhs, fn, arg1, arg2 =  (2) [255, 116] ƒ Array() { [native code] } 255 61 255
:125 --------------------------------------------------------------------
:123 lhs, fn, arg1, arg2 =  h Ѧ ҁ ш 255
:124 lhs, fn, arg1, arg2 =  255 ƒ anonymous(x
) {
return x[0]|x[1]
} (2) [255, 61] x 255
:125 --------------------------------------------------------------------
:123 lhs, fn, arg1, arg2 =  ѐ c e e 255
:124 lhs, fn, arg1, arg2 =  ƒ anonymous(x
) {
return window
} (x,y) => x+y 0 0 255
:125 --------------------------------------------------------------------
:123 lhs, fn, arg1, arg2 =  ё c e e 255
:124 lhs, fn, arg1, arg2 =  Window {postMessage: ƒ, blur: ƒ, focus: ƒ, close: ƒ, frames: Window, …} (x,y) => x+y 0 0 255
:125 --------------------------------------------------------------------
:123 lhs, fn, arg1, arg2 =  ѓ c e e 255
:124 lhs, fn, arg1, arg2 =  Array (x,y) => x+y 0 0 255
:125 --------------------------------------------------------------------
:123 lhs, fn, arg1, arg2 =  ј c e e 255
:124 lhs, fn, arg1, arg2 =  ƒ Array() { [native code] } (x,y) => x+y 0 0 255
:125 --------------------------------------------------------------------
:123 lhs, fn, arg1, arg2 =  љ c e e 255
:124 lhs, fn, arg1, arg2 =  ƒ Function() { [native code] } (x,y) => x+y 0 0 255
:125 --------------------------------------------------------------------
:123 lhs, fn, arg1, arg2 =  њ c e e 255
:124 lhs, fn, arg1, arg2 =  return x[0]^x[1] (x,y) => x+y 0 0 255
:125 --------------------------------------------------------------------
:123 lhs, fn, arg1, arg2 =  ѡ c e e 255
:124 lhs, fn, arg1, arg2 =  ƒ anonymous(x
) {
return x[0]^x[1]
} (x,y) => x+y 0 0 255
:125 --------------------------------------------------------------------
:123 lhs, fn, arg1, arg2 =  Ѣ c e e 255
:124 lhs, fn, arg1, arg2 =  ƒ Function() { [native code] } (x,y) => x+y 0 0 255
:125 --------------------------------------------------------------------
:123 lhs, fn, arg1, arg2 =  ѣ c e e 255
:124 lhs, fn, arg1, arg2 =  return x[0]|x[1] (x,y) => x+y 0 0 255
:125 --------------------------------------------------------------------
:123 lhs, fn, arg1, arg2 =  Ѧ c e e 255
:124 lhs, fn, arg1, arg2 =  ƒ anonymous(x
) {
return x[0]|x[1]
} (x,y) => x+y 0 0 255
:125 --------------------------------------------------------------------
:123 lhs, fn, arg1, arg2 =  ѧ c e e 255
:124 lhs, fn, arg1, arg2 =  crypto (x,y) => x+y 0 0 255
:125 --------------------------------------------------------------------
:123 lhs, fn, arg1, arg2 =  ѩ c e e 255
:124 lhs, fn, arg1, arg2 =  Crypto {subtle: SubtleCrypto} (x,y) => x+y 0 0 255
:125 --------------------------------------------------------------------
:123 lhs, fn, arg1, arg2 =  Ѫ c e e 255
:124 lhs, fn, arg1, arg2 =  subtle (x,y) => x+y 0 0 255
:125 --------------------------------------------------------------------
:123 lhs, fn, arg1, arg2 =  ѭ c e e 255
:124 lhs, fn, arg1, arg2 =  SubtleCrypto {} (x,y) => x+y 0 0 255
:125 --------------------------------------------------------------------
:123 lhs, fn, arg1, arg2 =  Ѯ c e e 255
:124 lhs, fn, arg1, arg2 =  digest (x,y) => x+y 0 0 255
:125 --------------------------------------------------------------------
:123 lhs, fn, arg1, arg2 =  Ѱ c e e 255
:124 lhs, fn, arg1, arg2 =  ƒ digest() { [native code] } (x,y) => x+y 0 0 255
:125 --------------------------------------------------------------------
:123 lhs, fn, arg1, arg2 =  Ѳ c e e 255
:124 lhs, fn, arg1, arg2 =  sha-256 (x,y) => x+y 0 0 255
:125 --------------------------------------------------------------------
:123 lhs, fn, arg1, arg2 =  ѷ c e e 255
:124 lhs, fn, arg1, arg2 =  (2) ["sha-256", Uint8Array(1)] (x,y) => x+y 0 0 255
:125 --------------------------------------------------------------------
:123 lhs, fn, arg1, arg2 =  Ѹ c e e 255
:124 lhs, fn, arg1, arg2 =  (2) [SubtleCrypto, Array(2)] (x,y) => x+y 0 0 255
:125 --------------------------------------------------------------------
:123 lhs, fn, arg1, arg2 =  ѹ c e e 255
:124 lhs, fn, arg1, arg2 =  ArrayBuffer(32) {} (x,y) => x+y 0 0 255
:125 --------------------------------------------------------------------
:123 lhs, fn, arg1, arg2 =  ѻ c e e 255
:124 lhs, fn, arg1, arg2 =  Uint8Array (x,y) => x+y 0 0 255
:125 --------------------------------------------------------------------
:123 lhs, fn, arg1, arg2 =  ѽ c e e 255
:124 lhs, fn, arg1, arg2 =  ƒ Uint8Array() { [native code] } (x,y) => x+y 0 0 255
:125 --------------------------------------------------------------------
:123 lhs, fn, arg1, arg2 =  Ѿ c e e 255
:124 lhs, fn, arg1, arg2 =  Uint8Array(32) [230, 50, 183, 9, 91, 11, 243, 44, 38, 15, 164, 197, 57, 233, 253, 123, 133, 45, 13, 228, 84, 233, 190, 38, 242, 77, 13, 111, 145, 208, 105, 211] (x,y) => x+y 0 0 255
:125 --------------------------------------------------------------------
:123 lhs, fn, arg1, arg2 =  Ҁ c e e 255
:124 lhs, fn, arg1, arg2 =  (2) [211, 238] (x,y) => x+y 0 0 255
:125 --------------------------------------------------------------------
:123 lhs, fn, arg1, arg2 =  ҁ c e e 255
:124 lhs, fn, arg1, arg2 =  (2) [255, 61] (x,y) => x+y 0 0 255
:125 --------------------------------------------------------------------
:123 lhs, fn, arg1, arg2 =  ж c e e 255
:124 lhs, fn, arg1, arg2 =  return  (x,y) => x+y 0 0 255
:125 --------------------------------------------------------------------
:123 lhs, fn, arg1, arg2 =  т c e e 255
:124 lhs, fn, arg1, arg2 =  constructor (x,y) => x+y 0 0 255
:125 --------------------------------------------------------------------
:123 lhs, fn, arg1, arg2 =  ч c e e 255
:124 lhs, fn, arg1, arg2 =  ƒ Function() { [native code] } (x,y) => x+y 0 0 255
:125 --------------------------------------------------------------------
:123 lhs, fn, arg1, arg2 =  ь c e e 255
:124 lhs, fn, arg1, arg2 =  return window (x,y) => x+y 0 0 255
:125 --------------------------------------------------------------------
:145 {a: ƒ, b: ƒ, c: ƒ, d: ƒ, e: 0, …}
