:123 lhs, fn, arg1, arg2 =  i c f f 0
:124 lhs, fn, arg1, arg2 =  undefined (x,y) => x+y 1 1 0
:125 --------------------------------------------------------------------
:123 lhs, fn, arg1, arg2 =  j c i f 0
:124 lhs, fn, arg1, arg2 =  undefined (x,y) => x+y 2 1 0
:125 --------------------------------------------------------------------
:123 lhs, fn, arg1, arg2 =  k c i i 0
:124 lhs, fn, arg1, arg2 =  undefined (x,y) => x+y 2 2 0
:125 --------------------------------------------------------------------
:123 lhs, fn, arg1, arg2 =  l c k f 0
:124 lhs, fn, arg1, arg2 =  undefined (x,y) => x+y 4 1 0
:125 --------------------------------------------------------------------
:123 lhs, fn, arg1, arg2 =  m c k i 0
:124 lhs, fn, arg1, arg2 =  undefined (x,y) => x+y 4 2 0
:125 --------------------------------------------------------------------
:123 lhs, fn, arg1, arg2 =  n c m f 0
:124 lhs, fn, arg1, arg2 =  undefined  6 1 0
:125 --------------------------------------------------------------------
:123 lhs, fn, arg1, arg2 =  o c k k 0
:124 lhs, fn, arg1, arg2 =  undefined  4 4 0
:125 --------------------------------------------------------------------
:123 lhs, fn, arg1, arg2 =  p c o f 0
:124 lhs, fn, arg1, arg2 =  undefined  8 1 0
:125 --------------------------------------------------------------------
:123 lhs, fn, arg1, arg2 =  q c o i 0
:124 lhs, fn, arg1, arg2 =  undefined  8 2 0
:125 --------------------------------------------------------------------
:123 lhs, fn, arg1, arg2 =  r c q f 0
:124 lhs, fn, arg1, arg2 =  undefined  10 1 0
:125 --------------------------------------------------------------------
:123 lhs, fn, arg1, arg2 =  s c o k 0
:124 lhs, fn, arg1, arg2 =  undefined  8 4 0
:125 --------------------------------------------------------------------
:123 lhs, fn, arg1, arg2 =  t c s f 0
:124 lhs, fn, arg1, arg2 =  undefined  12 1 0
:125 --------------------------------------------------------------------
:123 lhs, fn, arg1, arg2 =  u c s i 0
:124 lhs, fn, arg1, arg2 =  undefined  12 2 0
:125 --------------------------------------------------------------------
:123 lhs, fn, arg1, arg2 =  v c u f 0
:124 lhs, fn, arg1, arg2 =  undefined  14 1 0
:125 --------------------------------------------------------------------
:123 lhs, fn, arg1, arg2 =  w c o o 0
:124 lhs, fn, arg1, arg2 =  undefined  8 8 0
:125 --------------------------------------------------------------------
:123 lhs, fn, arg1, arg2 =  x c w f 0
:124 lhs, fn, arg1, arg2 =  undefined  16 1 0
:125 --------------------------------------------------------------------
:123 lhs, fn, arg1, arg2 =  y c w i 0
:124 lhs, fn, arg1, arg2 =  undefined  16 2 0
:125 --------------------------------------------------------------------
:123 lhs, fn, arg1, arg2 =  A c y f 0
:124 lhs, fn, arg1, arg2 =  undefined  18 1 0
:125 --------------------------------------------------------------------
:123 lhs, fn, arg1, arg2 =  B c w k 0
:124 lhs, fn, arg1, arg2 =  undefined  16 4 0
:125 --------------------------------------------------------------------
:123 lhs, fn, arg1, arg2 =  C c B f 0
:124 lhs, fn, arg1, arg2 =  undefined  20 1 0
:125 --------------------------------------------------------------------
:123 lhs, fn, arg1, arg2 =  D c B i 0
:124 lhs, fn, arg1, arg2 =  undefined  20 2 0
:125 --------------------------------------------------------------------
:123 lhs, fn, arg1, arg2 =  E c D f 0
:124 lhs, fn, arg1, arg2 =  undefined  22 1 0
:125 --------------------------------------------------------------------
:123 lhs, fn, arg1, arg2 =  F c w o 0
:124 lhs, fn, arg1, arg2 =  undefined  16 8 0
:125 --------------------------------------------------------------------
:123 lhs, fn, arg1, arg2 =  G c F f 0
:124 lhs, fn, arg1, arg2 =  undefined  24 1 0
:125 --------------------------------------------------------------------
:123 lhs, fn, arg1, arg2 =  H c F i 0
:124 lhs, fn, arg1, arg2 =  undefined  24 2 0
:125 --------------------------------------------------------------------
:123 lhs, fn, arg1, arg2 =  I c H f 0
:124 lhs, fn, arg1, arg2 =  undefined  26 1 0
:125 --------------------------------------------------------------------
:123 lhs, fn, arg1, arg2 =  J c F k 0
:124 lhs, fn, arg1, arg2 =  undefined  24 4 0
:125 --------------------------------------------------------------------
:123 lhs, fn, arg1, arg2 =  K c J f 0
:124 lhs, fn, arg1, arg2 =  undefined  28 1 0
:125 --------------------------------------------------------------------
:123 lhs, fn, arg1, arg2 =  L c J i 0
:124 lhs, fn, arg1, arg2 =  undefined  28 2 0
:125 --------------------------------------------------------------------
:123 lhs, fn, arg1, arg2 =  M c L f 0
:124 lhs, fn, arg1, arg2 =  undefined  30 1 0
:125 --------------------------------------------------------------------
:123 lhs, fn, arg1, arg2 =  N c w w 0
:124 lhs, fn, arg1, arg2 =  undefined  16 16 0
:125 --------------------------------------------------------------------
:123 lhs, fn, arg1, arg2 =  O c N N 0
:124 lhs, fn, arg1, arg2 =  undefined  32 32 0
:125 --------------------------------------------------------------------
:123 lhs, fn, arg1, arg2 =  P c O O 0
:124 lhs, fn, arg1, arg2 =  undefined  64 64 0
:125 --------------------------------------------------------------------
:123 lhs, fn, arg1, arg2 =  Q c P O 0
:124 lhs, fn, arg1, arg2 =  undefined  128 64 0
:125 --------------------------------------------------------------------
:123 lhs, fn, arg1, arg2 =  R c Q N 0
:124 lhs, fn, arg1, arg2 =  undefined  192 32 0
:125 --------------------------------------------------------------------
:123 lhs, fn, arg1, arg2 =  S c R k 0
:124 lhs, fn, arg1, arg2 =  undefined  224 4 0
:125 --------------------------------------------------------------------
:123 lhs, fn, arg1, arg2 =  T c S i 0
:124 lhs, fn, arg1, arg2 =  undefined  228 2 0
:125 --------------------------------------------------------------------
:123 lhs, fn, arg1, arg2 =  U c O N 0
:124 lhs, fn, arg1, arg2 =  undefined  64 32 0
:125 --------------------------------------------------------------------
:123 lhs, fn, arg1, arg2 =  V c U o 0
:124 lhs, fn, arg1, arg2 =  undefined  96 8 0
:125 --------------------------------------------------------------------
:123 lhs, fn, arg1, arg2 =  W c O w 0
:124 lhs, fn, arg1, arg2 =  undefined  64 16 0
:125 --------------------------------------------------------------------
:123 lhs, fn, arg1, arg2 =  X c W k 0
:124 lhs, fn, arg1, arg2 =  undefined  80 4 0
:125 --------------------------------------------------------------------
:123 lhs, fn, arg1, arg2 =  Y c V k 0
:124 lhs, fn, arg1, arg2 =  undefined  104 4 0
:125 --------------------------------------------------------------------
:123 lhs, fn, arg1, arg2 =  Ѐ c Y i 0
:124 lhs, fn, arg1, arg2 =  undefined  108 2 0
:125 --------------------------------------------------------------------
:123 lhs, fn, arg1, arg2 =  Ё c Ѐ f 0
:124 lhs, fn, arg1, arg2 =  undefined  110 1 0
:125 --------------------------------------------------------------------
:123 lhs, fn, arg1, arg2 =  Ђ c Q o 0
:124 lhs, fn, arg1, arg2 =  undefined  192 8 0
:125 --------------------------------------------------------------------
:123 lhs, fn, arg1, arg2 =  Ѓ c Ђ k 0
:124 lhs, fn, arg1, arg2 =  undefined  200 4 0
:125 --------------------------------------------------------------------
:123 lhs, fn, arg1, arg2 =  Є c Ѓ f 0
:124 lhs, fn, arg1, arg2 =  undefined  204 1 0
:125 --------------------------------------------------------------------
:123 lhs, fn, arg1, arg2 =  Ѕ c P N 0
:124 lhs, fn, arg1, arg2 =  undefined  128 32 0
:125 --------------------------------------------------------------------
:123 lhs, fn, arg1, arg2 =  І c Ѕ w 0
:124 lhs, fn, arg1, arg2 =  undefined  160 16 0
:125 --------------------------------------------------------------------
:123 lhs, fn, arg1, arg2 =  Ї c І o 0
:124 lhs, fn, arg1, arg2 =  undefined  176 8 0
:125 --------------------------------------------------------------------
:123 lhs, fn, arg1, arg2 =  Ј c Ї i 0
:124 lhs, fn, arg1, arg2 =  undefined  184 2 0
:125 --------------------------------------------------------------------
:123 lhs, fn, arg1, arg2 =  Љ c Ј f 0
:124 lhs, fn, arg1, arg2 =  undefined  186 1 0
:125 --------------------------------------------------------------------
:123 lhs, fn, arg1, arg2 =  Њ c P k 0
:124 lhs, fn, arg1, arg2 =  undefined  128 4 0
:125 --------------------------------------------------------------------
:123 lhs, fn, arg1, arg2 =  Ћ c Њ i 0
:124 lhs, fn, arg1, arg2 =  undefined  132 2 0
:125 --------------------------------------------------------------------
:123 lhs, fn, arg1, arg2 =  Ќ c І i 0
:124 lhs, fn, arg1, arg2 =  undefined  176 2 0
:125 --------------------------------------------------------------------
:123 lhs, fn, arg1, arg2 =  Ѝ c Ќ f 0
:124 lhs, fn, arg1, arg2 =  undefined  178 1 0
:125 --------------------------------------------------------------------
:123 lhs, fn, arg1, arg2 =  Ў c W o 0
:124 lhs, fn, arg1, arg2 =  undefined  80 8 0
:125 --------------------------------------------------------------------
:123 lhs, fn, arg1, arg2 =  Џ c Ў k 0
:124 lhs, fn, arg1, arg2 =  undefined  88 4 0
:125 --------------------------------------------------------------------
:123 lhs, fn, arg1, arg2 =  А c Џ i 0
:124 lhs, fn, arg1, arg2 =  undefined  92 2 0
:125 --------------------------------------------------------------------
:123 lhs, fn, arg1, arg2 =  Б c І k 0
:124 lhs, fn, arg1, arg2 =  undefined  176 4 0
:125 --------------------------------------------------------------------
:123 lhs, fn, arg1, arg2 =  В c Б f 0
:124 lhs, fn, arg1, arg2 =  undefined  180 1 0
:125 --------------------------------------------------------------------
:123 lhs, fn, arg1, arg2 =  Г c N k 0
:124 lhs, fn, arg1, arg2 =  undefined  32 4 0
:125 --------------------------------------------------------------------
:123 lhs, fn, arg1, arg2 =  Д c Г f 0
:124 lhs, fn, arg1, arg2 =  undefined  36 1 0
:125 --------------------------------------------------------------------
:123 lhs, fn, arg1, arg2 =  Е c Ї k 0
:124 lhs, fn, arg1, arg2 =  undefined  184 4 0
:125 --------------------------------------------------------------------
:123 lhs, fn, arg1, arg2 =  Ж c Е i 0
:124 lhs, fn, arg1, arg2 =  undefined  188 2 0
:125 --------------------------------------------------------------------
:123 lhs, fn, arg1, arg2 =  З c Ж f 0
:124 lhs, fn, arg1, arg2 =  undefined  190 1 0
:125 --------------------------------------------------------------------
:123 lhs, fn, arg1, arg2 =  И c R w 0
:124 lhs, fn, arg1, arg2 =  undefined  224 16 0
:125 --------------------------------------------------------------------
:123 lhs, fn, arg1, arg2 =  Й c И o 0
:124 lhs, fn, arg1, arg2 =  undefined  240 8 0
:125 --------------------------------------------------------------------
:123 lhs, fn, arg1, arg2 =  К c Й k 0
:124 lhs, fn, arg1, arg2 =  undefined  248 4 0
:125 --------------------------------------------------------------------
:123 lhs, fn, arg1, arg2 =  Л c U k 0
:124 lhs, fn, arg1, arg2 =  undefined  96 4 0
:125 --------------------------------------------------------------------
:123 lhs, fn, arg1, arg2 =  М c Л i 0
:124 lhs, fn, arg1, arg2 =  undefined  100 2 0
:125 --------------------------------------------------------------------
:123 lhs, fn, arg1, arg2 =  Н c М f 0
:124 lhs, fn, arg1, arg2 =  undefined  102 1 0
:125 --------------------------------------------------------------------
:123 lhs, fn, arg1, arg2 =  О c И k 0
:124 lhs, fn, arg1, arg2 =  undefined  240 4 0
:125 --------------------------------------------------------------------
:123 lhs, fn, arg1, arg2 =  П c О i 0
:124 lhs, fn, arg1, arg2 =  undefined  244 2 0
:125 --------------------------------------------------------------------
:123 lhs, fn, arg1, arg2 =  Р c П f 0
:124 lhs, fn, arg1, arg2 =  undefined  246 1 0
:125 --------------------------------------------------------------------
:123 lhs, fn, arg1, arg2 =  С c U w 0
:124 lhs, fn, arg1, arg2 =  undefined  96 16 0
:125 --------------------------------------------------------------------
:123 lhs, fn, arg1, arg2 =  Т c С i 0
:124 lhs, fn, arg1, arg2 =  undefined  112 2 0
:125 --------------------------------------------------------------------
:123 lhs, fn, arg1, arg2 =  У c Q k 0
:124 lhs, fn, arg1, arg2 =  undefined  192 4 0
:125 --------------------------------------------------------------------
:123 lhs, fn, arg1, arg2 =  Ф c У i 0
:124 lhs, fn, arg1, arg2 =  undefined  196 2 0
:125 --------------------------------------------------------------------
:123 lhs, fn, arg1, arg2 =  Х c Ѓ i 0
:124 lhs, fn, arg1, arg2 =  undefined  204 2 0
:125 --------------------------------------------------------------------
:123 lhs, fn, arg1, arg2 =  Ц c Q w 0
:124 lhs, fn, arg1, arg2 =  undefined  192 16 0
:125 --------------------------------------------------------------------
:123 lhs, fn, arg1, arg2 =  Ч c Ц o 0
:124 lhs, fn, arg1, arg2 =  undefined  208 8 0
:125 --------------------------------------------------------------------
:123 lhs, fn, arg1, arg2 =  Ш c Ч k 0
:124 lhs, fn, arg1, arg2 =  undefined  216 4 0
:125 --------------------------------------------------------------------
:123 lhs, fn, arg1, arg2 =  Щ c Ш i 0
:124 lhs, fn, arg1, arg2 =  undefined  220 2 0
:125 --------------------------------------------------------------------
:123 lhs, fn, arg1, arg2 =  Ъ c Щ f 0
:124 lhs, fn, arg1, arg2 =  undefined  222 1 0
:125 --------------------------------------------------------------------
:123 lhs, fn, arg1, arg2 =  Ы c R i 0
:124 lhs, fn, arg1, arg2 =  undefined  224 2 0
:125 --------------------------------------------------------------------
:123 lhs, fn, arg1, arg2 =  Ь c Ы f 0
:124 lhs, fn, arg1, arg2 =  undefined  226 1 0
:125 --------------------------------------------------------------------
:123 lhs, fn, arg1, arg2 =  Э c К i 0
:124 lhs, fn, arg1, arg2 =  undefined  252 2 0
:125 --------------------------------------------------------------------
:123 lhs, fn, arg1, arg2 =  Ю c Э f 0
:124 lhs, fn, arg1, arg2 =  undefined  254 1 0
:125 --------------------------------------------------------------------
:123 lhs, fn, arg1, arg2 =  Я c С o 0
:124 lhs, fn, arg1, arg2 =  undefined  112 8 0
:125 --------------------------------------------------------------------
:123 lhs, fn, arg1, arg2 =  а c Я i 0
:124 lhs, fn, arg1, arg2 =  undefined  120 2 0
:125 --------------------------------------------------------------------
:123 lhs, fn, arg1, arg2 =  б c Г i 0
:124 lhs, fn, arg1, arg2 =  undefined  36 2 0
:125 --------------------------------------------------------------------
:123 lhs, fn, arg1, arg2 =  в c Й i 0
:124 lhs, fn, arg1, arg2 =  undefined  248 2 0
:125 --------------------------------------------------------------------
:123 lhs, fn, arg1, arg2 =  г c R o 0
:124 lhs, fn, arg1, arg2 =  undefined  224 8 0
:125 --------------------------------------------------------------------
:123 lhs, fn, arg1, arg2 =  д c г k 0
:124 lhs, fn, arg1, arg2 =  undefined  232 4 0
:125 --------------------------------------------------------------------
:123 lhs, fn, arg1, arg2 =  е c д i 0
:124 lhs, fn, arg1, arg2 =  undefined  236 2 0
:125 --------------------------------------------------------------------
:123 lhs, fn, arg1, arg2 =  ж d Т a 0
:124 lhs, fn, arg1, arg2 =  undefined  114  0
:125 --------------------------------------------------------------------
:123 lhs, fn, arg1, arg2 =  з c Л f 0
:124 lhs, fn, arg1, arg2 =  undefined  100 1 0
:125 --------------------------------------------------------------------
:123 lhs, fn, arg1, arg2 =  и d з a 0
:124 lhs, fn, arg1, arg2 =  undefined  101  0
:125 --------------------------------------------------------------------
:123 lhs, fn, arg1, arg2 =  ж c ж и 0
:124 lhs, fn, arg1, arg2 =  r  r e 0
:125 --------------------------------------------------------------------
:123 lhs, fn, arg1, arg2 =  й c С k 0
:124 lhs, fn, arg1, arg2 =  undefined  112 4 0
:125 --------------------------------------------------------------------
:123 lhs, fn, arg1, arg2 =  к d й a 0
:124 lhs, fn, arg1, arg2 =  undefined  116  0
:125 --------------------------------------------------------------------
:123 lhs, fn, arg1, arg2 =  ж c ж к 0
:124 lhs, fn, arg1, arg2 =  re  re t 0
:125 --------------------------------------------------------------------
:123 lhs, fn, arg1, arg2 =  л c й f 0
:124 lhs, fn, arg1, arg2 =  undefined  116 1 0
:125 --------------------------------------------------------------------
:123 lhs, fn, arg1, arg2 =  м d л a 0
:124 lhs, fn, arg1, arg2 =  undefined  117  0
:125 --------------------------------------------------------------------
:123 lhs, fn, arg1, arg2 =  ж c ж м 0
:124 lhs, fn, arg1, arg2 =  ret  ret u 0
:125 --------------------------------------------------------------------
:123 lhs, fn, arg1, arg2 =  н d Т a 0
:124 lhs, fn, arg1, arg2 =  undefined  114  0
:125 --------------------------------------------------------------------
:123 lhs, fn, arg1, arg2 =  ж c ж н 0
:124 lhs, fn, arg1, arg2 =  retu  retu r 0
:125 --------------------------------------------------------------------
:123 lhs, fn, arg1, arg2 =  о d Ѐ a 0
:124 lhs, fn, arg1, arg2 =  undefined  110  0
:125 --------------------------------------------------------------------
:123 lhs, fn, arg1, arg2 =  ж c ж о 0
:124 lhs, fn, arg1, arg2 =  retur  retur n 0
:125 --------------------------------------------------------------------
:123 lhs, fn, arg1, arg2 =  п d N a 0
:124 lhs, fn, arg1, arg2 =  undefined  32  0
:125 --------------------------------------------------------------------
:123 lhs, fn, arg1, arg2 =  ж c ж п 0
:124 lhs, fn, arg1, arg2 =  return  return   0
:125 --------------------------------------------------------------------
:123 lhs, fn, arg1, arg2 =  р c U i 0
:124 lhs, fn, arg1, arg2 =  undefined  96 2 0
:125 --------------------------------------------------------------------
:123 lhs, fn, arg1, arg2 =  с c р f 0
:124 lhs, fn, arg1, arg2 =  undefined  98 1 0
:125 --------------------------------------------------------------------
:123 lhs, fn, arg1, arg2 =  т d с a 0
:124 lhs, fn, arg1, arg2 =  undefined  99  0
:125 --------------------------------------------------------------------
:123 lhs, fn, arg1, arg2 =  у d Ё a 0
:124 lhs, fn, arg1, arg2 =  undefined  111  0
:125 --------------------------------------------------------------------
:123 lhs, fn, arg1, arg2 =  т c т у 0
:124 lhs, fn, arg1, arg2 =  c  c o 0
:125 --------------------------------------------------------------------
:123 lhs, fn, arg1, arg2 =  т c т о 0
:124 lhs, fn, arg1, arg2 =  co  co n 0
:125 --------------------------------------------------------------------
:123 lhs, fn, arg1, arg2 =  ф c Т f 0
:124 lhs, fn, arg1, arg2 =  undefined  114 1 0
:125 --------------------------------------------------------------------
:123 lhs, fn, arg1, arg2 =  х d ф a 0
:124 lhs, fn, arg1, arg2 =  undefined  115  0
:125 --------------------------------------------------------------------
:123 lhs, fn, arg1, arg2 =  т c т х 0
:124 lhs, fn, arg1, arg2 =  con  con s 0
:125 --------------------------------------------------------------------
:123 lhs, fn, arg1, arg2 =  т c т к 0
:124 lhs, fn, arg1, arg2 =  cons  cons t 0
:125 --------------------------------------------------------------------
:123 lhs, fn, arg1, arg2 =  т c т н 0
:124 lhs, fn, arg1, arg2 =  const  const r 0
:125 --------------------------------------------------------------------
:123 lhs, fn, arg1, arg2 =  т c т м 0
:124 lhs, fn, arg1, arg2 =  constr  constr u 0
:125 --------------------------------------------------------------------
:123 lhs, fn, arg1, arg2 =  ц d с a 0
:124 lhs, fn, arg1, arg2 =  undefined  99  0
:125 --------------------------------------------------------------------
:123 lhs, fn, arg1, arg2 =  т c т ц 0
:124 lhs, fn, arg1, arg2 =  constru  constru c 0
:125 --------------------------------------------------------------------
:123 lhs, fn, arg1, arg2 =  т c т к 0
:124 lhs, fn, arg1, arg2 =  construc  construc t 0
:125 --------------------------------------------------------------------
:123 lhs, fn, arg1, arg2 =  т c т у 0
:124 lhs, fn, arg1, arg2 =  construct  construct o 0
:125 --------------------------------------------------------------------
:123 lhs, fn, arg1, arg2 =  т c т н 0
:124 lhs, fn, arg1, arg2 =  constructo  constructo r 0
:125 --------------------------------------------------------------------
:123 lhs, fn, arg1, arg2 =  ч a a т 0
:124 lhs, fn, arg1, arg2 =  undefined   constructor 0
:125 --------------------------------------------------------------------
:123 lhs, fn, arg1, arg2 =  ш d Я a 0
:124 lhs, fn, arg1, arg2 =  undefined (x) => String.fromCharCode(x) 120 (x,y) => x[y] 0
:125 --------------------------------------------------------------------
:123 lhs, fn, arg1, arg2 =  щ c й i 0
:124 lhs, fn, arg1, arg2 =  undefined (x,y) => x+y 116 2 0
:125 --------------------------------------------------------------------
:123 lhs, fn, arg1, arg2 =  ъ c щ f 0
:124 lhs, fn, arg1, arg2 =  undefined (x,y) => x+y 118 1 0
:125 --------------------------------------------------------------------
:123 lhs, fn, arg1, arg2 =  ы d ъ a 0
:124 lhs, fn, arg1, arg2 =  undefined (x) => String.fromCharCode(x) 119 (x,y) => x[y] 0
:125 --------------------------------------------------------------------
:123 lhs, fn, arg1, arg2 =  ь c ж ы 0
:124 lhs, fn, arg1, arg2 =  undefined (x,y) => x+y return  w 0
:125 --------------------------------------------------------------------
:123 lhs, fn, arg1, arg2 =  э c V f 0
:124 lhs, fn, arg1, arg2 =  undefined (x,y) => x+y 104 1 0
:125 --------------------------------------------------------------------
:123 lhs, fn, arg1, arg2 =  ю d э a 0
:124 lhs, fn, arg1, arg2 =  undefined (x) => String.fromCharCode(x) 105 (x,y) => x[y] 0
:125 --------------------------------------------------------------------
:123 lhs, fn, arg1, arg2 =  ь c ь ю 0
:124 lhs, fn, arg1, arg2 =  return w (x,y) => x+y return w i 0
:125 --------------------------------------------------------------------
:123 lhs, fn, arg1, arg2 =  ь c ь о 0
:124 lhs, fn, arg1, arg2 =  return wi (x,y) => x+y return wi n 0
:125 --------------------------------------------------------------------
:123 lhs, fn, arg1, arg2 =  я d Л a 0
:124 lhs, fn, arg1, arg2 =  undefined (x) => String.fromCharCode(x) 100 (x,y) => x[y] 0
:125 --------------------------------------------------------------------
:123 lhs, fn, arg1, arg2 =  ь c ь я 0
:124 lhs, fn, arg1, arg2 =  return win (x,y) => x+y return win d 0
:125 --------------------------------------------------------------------
:123 lhs, fn, arg1, arg2 =  ь c ь у 0
:124 lhs, fn, arg1, arg2 =  return wind (x,y) => x+y return wind o 0
:125 --------------------------------------------------------------------
:123 lhs, fn, arg1, arg2 =  ь c ь ы 0
:124 lhs, fn, arg1, arg2 =  return windo (x,y) => x+y return windo w 0
:125 --------------------------------------------------------------------
:123 lhs, fn, arg1, arg2 =  ѐ ч ш ь 0
:124 lhs, fn, arg1, arg2 =  undefined ƒ Function() { [native code] } x return window 0
:125 --------------------------------------------------------------------
:123 lhs, fn, arg1, arg2 =  ё ѐ ш ш 0
:124 lhs, fn, arg1, arg2 =  undefined ƒ anonymous(x
) {
return window
} x x 0
:125 --------------------------------------------------------------------
:123 lhs, fn, arg1, arg2 =  ђ c O f 0
:124 lhs, fn, arg1, arg2 =  undefined (x,y) => x+y 64 1 0
:125 --------------------------------------------------------------------
:123 lhs, fn, arg1, arg2 =  ѓ d ђ a 0
:124 lhs, fn, arg1, arg2 =  undefined (x) => String.fromCharCode(x) 65 (x,y) => x[y] 0
:125 --------------------------------------------------------------------
:123 lhs, fn, arg1, arg2 =  ѓ c ѓ н 0
:124 lhs, fn, arg1, arg2 =  A (x,y) => x+y A r 0
:125 --------------------------------------------------------------------
:123 lhs, fn, arg1, arg2 =  ѓ c ѓ н 0
:124 lhs, fn, arg1, arg2 =  Ar (x,y) => x+y Ar r 0
:125 --------------------------------------------------------------------
:123 lhs, fn, arg1, arg2 =  є c U f 0
:124 lhs, fn, arg1, arg2 =  undefined (x,y) => x+y 96 1 0
:125 --------------------------------------------------------------------
:123 lhs, fn, arg1, arg2 =  ѕ d є a 0
:124 lhs, fn, arg1, arg2 =  undefined (x) => String.fromCharCode(x) 97 (x,y) => x[y] 0
:125 --------------------------------------------------------------------
:123 lhs, fn, arg1, arg2 =  ѓ c ѓ ѕ 0
:124 lhs, fn, arg1, arg2 =  Arr (x,y) => x+y Arr a 0
:125 --------------------------------------------------------------------
:123 lhs, fn, arg1, arg2 =  і c Я f 0
:124 lhs, fn, arg1, arg2 =  undefined (x,y) => x+y 120 1 0
:125 --------------------------------------------------------------------
:123 lhs, fn, arg1, arg2 =  ї d і a 0
:124 lhs, fn, arg1, arg2 =  undefined (x) => String.fromCharCode(x) 121 (x,y) => x[y] 0
:125 --------------------------------------------------------------------
:123 lhs, fn, arg1, arg2 =  ѓ c ѓ ї 0
:124 lhs, fn, arg1, arg2 =  Arra  Arra y 0
:125 --------------------------------------------------------------------
:123 lhs, fn, arg1, arg2 =  ј a ё ѓ 0
:124 lhs, fn, arg1, arg2 =  undefined  Window {postMessage: ƒ, blur: ƒ, focus: ƒ, close: ƒ, frames: Window, …} Array 0
:125 --------------------------------------------------------------------
:123 lhs, fn, arg1, arg2 =  љ a a т 0
:124 lhs, fn, arg1, arg2 =  undefined   constructor 0
:125 --------------------------------------------------------------------
:123 lhs, fn, arg1, arg2 =  њ c ж ш 0
:124 lhs, fn, arg1, arg2 =  undefined  return  x 0
:125 --------------------------------------------------------------------
:123 lhs, fn, arg1, arg2 =  ћ c Ў i 0
:124 lhs, fn, arg1, arg2 =  undefined  88 2 0
:125 --------------------------------------------------------------------
:123 lhs, fn, arg1, arg2 =  ќ c ћ f 0
:124 lhs, fn, arg1, arg2 =  undefined  90 1 0
:125 --------------------------------------------------------------------
:123 lhs, fn, arg1, arg2 =  ѝ d ќ a 0
:124 lhs, fn, arg1, arg2 =  undefined  91  0
:125 --------------------------------------------------------------------
:123 lhs, fn, arg1, arg2 =  њ c њ ѝ 0
:124 lhs, fn, arg1, arg2 =  return x  return x [ 0
:125 --------------------------------------------------------------------
:123 lhs, fn, arg1, arg2 =  њ c њ e 0
:124 lhs, fn, arg1, arg2 =  return x[  return x[ 0 0
:125 --------------------------------------------------------------------
:123 lhs, fn, arg1, arg2 =  ў c Џ f 0
:124 lhs, fn, arg1, arg2 =  undefined  92 1 0
:125 --------------------------------------------------------------------
:123 lhs, fn, arg1, arg2 =  џ d ў a 0
:124 lhs, fn, arg1, arg2 =  undefined  93  0
:125 --------------------------------------------------------------------
:123 lhs, fn, arg1, arg2 =  њ c њ џ 0
:124 lhs, fn, arg1, arg2 =  return x[0  return x[0 ] 0
:125 --------------------------------------------------------------------
:123 lhs, fn, arg1, arg2 =  Ѡ d А a 0
:124 lhs, fn, arg1, arg2 =  undefined  94  0
:125 --------------------------------------------------------------------
:123 lhs, fn, arg1, arg2 =  њ c њ Ѡ 0
:124 lhs, fn, arg1, arg2 =  return x[0]  return x[0] ^ 0
:125 --------------------------------------------------------------------
:123 lhs, fn, arg1, arg2 =  њ c њ ш 0
:124 lhs, fn, arg1, arg2 =  return x[0]^  return x[0]^ x 0
:125 --------------------------------------------------------------------
:123 lhs, fn, arg1, arg2 =  њ c њ ѝ 0
:124 lhs, fn, arg1, arg2 =  return x[0]^x  return x[0]^x [ 0
:125 --------------------------------------------------------------------
:123 lhs, fn, arg1, arg2 =  њ c њ f 0
:124 lhs, fn, arg1, arg2 =  return x[0]^x[  return x[0]^x[ 1 0
:125 --------------------------------------------------------------------
:123 lhs, fn, arg1, arg2 =  њ c њ џ 0
:124 lhs, fn, arg1, arg2 =  return x[0]^x[1  return x[0]^x[1 ] 0
:125 --------------------------------------------------------------------
:123 lhs, fn, arg1, arg2 =  ѡ љ ш њ 0
:124 lhs, fn, arg1, arg2 =  undefined  x return x[0]^x[1] 0
:125 --------------------------------------------------------------------
:123 lhs, fn, arg1, arg2 =  Ѣ a a т 0
:124 lhs, fn, arg1, arg2 =  undefined   constructor 0
:125 --------------------------------------------------------------------
:123 lhs, fn, arg1, arg2 =  ѣ c ж ш 0
:124 lhs, fn, arg1, arg2 =  undefined  return  x 0
:125 --------------------------------------------------------------------
:123 lhs, fn, arg1, arg2 =  ѣ c ѣ ѝ 0
:124 lhs, fn, arg1, arg2 =  return x  return x [ 0
:125 --------------------------------------------------------------------
:123 lhs, fn, arg1, arg2 =  ѣ c ѣ e 0
:124 lhs, fn, arg1, arg2 =  return x[  return x[ 0 0
:125 --------------------------------------------------------------------
:123 lhs, fn, arg1, arg2 =  ѣ c ѣ џ 0
:124 lhs, fn, arg1, arg2 =  return x[0  return x[0 ] 0
:125 --------------------------------------------------------------------
:123 lhs, fn, arg1, arg2 =  Ѥ c Я k 0
:124 lhs, fn, arg1, arg2 =  undefined  120 4 0
:125 --------------------------------------------------------------------
:123 lhs, fn, arg1, arg2 =  ѥ d Ѥ a 0
:124 lhs, fn, arg1, arg2 =  undefined  124  0
:125 --------------------------------------------------------------------
:123 lhs, fn, arg1, arg2 =  ѣ c ѣ ѥ 0
:124 lhs, fn, arg1, arg2 =  return x[0]  return x[0] | 0
:125 --------------------------------------------------------------------
:123 lhs, fn, arg1, arg2 =  ѣ c ѣ ш 0
:124 lhs, fn, arg1, arg2 =  return x[0]|  return x[0]| x 0
:125 --------------------------------------------------------------------
:123 lhs, fn, arg1, arg2 =  ѣ c ѣ ѝ 0
:124 lhs, fn, arg1, arg2 =  return x[0]|x  return x[0]|x [ 0
:125 --------------------------------------------------------------------
:123 lhs, fn, arg1, arg2 =  ѣ c ѣ f 0
:124 lhs, fn, arg1, arg2 =  return x[0]|x[  return x[0]|x[ 1 0
:125 --------------------------------------------------------------------
:123 lhs, fn, arg1, arg2 =  ѣ c ѣ џ 0
:124 lhs, fn, arg1, arg2 =  return x[0]|x[1  return x[0]|x[1 ] 0
:125 --------------------------------------------------------------------
:123 lhs, fn, arg1, arg2 =  Ѧ Ѣ ш ѣ 0
:124 lhs, fn, arg1, arg2 =  undefined  x return x[0]|x[1] 0
:125 --------------------------------------------------------------------
:123 lhs, fn, arg1, arg2 =  ѧ c ц н 0
:124 lhs, fn, arg1, arg2 =  undefined  c r 0
:125 --------------------------------------------------------------------
:123 lhs, fn, arg1, arg2 =  ѧ c ѧ ї 0
:124 lhs, fn, arg1, arg2 =  cr  cr y 0
:125 --------------------------------------------------------------------
:123 lhs, fn, arg1, arg2 =  Ѩ d С a 0
:124 lhs, fn, arg1, arg2 =  undefined  112  0
:125 --------------------------------------------------------------------
:123 lhs, fn, arg1, arg2 =  ѧ c ѧ Ѩ 0
:124 lhs, fn, arg1, arg2 =  cry  cry p 0
:125 --------------------------------------------------------------------
:123 lhs, fn, arg1, arg2 =  ѧ c ѧ к 0
:124 lhs, fn, arg1, arg2 =  cryp  cryp t 0
:125 --------------------------------------------------------------------
:123 lhs, fn, arg1, arg2 =  ѧ c ѧ у 0
:124 lhs, fn, arg1, arg2 =  crypt  crypt o 0
:125 --------------------------------------------------------------------
:123 lhs, fn, arg1, arg2 =  ѩ a ё ѧ 0
:124 lhs, fn, arg1, arg2 =  undefined  Window {postMessage: ƒ, blur: ƒ, focus: ƒ, close: ƒ, frames: Window, …} crypto 0
:125 --------------------------------------------------------------------
:123 lhs, fn, arg1, arg2 =  Ѫ c х м 0
:124 lhs, fn, arg1, arg2 =  undefined  s u 0
:125 --------------------------------------------------------------------
:123 lhs, fn, arg1, arg2 =  ѫ d р a 0
:124 lhs, fn, arg1, arg2 =  undefined  98  0
:125 --------------------------------------------------------------------
:123 lhs, fn, arg1, arg2 =  Ѫ c Ѫ ѫ 0
:124 lhs, fn, arg1, arg2 =  su  su b 0
:125 --------------------------------------------------------------------
:123 lhs, fn, arg1, arg2 =  Ѫ c Ѫ к 0
:124 lhs, fn, arg1, arg2 =  sub  sub t 0
:125 --------------------------------------------------------------------
:123 lhs, fn, arg1, arg2 =  Ѭ d Y a 0
:124 lhs, fn, arg1, arg2 =  undefined  108  0
:125 --------------------------------------------------------------------
:123 lhs, fn, arg1, arg2 =  Ѫ c Ѫ Ѭ 0
:124 lhs, fn, arg1, arg2 =  subt  subt l 0
:125 --------------------------------------------------------------------
:123 lhs, fn, arg1, arg2 =  Ѫ c Ѫ и 0
:124 lhs, fn, arg1, arg2 =  subtl  subtl e 0
:125 --------------------------------------------------------------------
:123 lhs, fn, arg1, arg2 =  ѭ a ѩ Ѫ 0
:124 lhs, fn, arg1, arg2 =  undefined  Crypto {subtle: SubtleCrypto} subtle 0
:125 --------------------------------------------------------------------
:123 lhs, fn, arg1, arg2 =  Ѯ c я ю 0
:124 lhs, fn, arg1, arg2 =  undefined  d i 0
:125 --------------------------------------------------------------------
:123 lhs, fn, arg1, arg2 =  ѯ d Н a 0
:124 lhs, fn, arg1, arg2 =  undefined  103  0
:125 --------------------------------------------------------------------
:123 lhs, fn, arg1, arg2 =  Ѯ c Ѯ ѯ 0
:124 lhs, fn, arg1, arg2 =  di  di g 0
:125 --------------------------------------------------------------------
:123 lhs, fn, arg1, arg2 =  Ѯ c Ѯ и 0
:124 lhs, fn, arg1, arg2 =  dig  dig e 0
:125 --------------------------------------------------------------------
:123 lhs, fn, arg1, arg2 =  Ѯ c Ѯ х 0
:124 lhs, fn, arg1, arg2 =  dige  dige s 0
:125 --------------------------------------------------------------------
:123 lhs, fn, arg1, arg2 =  Ѯ c Ѯ к 0
:124 lhs, fn, arg1, arg2 =  diges  diges t 0
:125 --------------------------------------------------------------------
:123 lhs, fn, arg1, arg2 =  Ѱ a ѭ Ѯ 0
:124 lhs, fn, arg1, arg2 =  undefined  SubtleCrypto {} digest 0
:125 --------------------------------------------------------------------
:123 lhs, fn, arg1, arg2 =  ѱ d V a 0
:124 lhs, fn, arg1, arg2 =  undefined  104  0
:125 --------------------------------------------------------------------
:123 lhs, fn, arg1, arg2 =  Ѳ c х ѱ 0
:124 lhs, fn, arg1, arg2 =  undefined  s h 0
:125 --------------------------------------------------------------------
:123 lhs, fn, arg1, arg2 =  Ѳ c Ѳ ѕ 0
:124 lhs, fn, arg1, arg2 =  sh  sh a 0
:125 --------------------------------------------------------------------
:123 lhs, fn, arg1, arg2 =  ѳ c N o 0
:124 lhs, fn, arg1, arg2 =  undefined  32 8 0
:125 --------------------------------------------------------------------
:123 lhs, fn, arg1, arg2 =  Ѵ c ѳ k 0
:124 lhs, fn, arg1, arg2 =  undefined  40 4 0
:125 --------------------------------------------------------------------
:123 lhs, fn, arg1, arg2 =  ѵ c Ѵ f 0
:124 lhs, fn, arg1, arg2 =  undefined  44 1 0
:125 --------------------------------------------------------------------
:123 lhs, fn, arg1, arg2 =  Ѷ d ѵ a 0
:124 lhs, fn, arg1, arg2 =  undefined  45  0
:125 --------------------------------------------------------------------
:123 lhs, fn, arg1, arg2 =  Ѳ c Ѳ Ѷ 0
:124 lhs, fn, arg1, arg2 =  sha  sha - 0
:125 --------------------------------------------------------------------
:123 lhs, fn, arg1, arg2 =  Ѳ c Ѳ i 0
:124 lhs, fn, arg1, arg2 =  sha-  sha- 2 0
:125 --------------------------------------------------------------------
:123 lhs, fn, arg1, arg2 =  Ѳ c Ѳ l 0
:124 lhs, fn, arg1, arg2 =  sha-2  sha-2 5 0
:125 --------------------------------------------------------------------
:123 lhs, fn, arg1, arg2 =  Ѳ c Ѳ m 0
:124 lhs, fn, arg1, arg2 =  sha-25  sha-25 6 0
:125 --------------------------------------------------------------------
:123 lhs, fn, arg1, arg2 =  ѷ ј Ѳ g 0
:124 lhs, fn, arg1, arg2 =  undefined  sha-256 Uint8Array [97] 0
:125 --------------------------------------------------------------------
:123 lhs, fn, arg1, arg2 =  Ѹ ј ѭ ѷ 0
:124 lhs, fn, arg1, arg2 =  undefined  SubtleCrypto {} (2) ["sha-256", Uint8Array(1)] 0
:125 --------------------------------------------------------------------
:123 lhs, fn, arg1, arg2 =  ѹ b Ѱ Ѹ 0
:124 lhs, fn, arg1, arg2 =  undefined   (2) [SubtleCrypto, Array(2)] 0
:125 --------------------------------------------------------------------
:123 lhs, fn, arg1, arg2 =  Ѻ c X f 0
:124 lhs, fn, arg1, arg2 =  undefined  84 1 0
:125 --------------------------------------------------------------------
:123 lhs, fn, arg1, arg2 =  ѻ d Ѻ a 0
:124 lhs, fn, arg1, arg2 =  undefined  85  0
:125 --------------------------------------------------------------------
:123 lhs, fn, arg1, arg2 =  ѻ c ѻ ю 0
:124 lhs, fn, arg1, arg2 =  U  U i 0
:125 --------------------------------------------------------------------
:123 lhs, fn, arg1, arg2 =  ѻ c ѻ о 0
:124 lhs, fn, arg1, arg2 =  Ui  Ui n 0
:125 --------------------------------------------------------------------
:123 lhs, fn, arg1, arg2 =  ѻ c ѻ к 0
:124 lhs, fn, arg1, arg2 =  Uin  Uin t 0
:125 --------------------------------------------------------------------
:123 lhs, fn, arg1, arg2 =  ѻ c ѻ o 0
:124 lhs, fn, arg1, arg2 =  Uint  Uint 8 0
:125 --------------------------------------------------------------------
:123 lhs, fn, arg1, arg2 =  Ѽ d ђ a 0
:124 lhs, fn, arg1, arg2 =  undefined  65  0
:125 --------------------------------------------------------------------
:123 lhs, fn, arg1, arg2 =  ѻ c ѻ Ѽ 0
:124 lhs, fn, arg1, arg2 =  Uint8  Uint8 A 0
:125 --------------------------------------------------------------------
:123 lhs, fn, arg1, arg2 =  ѻ c ѻ н 0
:124 lhs, fn, arg1, arg2 =  Uint8A  Uint8A r 0
:125 --------------------------------------------------------------------
:123 lhs, fn, arg1, arg2 =  ѻ c ѻ н 0
:124 lhs, fn, arg1, arg2 =  Uint8Ar  Uint8Ar r 0
:125 --------------------------------------------------------------------
:123 lhs, fn, arg1, arg2 =  ѻ c ѻ ѕ 0
:124 lhs, fn, arg1, arg2 =  Uint8Arr  Uint8Arr a 0
:125 --------------------------------------------------------------------
:123 lhs, fn, arg1, arg2 =  ѻ c ѻ ї 0
:124 lhs, fn, arg1, arg2 =  Uint8Arra  Uint8Arra y 0
:125 --------------------------------------------------------------------
:123 lhs, fn, arg1, arg2 =  ѽ a ё ѻ 0
:124 lhs, fn, arg1, arg2 =  undefined  Window {postMessage: ƒ, blur: ƒ, focus: ƒ, close: ƒ, frames: Window, …} Uint8Array 0
:125 --------------------------------------------------------------------
:123 lhs, fn, arg1, arg2 =  Ѿ ѽ ѹ ш 0
:124 lhs, fn, arg1, arg2 =  undefined  ArrayBuffer(32) {} x 0
:125 --------------------------------------------------------------------
:123 lhs, fn, arg1, arg2 =  ѿ c e e 0
:124 lhs, fn, arg1, arg2 =  undefined  0 0 0
:125 --------------------------------------------------------------------
:123 lhs, fn, arg1, arg2 =  Ҁ c e e 0
:124 lhs, fn, arg1, arg2 =  undefined  0 0 0
:125 --------------------------------------------------------------------
:123 lhs, fn, arg1, arg2 =  ҁ c e e 0
:124 lhs, fn, arg1, arg2 =  undefined  0 0 0
:125 --------------------------------------------------------------------
:123 lhs, fn, arg1, arg2 =  ҂ c e e 0
:124 lhs, fn, arg1, arg2 =  undefined  0 0 0
:125 --------------------------------------------------------------------
:123 lhs, fn, arg1, arg2 =  ѿ a Ѿ e 0
:124 lhs, fn, arg1, arg2 =  0  Uint8Array(32) [202, 151, 129, 18, 202, 27, 189, 202, 250, 194, 49, 179, 154, 35, 220, 77, 167, 134, 239, 248, 20, 124, 78, 114, 185, 128, 119, 133, 175, 238, 72, 187] 0 0
:125 --------------------------------------------------------------------
:123 lhs, fn, arg1, arg2 =  Ҁ ј ѿ T 0
:124 lhs, fn, arg1, arg2 =  0  202 230 0
:125 --------------------------------------------------------------------
:123 lhs, fn, arg1, arg2 =  ҂ ѡ Ҁ ш 0
:124 lhs, fn, arg1, arg2 =  0  (2) [202, 230] x 0
:125 --------------------------------------------------------------------
:123 lhs, fn, arg1, arg2 =  ҁ ј h ҂ 0
:124 lhs, fn, arg1, arg2 =  0  0 44 0
:125 --------------------------------------------------------------------
:123 lhs, fn, arg1, arg2 =  h Ѧ ҁ ш 0
:124 lhs, fn, arg1, arg2 =  0  (2) [0, 44] x 0
:125 --------------------------------------------------------------------
:123 lhs, fn, arg1, arg2 =  ѿ a Ѿ f 44
:124 lhs, fn, arg1, arg2 =  202  Uint8Array(32) [202, 151, 129, 18, 202, 27, 189, 202, 250, 194, 49, 179, 154, 35, 220, 77, 167, 134, 239, 248, 20, 124, 78, 114, 185, 128, 119, 133, 175, 238, 72, 187] 1 44
:125 --------------------------------------------------------------------
:123 lhs, fn, arg1, arg2 =  Ҁ ј ѿ V 44
:124 lhs, fn, arg1, arg2 =  (2) [202, 230]  151 104 44
:125 --------------------------------------------------------------------
:123 lhs, fn, arg1, arg2 =  ҂ ѡ Ҁ ш 44
:124 lhs, fn, arg1, arg2 =  44  (2) [151, 104] x 44
:125 --------------------------------------------------------------------
:123 lhs, fn, arg1, arg2 =  ҁ ј h ҂ 44
:124 lhs, fn, arg1, arg2 =  (2) [0, 44]  44 255 44
:125 --------------------------------------------------------------------
:123 lhs, fn, arg1, arg2 =  h Ѧ ҁ ш 44
:124 lhs, fn, arg1, arg2 =  44  (2) [44, 255] x 44
:125 --------------------------------------------------------------------
:123 lhs, fn, arg1, arg2 =  ѿ a Ѿ i 255
:124 lhs, fn, arg1, arg2 =  151  Uint8Array(32) [202, 151, 129, 18, 202, 27, 189, 202, 250, 194, 49, 179, 154, 35, 220, 77, 167, 134, 239, 248, 20, 124, 78, 114, 185, 128, 119, 133, 175, 238, 72, 187] 2 255
:125 --------------------------------------------------------------------
:123 lhs, fn, arg1, arg2 =  Ҁ ј ѿ U 255
:124 lhs, fn, arg1, arg2 =  (2) [151, 104]  129 96 255
:125 --------------------------------------------------------------------
:123 lhs, fn, arg1, arg2 =  ҂ ѡ Ҁ ш 255
:124 lhs, fn, arg1, arg2 =  255  (2) [129, 96] x 255
:125 --------------------------------------------------------------------
:123 lhs, fn, arg1, arg2 =  ҁ ј h ҂ 255
:124 lhs, fn, arg1, arg2 =  (2) [44, 255]  255 225 255
:125 --------------------------------------------------------------------
:123 lhs, fn, arg1, arg2 =  h Ѧ ҁ ш 255
:124 lhs, fn, arg1, arg2 =  255  (2) [255, 225] x 255
:125 --------------------------------------------------------------------
:123 lhs, fn, arg1, arg2 =  ѿ a Ѿ j 255
:124 lhs, fn, arg1, arg2 =  129  Uint8Array(32) [202, 151, 129, 18, 202, 27, 189, 202, 250, 194, 49, 179, 154, 35, 220, 77, 167, 134, 239, 248, 20, 124, 78, 114, 185, 128, 119, 133, 175, 238, 72, 187] 3 255
:125 --------------------------------------------------------------------
:123 lhs, fn, arg1, arg2 =  Ҁ ј ѿ X 255
:124 lhs, fn, arg1, arg2 =  (2) [129, 96]  18 84 255
:125 --------------------------------------------------------------------
:123 lhs, fn, arg1, arg2 =  ҂ ѡ Ҁ ш 255
:124 lhs, fn, arg1, arg2 =  225  (2) [18, 84] x 255
:125 --------------------------------------------------------------------
:123 lhs, fn, arg1, arg2 =  ҁ ј h ҂ 255
:124 lhs, fn, arg1, arg2 =  (2) [255, 225]  255 70 255
:125 --------------------------------------------------------------------
:123 lhs, fn, arg1, arg2 =  h Ѧ ҁ ш 255
:124 lhs, fn, arg1, arg2 =  255  (2) [255, 70] x 255
:125 --------------------------------------------------------------------
:123 lhs, fn, arg1, arg2 =  ѿ a Ѿ k 255
:124 lhs, fn, arg1, arg2 =  18  Uint8Array(32) [202, 151, 129, 18, 202, 27, 189, 202, 250, 194, 49, 179, 154, 35, 220, 77, 167, 134, 239, 248, 20, 124, 78, 114, 185, 128, 119, 133, 175, 238, 72, 187] 4 255
:125 --------------------------------------------------------------------
:123 lhs, fn, arg1, arg2 =  Ҁ ј ѿ Ё 255
:124 lhs, fn, arg1, arg2 =  (2) [18, 84]  202 111 255
:125 --------------------------------------------------------------------
:123 lhs, fn, arg1, arg2 =  ҂ ѡ Ҁ ш 255
:124 lhs, fn, arg1, arg2 =  70  (2) [202, 111] x 255
:125 --------------------------------------------------------------------
:123 lhs, fn, arg1, arg2 =  ҁ ј h ҂ 255
:124 lhs, fn, arg1, arg2 =  (2) [255, 70]  255 165 255
:125 --------------------------------------------------------------------
:123 lhs, fn, arg1, arg2 =  h Ѧ ҁ ш 255
:124 lhs, fn, arg1, arg2 =  255  (2) [255, 165] x 255
:125 --------------------------------------------------------------------
:123 lhs, fn, arg1, arg2 =  ѿ a Ѿ l 255
:124 lhs, fn, arg1, arg2 =  202  Uint8Array(32) [202, 151, 129, 18, 202, 27, 189, 202, 250, 194, 49, 179, 154, 35, 220, 77, 167, 134, 239, 248, 20, 124, 78, 114, 185, 128, 119, 133, 175, 238, 72, 187] 5 255
:125 --------------------------------------------------------------------
:123 lhs, fn, arg1, arg2 =  Ҁ ј ѿ F 255
:124 lhs, fn, arg1, arg2 =  (2) [202, 111]  27 24 255
:125 --------------------------------------------------------------------
:123 lhs, fn, arg1, arg2 =  ҂ ѡ Ҁ ш 255
:124 lhs, fn, arg1, arg2 =  165  (2) [27, 24] x 255
:125 --------------------------------------------------------------------
:123 lhs, fn, arg1, arg2 =  ҁ ј h ҂ 255
:124 lhs, fn, arg1, arg2 =  (2) [255, 165]  255 3 255
:125 --------------------------------------------------------------------
:123 lhs, fn, arg1, arg2 =  h Ѧ ҁ ш 255
:124 lhs, fn, arg1, arg2 =  255  (2) [255, 3] x 255
:125 --------------------------------------------------------------------
:123 lhs, fn, arg1, arg2 =  ѿ a Ѿ m 255
:124 lhs, fn, arg1, arg2 =  27  Uint8Array(32) [202, 151, 129, 18, 202, 27, 189, 202, 250, 194, 49, 179, 154, 35, 220, 77, 167, 134, 239, 248, 20, 124, 78, 114, 185, 128, 119, 133, 175, 238, 72, 187] 6 255
:125 --------------------------------------------------------------------
:123 lhs, fn, arg1, arg2 =  Ҁ ј ѿ Є 255
:124 lhs, fn, arg1, arg2 =  (2) [27, 24]  189 205 255
:125 --------------------------------------------------------------------
:123 lhs, fn, arg1, arg2 =  ҂ ѡ Ҁ ш 255
:124 lhs, fn, arg1, arg2 =  3  (2) [189, 205] x 255
:125 --------------------------------------------------------------------
:123 lhs, fn, arg1, arg2 =  ҁ ј h ҂ 255
:124 lhs, fn, arg1, arg2 =  (2) [255, 3]  255 112 255
:125 --------------------------------------------------------------------
:123 lhs, fn, arg1, arg2 =  h Ѧ ҁ ш 255
:124 lhs, fn, arg1, arg2 =  255  (2) [255, 112] x 255
:125 --------------------------------------------------------------------
:123 lhs, fn, arg1, arg2 =  ѿ a Ѿ n 255
:124 lhs, fn, arg1, arg2 =  189  Uint8Array(32) [202, 151, 129, 18, 202, 27, 189, 202, 250, 194, 49, 179, 154, 35, 220, 77, 167, 134, 239, 248, 20, 124, 78, 114, 185, 128, 119, 133, 175, 238, 72, 187] 7 255
:125 --------------------------------------------------------------------
:123 lhs, fn, arg1, arg2 =  Ҁ ј ѿ Љ 255
:124 lhs, fn, arg1, arg2 =  (2) [189, 205]  202 187 255
:125 --------------------------------------------------------------------
:123 lhs, fn, arg1, arg2 =  ҂ ѡ Ҁ ш 255
:124 lhs, fn, arg1, arg2 =  112  (2) [202, 187] x 255
:125 --------------------------------------------------------------------
:123 lhs, fn, arg1, arg2 =  ҁ ј h ҂ 255
:124 lhs, fn, arg1, arg2 =  (2) [255, 112]  255 113 255
:125 --------------------------------------------------------------------
:123 lhs, fn, arg1, arg2 =  h Ѧ ҁ ш 255
:124 lhs, fn, arg1, arg2 =  255  (2) [255, 113] x 255
:125 --------------------------------------------------------------------
:123 lhs, fn, arg1, arg2 =  ѿ a Ѿ o 255
:124 lhs, fn, arg1, arg2 =  202  Uint8Array(32) [202, 151, 129, 18, 202, 27, 189, 202, 250, 194, 49, 179, 154, 35, 220, 77, 167, 134, 239, 248, 20, 124, 78, 114, 185, 128, 119, 133, 175, 238, 72, 187] 8 255
:125 --------------------------------------------------------------------
:123 lhs, fn, arg1, arg2 =  Ҁ ј ѿ Є 255
:124 lhs, fn, arg1, arg2 =  (2) [202, 187]  250 205 255
:125 --------------------------------------------------------------------
:123 lhs, fn, arg1, arg2 =  ҂ ѡ Ҁ ш 255
:124 lhs, fn, arg1, arg2 =  113  (2) [250, 205] x 255
:125 --------------------------------------------------------------------
:123 lhs, fn, arg1, arg2 =  ҁ ј h ҂ 255
:124 lhs, fn, arg1, arg2 =  (2) [255, 113]  255 55 255
:125 --------------------------------------------------------------------
:123 lhs, fn, arg1, arg2 =  h Ѧ ҁ ш 255
:124 lhs, fn, arg1, arg2 =  255  (2) [255, 55] x 255
:125 --------------------------------------------------------------------
:123 lhs, fn, arg1, arg2 =  ѿ a Ѿ p 255
:124 lhs, fn, arg1, arg2 =  250  Uint8Array(32) [202, 151, 129, 18, 202, 27, 189, 202, 250, 194, 49, 179, 154, 35, 220, 77, 167, 134, 239, 248, 20, 124, 78, 114, 185, 128, 119, 133, 175, 238, 72, 187] 9 255
:125 --------------------------------------------------------------------
:123 lhs, fn, arg1, arg2 =  Ҁ ј ѿ Ћ 255
:124 lhs, fn, arg1, arg2 =  (2) [250, 205]  194 134 255
:125 --------------------------------------------------------------------
:123 lhs, fn, arg1, arg2 =  ҂ ѡ Ҁ ш 255
:124 lhs, fn, arg1, arg2 =  55  (2) [194, 134] x 255
:125 --------------------------------------------------------------------
:123 lhs, fn, arg1, arg2 =  ҁ ј h ҂ 255
:124 lhs, fn, arg1, arg2 =  (2) [255, 55]  255 68 255
:125 --------------------------------------------------------------------
:123 lhs, fn, arg1, arg2 =  h Ѧ ҁ ш 255
:124 lhs, fn, arg1, arg2 =  255  (2) [255, 68] x 255
:125 --------------------------------------------------------------------
:123 lhs, fn, arg1, arg2 =  ѿ a Ѿ q 255
:124 lhs, fn, arg1, arg2 =  194  Uint8Array(32) [202, 151, 129, 18, 202, 27, 189, 202, 250, 194, 49, 179, 154, 35, 220, 77, 167, 134, 239, 248, 20, 124, 78, 114, 185, 128, 119, 133, 175, 238, 72, 187] 10 255
:125 --------------------------------------------------------------------
:123 lhs, fn, arg1, arg2 =  Ҁ ј ѿ Ѝ 255
:124 lhs, fn, arg1, arg2 =  (2) [194, 134]  49 179 255
:125 --------------------------------------------------------------------
:123 lhs, fn, arg1, arg2 =  ҂ ѡ Ҁ ш 255
:124 lhs, fn, arg1, arg2 =  68  (2) [49, 179] x 255
:125 --------------------------------------------------------------------
:123 lhs, fn, arg1, arg2 =  ҁ ј h ҂ 255
:124 lhs, fn, arg1, arg2 =  (2) [255, 68]  255 130 255
:125 --------------------------------------------------------------------
:123 lhs, fn, arg1, arg2 =  h Ѧ ҁ ш 255
:124 lhs, fn, arg1, arg2 =  255  (2) [255, 130] x 255
:125 --------------------------------------------------------------------
:123 lhs, fn, arg1, arg2 =  ѿ a Ѿ r 255
:124 lhs, fn, arg1, arg2 =  49  Uint8Array(32) [202, 151, 129, 18, 202, 27, 189, 202, 250, 194, 49, 179, 154, 35, 220, 77, 167, 134, 239, 248, 20, 124, 78, 114, 185, 128, 119, 133, 175, 238, 72, 187] 11 255
:125 --------------------------------------------------------------------
:123 lhs, fn, arg1, arg2 =  Ҁ ј ѿ А 255
:124 lhs, fn, arg1, arg2 =  (2) [49, 179]  179 94 255
:125 --------------------------------------------------------------------
:123 lhs, fn, arg1, arg2 =  ҂ ѡ Ҁ ш 255
:124 lhs, fn, arg1, arg2 =  130  (2) [179, 94] x 255
:125 --------------------------------------------------------------------
:123 lhs, fn, arg1, arg2 =  ҁ ј h ҂ 255
:124 lhs, fn, arg1, arg2 =  (2) [255, 130]  255 237 255
:125 --------------------------------------------------------------------
:123 lhs, fn, arg1, arg2 =  h Ѧ ҁ ш 255
:124 lhs, fn, arg1, arg2 =  255  (2) [255, 237] x 255
:125 --------------------------------------------------------------------
:123 lhs, fn, arg1, arg2 =  ѿ a Ѿ s 255
:124 lhs, fn, arg1, arg2 =  179  Uint8Array(32) [202, 151, 129, 18, 202, 27, 189, 202, 250, 194, 49, 179, 154, 35, 220, 77, 167, 134, 239, 248, 20, 124, 78, 114, 185, 128, 119, 133, 175, 238, 72, 187] 12 255
:125 --------------------------------------------------------------------
:123 lhs, fn, arg1, arg2 =  Ҁ ј ѿ F 255
:124 lhs, fn, arg1, arg2 =  (2) [179, 94]  154 24 255
:125 --------------------------------------------------------------------
:123 lhs, fn, arg1, arg2 =  ҂ ѡ Ҁ ш 255
:124 lhs, fn, arg1, arg2 =  237  (2) [154, 24] x 255
:125 --------------------------------------------------------------------
:123 lhs, fn, arg1, arg2 =  ҁ ј h ҂ 255
:124 lhs, fn, arg1, arg2 =  (2) [255, 237]  255 130 255
:125 --------------------------------------------------------------------
:123 lhs, fn, arg1, arg2 =  h Ѧ ҁ ш 255
:124 lhs, fn, arg1, arg2 =  255  (2) [255, 130] x 255
:125 --------------------------------------------------------------------
:123 lhs, fn, arg1, arg2 =  ѿ a Ѿ t 255
:124 lhs, fn, arg1, arg2 =  154  Uint8Array(32) [202, 151, 129, 18, 202, 27, 189, 202, 250, 194, 49, 179, 154, 35, 220, 77, 167, 134, 239, 248, 20, 124, 78, 114, 185, 128, 119, 133, 175, 238, 72, 187] 13 255
:125 --------------------------------------------------------------------
:123 lhs, fn, arg1, arg2 =  Ҁ ј ѿ В 255
:124 lhs, fn, arg1, arg2 =  (2) [154, 24]  35 181 255
:125 --------------------------------------------------------------------
:123 lhs, fn, arg1, arg2 =  ҂ ѡ Ҁ ш 255
:124 lhs, fn, arg1, arg2 =  130  (2) [35, 181] x 255
:125 --------------------------------------------------------------------
:123 lhs, fn, arg1, arg2 =  ҁ ј h ҂ 255
:124 lhs, fn, arg1, arg2 =  (2) [255, 130]  255 150 255
:125 --------------------------------------------------------------------
:123 lhs, fn, arg1, arg2 =  h Ѧ ҁ ш 255
:124 lhs, fn, arg1, arg2 =  255  (2) [255, 150] x 255
:125 --------------------------------------------------------------------
:123 lhs, fn, arg1, arg2 =  ѿ a Ѿ u 255
:124 lhs, fn, arg1, arg2 =  35  Uint8Array(32) [202, 151, 129, 18, 202, 27, 189, 202, 250, 194, 49, 179, 154, 35, 220, 77, 167, 134, 239, 248, 20, 124, 78, 114, 185, 128, 119, 133, 175, 238, 72, 187] 14 255
:125 --------------------------------------------------------------------
:123 lhs, fn, arg1, arg2 =  Ҁ ј ѿ Д 255
:124 lhs, fn, arg1, arg2 =  (2) [35, 181]  220 37 255
:125 --------------------------------------------------------------------
:123 lhs, fn, arg1, arg2 =  ҂ ѡ Ҁ ш 255
:124 lhs, fn, arg1, arg2 =  150  (2) [220, 37] x 255
:125 --------------------------------------------------------------------
:123 lhs, fn, arg1, arg2 =  ҁ ј h ҂ 255
:124 lhs, fn, arg1, arg2 =  (2) [255, 150]  255 249 255
:125 --------------------------------------------------------------------
:123 lhs, fn, arg1, arg2 =  h Ѧ ҁ ш 255
:124 lhs, fn, arg1, arg2 =  255  (2) [255, 249] x 255
:125 --------------------------------------------------------------------
:123 lhs, fn, arg1, arg2 =  ѿ a Ѿ v 255
:124 lhs, fn, arg1, arg2 =  220  Uint8Array(32) [202, 151, 129, 18, 202, 27, 189, 202, 250, 194, 49, 179, 154, 35, 220, 77, 167, 134, 239, 248, 20, 124, 78, 114, 185, 128, 119, 133, 175, 238, 72, 187] 15 255
:125 --------------------------------------------------------------------
:123 lhs, fn, arg1, arg2 =  Ҁ ј ѿ З 255
:124 lhs, fn, arg1, arg2 =  (2) [220, 37]  77 191 255
:125 --------------------------------------------------------------------
:123 lhs, fn, arg1, arg2 =  ҂ ѡ Ҁ ш 255
:124 lhs, fn, arg1, arg2 =  249  (2) [77, 191] x 255
:125 --------------------------------------------------------------------
:123 lhs, fn, arg1, arg2 =  ҁ ј h ҂ 255
:124 lhs, fn, arg1, arg2 =  (2) [255, 249]  255 242 255
:125 --------------------------------------------------------------------
:123 lhs, fn, arg1, arg2 =  h Ѧ ҁ ш 255
:124 lhs, fn, arg1, arg2 =  255  (2) [255, 242] x 255
:125 --------------------------------------------------------------------
:123 lhs, fn, arg1, arg2 =  ѿ a Ѿ w 255
:124 lhs, fn, arg1, arg2 =  77 (x,y) => x[y] Uint8Array(32) [202, 151, 129, 18, 202, 27, 189, 202, 250, 194, 49, 179, 154, 35, 220, 77, 167, 134, 239, 248, 20, 124, 78, 114, 185, 128, 119, 133, 175, 238, 72, 187] 16 255
:125 --------------------------------------------------------------------
:123 lhs, fn, arg1, arg2 =  Ҁ ј ѿ К 255
:124 lhs, fn, arg1, arg2 =  (2) [77, 191] ƒ Array() { [native code] } 167 252 255
:125 --------------------------------------------------------------------
:123 lhs, fn, arg1, arg2 =  ҂ ѡ Ҁ ш 255
:124 lhs, fn, arg1, arg2 =  242 ƒ anonymous(x
) {
return x[0]^x[1]
} (2) [167, 252] x 255
:125 --------------------------------------------------------------------
:123 lhs, fn, arg1, arg2 =  ҁ ј h ҂ 255
:124 lhs, fn, arg1, arg2 =  (2) [255, 242] ƒ Array() { [native code] } 255 91 255
:125 --------------------------------------------------------------------
:123 lhs, fn, arg1, arg2 =  h Ѧ ҁ ш 255
:124 lhs, fn, arg1, arg2 =  255 ƒ anonymous(x
) {
return x[0]|x[1]
} (2) [255, 91] x 255
:125 --------------------------------------------------------------------
:123 lhs, fn, arg1, arg2 =  ѿ a Ѿ x 255
:124 lhs, fn, arg1, arg2 =  167 (x,y) => x[y] Uint8Array(32) [202, 151, 129, 18, 202, 27, 189, 202, 250, 194, 49, 179, 154, 35, 220, 77, 167, 134, 239, 248, 20, 124, 78, 114, 185, 128, 119, 133, 175, 238, 72, 187] 17 255
:125 --------------------------------------------------------------------
:123 lhs, fn, arg1, arg2 =  Ҁ ј ѿ Н 255
:124 lhs, fn, arg1, arg2 =  (2) [167, 252] ƒ Array() { [native code] } 134 103 255
:125 --------------------------------------------------------------------
:123 lhs, fn, arg1, arg2 =  ҂ ѡ Ҁ ш 255
:124 lhs, fn, arg1, arg2 =  91 ƒ anonymous(x
) {
return x[0]^x[1]
} (2) [134, 103] x 255
:125 --------------------------------------------------------------------
:123 lhs, fn, arg1, arg2 =  ҁ ј h ҂ 255
:124 lhs, fn, arg1, arg2 =  (2) [255, 91] ƒ Array() { [native code] } 255 225 255
:125 --------------------------------------------------------------------
:123 lhs, fn, arg1, arg2 =  h Ѧ ҁ ш 255
:124 lhs, fn, arg1, arg2 =  255 ƒ anonymous(x
) {
return x[0]|x[1]
} (2) [255, 225] x 255
:125 --------------------------------------------------------------------
:123 lhs, fn, arg1, arg2 =  ѿ a Ѿ y 255
:124 lhs, fn, arg1, arg2 =  134 (x,y) => x[y] Uint8Array(32) [202, 151, 129, 18, 202, 27, 189, 202, 250, 194, 49, 179, 154, 35, 220, 77, 167, 134, 239, 248, 20, 124, 78, 114, 185, 128, 119, 133, 175, 238, 72, 187] 18 255
:125 --------------------------------------------------------------------
:123 lhs, fn, arg1, arg2 =  Ҁ ј ѿ Р 255
:124 lhs, fn, arg1, arg2 =  (2) [134, 103] ƒ Array() { [native code] } 239 247 255
:125 --------------------------------------------------------------------
:123 lhs, fn, arg1, arg2 =  ҂ ѡ Ҁ ш 255
:124 lhs, fn, arg1, arg2 =  225 ƒ anonymous(x
) {
return x[0]^x[1]
} (2) [239, 247] x 255
:125 --------------------------------------------------------------------
:123 lhs, fn, arg1, arg2 =  ҁ ј h ҂ 255
:124 lhs, fn, arg1, arg2 =  (2) [255, 225] ƒ Array() { [native code] } 255 24 255
:125 --------------------------------------------------------------------
:123 lhs, fn, arg1, arg2 =  h Ѧ ҁ ш 255
:124 lhs, fn, arg1, arg2 =  255 ƒ anonymous(x
) {
return x[0]|x[1]
} (2) [255, 24] x 255
:125 --------------------------------------------------------------------
:123 lhs, fn, arg1, arg2 =  ѿ a Ѿ A 255
:124 lhs, fn, arg1, arg2 =  239 (x,y) => x[y] Uint8Array(32) [202, 151, 129, 18, 202, 27, 189, 202, 250, 194, 49, 179, 154, 35, 220, 77, 167, 134, 239, 248, 20, 124, 78, 114, 185, 128, 119, 133, 175, 238, 72, 187] 19 255
:125 --------------------------------------------------------------------
:123 lhs, fn, arg1, arg2 =  Ҁ ј ѿ Т 255
:124 lhs, fn, arg1, arg2 =  (2) [239, 247] ƒ Array() { [native code] } 248 114 255
:125 --------------------------------------------------------------------
:123 lhs, fn, arg1, arg2 =  ҂ ѡ Ҁ ш 255
:124 lhs, fn, arg1, arg2 =  24 ƒ anonymous(x
) {
return x[0]^x[1]
} (2) [248, 114] x 255
:125 --------------------------------------------------------------------
:123 lhs, fn, arg1, arg2 =  ҁ ј h ҂ 255
:124 lhs, fn, arg1, arg2 =  (2) [255, 24] ƒ Array() { [native code] } 255 138 255
:125 --------------------------------------------------------------------
:123 lhs, fn, arg1, arg2 =  h Ѧ ҁ ш 255
:124 lhs, fn, arg1, arg2 =  255 ƒ anonymous(x
) {
return x[0]|x[1]
} (2) [255, 138] x 255
:125 --------------------------------------------------------------------
:123 lhs, fn, arg1, arg2 =  ѿ a Ѿ B 255
:124 lhs, fn, arg1, arg2 =  248 (x,y) => x[y] Uint8Array(32) [202, 151, 129, 18, 202, 27, 189, 202, 250, 194, 49, 179, 154, 35, 220, 77, 167, 134, 239, 248, 20, 124, 78, 114, 185, 128, 119, 133, 175, 238, 72, 187] 20 255
:125 --------------------------------------------------------------------
:123 lhs, fn, arg1, arg2 =  Ҁ ј ѿ Ф 255
:124 lhs, fn, arg1, arg2 =  (2) [248, 114] ƒ Array() { [native code] } 20 198 255
:125 --------------------------------------------------------------------
:123 lhs, fn, arg1, arg2 =  ҂ ѡ Ҁ ш 255
:124 lhs, fn, arg1, arg2 =  138 ƒ anonymous(x
) {
return x[0]^x[1]
} (2) [20, 198] x 255
:125 --------------------------------------------------------------------
:123 lhs, fn, arg1, arg2 =  ҁ ј h ҂ 255
:124 lhs, fn, arg1, arg2 =  (2) [255, 138] ƒ Array() { [native code] } 255 210 255
:125 --------------------------------------------------------------------
:123 lhs, fn, arg1, arg2 =  h Ѧ ҁ ш 255
:124 lhs, fn, arg1, arg2 =  255  (2) [255, 210] x 255
:125 --------------------------------------------------------------------
:123 lhs, fn, arg1, arg2 =  ѿ a Ѿ C 255
:124 lhs, fn, arg1, arg2 =  20  Uint8Array(32) [202, 151, 129, 18, 202, 27, 189, 202, 250, 194, 49, 179, 154, 35, 220, 77, 167, 134, 239, 248, 20, 124, 78, 114, 185, 128, 119, 133, 175, 238, 72, 187] 21 255
:125 --------------------------------------------------------------------
:123 lhs, fn, arg1, arg2 =  Ҁ ј ѿ W 255
:124 lhs, fn, arg1, arg2 =  (2) [20, 198]  124 80 255
:125 --------------------------------------------------------------------
:123 lhs, fn, arg1, arg2 =  ҂ ѡ Ҁ ш 255
:124 lhs, fn, arg1, arg2 =  210  (2) [124, 80] x 255
:125 --------------------------------------------------------------------
:123 lhs, fn, arg1, arg2 =  ҁ ј h ҂ 255
:124 lhs, fn, arg1, arg2 =  (2) [255, 210]  255 44 255
:125 --------------------------------------------------------------------
:123 lhs, fn, arg1, arg2 =  h Ѧ ҁ ш 255
:124 lhs, fn, arg1, arg2 =  255  (2) [255, 44] x 255
:125 --------------------------------------------------------------------
:123 lhs, fn, arg1, arg2 =  ѿ a Ѿ D 255
:124 lhs, fn, arg1, arg2 =  124  Uint8Array(32) [202, 151, 129, 18, 202, 27, 189, 202, 250, 194, 49, 179, 154, 35, 220, 77, 167, 134, 239, 248, 20, 124, 78, 114, 185, 128, 119, 133, 175, 238, 72, 187] 22 255
:125 --------------------------------------------------------------------
:123 lhs, fn, arg1, arg2 =  Ҁ ј ѿ Х 255
:124 lhs, fn, arg1, arg2 =  (2) [124, 80]  78 206 255
:125 --------------------------------------------------------------------
:123 lhs, fn, arg1, arg2 =  ҂ ѡ Ҁ ш 255
:124 lhs, fn, arg1, arg2 =  44  (2) [78, 206] x 255
:125 --------------------------------------------------------------------
:123 lhs, fn, arg1, arg2 =  ҁ ј h ҂ 255
:124 lhs, fn, arg1, arg2 =  (2) [255, 44]  255 128 255
:125 --------------------------------------------------------------------
:123 lhs, fn, arg1, arg2 =  h Ѧ ҁ ш 255
:124 lhs, fn, arg1, arg2 =  255  (2) [255, 128] x 255
:125 --------------------------------------------------------------------
:123 lhs, fn, arg1, arg2 =  ѿ a Ѿ E 255
:124 lhs, fn, arg1, arg2 =  78  Uint8Array(32) [202, 151, 129, 18, 202, 27, 189, 202, 250, 194, 49, 179, 154, 35, 220, 77, 167, 134, 239, 248, 20, 124, 78, 114, 185, 128, 119, 133, 175, 238, 72, 187] 23 255
:125 --------------------------------------------------------------------
:123 lhs, fn, arg1, arg2 =  Ҁ ј ѿ Ъ 255
:124 lhs, fn, arg1, arg2 =  (2) [78, 206]  114 223 255
:125 --------------------------------------------------------------------
:123 lhs, fn, arg1, arg2 =  ҂ ѡ Ҁ ш 255
:124 lhs, fn, arg1, arg2 =  128  (2) [114, 223] x 255
:125 --------------------------------------------------------------------
:123 lhs, fn, arg1, arg2 =  ҁ ј h ҂ 255
:124 lhs, fn, arg1, arg2 =  (2) [255, 128]  255 173 255
:125 --------------------------------------------------------------------
:123 lhs, fn, arg1, arg2 =  h Ѧ ҁ ш 255
:124 lhs, fn, arg1, arg2 =  255  (2) [255, 173] x 255
:125 --------------------------------------------------------------------
:123 lhs, fn, arg1, arg2 =  ѿ a Ѿ F 255
:124 lhs, fn, arg1, arg2 =  114  Uint8Array(32) [202, 151, 129, 18, 202, 27, 189, 202, 250, 194, 49, 179, 154, 35, 220, 77, 167, 134, 239, 248, 20, 124, 78, 114, 185, 128, 119, 133, 175, 238, 72, 187] 24 255
:125 --------------------------------------------------------------------
:123 lhs, fn, arg1, arg2 =  Ҁ ј ѿ Ь 255
:124 lhs, fn, arg1, arg2 =  (2) [114, 223]  185 227 255
:125 --------------------------------------------------------------------
:123 lhs, fn, arg1, arg2 =  ҂ ѡ Ҁ ш 255
:124 lhs, fn, arg1, arg2 =  173  (2) [185, 227] x 255
:125 --------------------------------------------------------------------
:123 lhs, fn, arg1, arg2 =  ҁ ј h ҂ 255
:124 lhs, fn, arg1, arg2 =  (2) [255, 173]  255 90 255
:125 --------------------------------------------------------------------
:123 lhs, fn, arg1, arg2 =  h Ѧ ҁ ш 255
:124 lhs, fn, arg1, arg2 =  255  (2) [255, 90] x 255
:125 --------------------------------------------------------------------
:123 lhs, fn, arg1, arg2 =  ѿ a Ѿ G 255
:124 lhs, fn, arg1, arg2 =  185  Uint8Array(32) [202, 151, 129, 18, 202, 27, 189, 202, 250, 194, 49, 179, 154, 35, 220, 77, 167, 134, 239, 248, 20, 124, 78, 114, 185, 128, 119, 133, 175, 238, 72, 187] 25 255
:125 --------------------------------------------------------------------
:123 lhs, fn, arg1, arg2 =  Ҁ ј ѿ Ю 255
:124 lhs, fn, arg1, arg2 =  (2) [185, 227]  128 255 255
:125 --------------------------------------------------------------------
:123 lhs, fn, arg1, arg2 =  ҂ ѡ Ҁ ш 255
:124 lhs, fn, arg1, arg2 =  90  (2) [128, 255] x 255
:125 --------------------------------------------------------------------
:123 lhs, fn, arg1, arg2 =  ҁ ј h ҂ 255
:124 lhs, fn, arg1, arg2 =  (2) [255, 90]  255 127 255
:125 --------------------------------------------------------------------
:123 lhs, fn, arg1, arg2 =  h Ѧ ҁ ш 255
:124 lhs, fn, arg1, arg2 =  255  (2) [255, 127] x 255
:125 --------------------------------------------------------------------
:123 lhs, fn, arg1, arg2 =  ѿ a Ѿ H 255
:124 lhs, fn, arg1, arg2 =  128  Uint8Array(32) [202, 151, 129, 18, 202, 27, 189, 202, 250, 194, 49, 179, 154, 35, 220, 77, 167, 134, 239, 248, 20, 124, 78, 114, 185, 128, 119, 133, 175, 238, 72, 187] 26 255
:125 --------------------------------------------------------------------
:123 lhs, fn, arg1, arg2 =  Ҁ ј ѿ а 255
:124 lhs, fn, arg1, arg2 =  (2) [128, 255]  119 122 255
:125 --------------------------------------------------------------------
:123 lhs, fn, arg1, arg2 =  ҂ ѡ Ҁ ш 255
:124 lhs, fn, arg1, arg2 =  127  (2) [119, 122] x 255
:125 --------------------------------------------------------------------
:123 lhs, fn, arg1, arg2 =  ҁ ј h ҂ 255
:124 lhs, fn, arg1, arg2 =  (2) [255, 127]  255 13 255
:125 --------------------------------------------------------------------
:123 lhs, fn, arg1, arg2 =  h Ѧ ҁ ш 255
:124 lhs, fn, arg1, arg2 =  255  (2) [255, 13] x 255
:125 --------------------------------------------------------------------
:123 lhs, fn, arg1, arg2 =  ѿ a Ѿ I 255
:124 lhs, fn, arg1, arg2 =  119  Uint8Array(32) [202, 151, 129, 18, 202, 27, 189, 202, 250, 194, 49, 179, 154, 35, 220, 77, 167, 134, 239, 248, 20, 124, 78, 114, 185, 128, 119, 133, 175, 238, 72, 187] 27 255
:125 --------------------------------------------------------------------
:123 lhs, fn, arg1, arg2 =  Ҁ ј ѿ e 255
:124 lhs, fn, arg1, arg2 =  (2) [119, 122]  133 0 255
:125 --------------------------------------------------------------------
:123 lhs, fn, arg1, arg2 =  ҂ ѡ Ҁ ш 255
:124 lhs, fn, arg1, arg2 =  13  (2) [133, 0] x 255
:125 --------------------------------------------------------------------
:123 lhs, fn, arg1, arg2 =  ҁ ј h ҂ 255
:124 lhs, fn, arg1, arg2 =  (2) [255, 13]  255 133 255
:125 --------------------------------------------------------------------
:123 lhs, fn, arg1, arg2 =  h Ѧ ҁ ш 255
:124 lhs, fn, arg1, arg2 =  255  (2) [255, 133] x 255
:125 --------------------------------------------------------------------
:123 lhs, fn, arg1, arg2 =  ѿ a Ѿ J 255
:124 lhs, fn, arg1, arg2 =  133  Uint8Array(32) [202, 151, 129, 18, 202, 27, 189, 202, 250, 194, 49, 179, 154, 35, 220, 77, 167, 134, 239, 248, 20, 124, 78, 114, 185, 128, 119, 133, 175, 238, 72, 187] 28 255
:125 --------------------------------------------------------------------
:123 lhs, fn, arg1, arg2 =  Ҁ ј ѿ б 255
:124 lhs, fn, arg1, arg2 =  (2) [133, 0]  175 38 255
:125 --------------------------------------------------------------------
:123 lhs, fn, arg1, arg2 =  ҂ ѡ Ҁ ш 255
:124 lhs, fn, arg1, arg2 =  133  (2) [175, 38] x 255
:125 --------------------------------------------------------------------
:123 lhs, fn, arg1, arg2 =  ҁ ј h ҂ 255
:124 lhs, fn, arg1, arg2 =  (2) [255, 133]  255 137 255
:125 --------------------------------------------------------------------
:123 lhs, fn, arg1, arg2 =  h Ѧ ҁ ш 255
:124 lhs, fn, arg1, arg2 =  255  (2) [255, 137] x 255
:125 --------------------------------------------------------------------
:123 lhs, fn, arg1, arg2 =  ѿ a Ѿ K 255
:124 lhs, fn, arg1, arg2 =  175  Uint8Array(32) [202, 151, 129, 18, 202, 27, 189, 202, 250, 194, 49, 179, 154, 35, 220, 77, 167, 134, 239, 248, 20, 124, 78, 114, 185, 128, 119, 133, 175, 238, 72, 187] 29 255
:125 --------------------------------------------------------------------
:123 lhs, fn, arg1, arg2 =  Ҁ ј ѿ в 255
:124 lhs, fn, arg1, arg2 =  (2) [175, 38]  238 250 255
:125 --------------------------------------------------------------------
:123 lhs, fn, arg1, arg2 =  ҂ ѡ Ҁ ш 255
:124 lhs, fn, arg1, arg2 =  137  (2) [238, 250] x 255
:125 --------------------------------------------------------------------
:123 lhs, fn, arg1, arg2 =  ҁ ј h ҂ 255
:124 lhs, fn, arg1, arg2 =  (2) [255, 137]  255 20 255
:125 --------------------------------------------------------------------
:123 lhs, fn, arg1, arg2 =  h Ѧ ҁ ш 255
:124 lhs, fn, arg1, arg2 =  255  (2) [255, 20] x 255
:125 --------------------------------------------------------------------
:123 lhs, fn, arg1, arg2 =  ѿ a Ѿ L 255
:124 lhs, fn, arg1, arg2 =  238  Uint8Array(32) [202, 151, 129, 18, 202, 27, 189, 202, 250, 194, 49, 179, 154, 35, 220, 77, 167, 134, 239, 248, 20, 124, 78, 114, 185, 128, 119, 133, 175, 238, 72, 187] 30 255
:125 --------------------------------------------------------------------
:123 lhs, fn, arg1, arg2 =  Ҁ ј ѿ K 255
:124 lhs, fn, arg1, arg2 =  (2) [238, 250]  72 29 255
:125 --------------------------------------------------------------------
:123 lhs, fn, arg1, arg2 =  ҂ ѡ Ҁ ш 255
:124 lhs, fn, arg1, arg2 =  20  (2) [72, 29] x 255
:125 --------------------------------------------------------------------
:123 lhs, fn, arg1, arg2 =  ҁ ј h ҂ 255
:124 lhs, fn, arg1, arg2 =  (2) [255, 20]  255 85 255
:125 --------------------------------------------------------------------
:123 lhs, fn, arg1, arg2 =  h Ѧ ҁ ш 255
:124 lhs, fn, arg1, arg2 =  255  (2) [255, 85] x 255
:125 --------------------------------------------------------------------
:123 lhs, fn, arg1, arg2 =  ѿ a Ѿ M 255
:124 lhs, fn, arg1, arg2 =  72  Uint8Array(32) [202, 151, 129, 18, 202, 27, 189, 202, 250, 194, 49, 179, 154, 35, 220, 77, 167, 134, 239, 248, 20, 124, 78, 114, 185, 128, 119, 133, 175, 238, 72, 187] 31 255
:125 --------------------------------------------------------------------
:123 lhs, fn, arg1, arg2 =  Ҁ ј ѿ е 255
:124 lhs, fn, arg1, arg2 =  (2) [72, 29]  187 238 255
:125 --------------------------------------------------------------------
:123 lhs, fn, arg1, arg2 =  ҂ ѡ Ҁ ш 255
:124 lhs, fn, arg1, arg2 =  85  (2) [187, 238] x 255
:125 --------------------------------------------------------------------
:123 lhs, fn, arg1, arg2 =  ҁ ј h ҂ 255
:124 lhs, fn, arg1, arg2 =  (2) [255, 85]  255 85 255
:125 --------------------------------------------------------------------
:123 lhs, fn, arg1, arg2 =  h Ѧ ҁ ш 255
:124 lhs, fn, arg1, arg2 =  255  (2) [255, 85] x 255
:125 --------------------------------------------------------------------
:123 lhs, fn, arg1, arg2 =  ѐ c e e 255
:124 lhs, fn, arg1, arg2 =    0 0 255
:125 --------------------------------------------------------------------
:123 lhs, fn, arg1, arg2 =  ё c e e 255
:124 lhs, fn, arg1, arg2 =  Window {postMessage: ƒ, blur: ƒ, focus: ƒ, close: ƒ, frames: Window, …}  0 0 255
:125 --------------------------------------------------------------------
:123 lhs, fn, arg1, arg2 =  ѓ c e e 255
:124 lhs, fn, arg1, arg2 =  Array  0 0 255
:125 --------------------------------------------------------------------
:123 lhs, fn, arg1, arg2 =  ј c e e 255
:124 lhs, fn, arg1, arg2 =    0 0 255
:125 --------------------------------------------------------------------
:123 lhs, fn, arg1, arg2 =  љ c e e 255
:124 lhs, fn, arg1, arg2 =    0 0 255
:125 --------------------------------------------------------------------
:123 lhs, fn, arg1, arg2 =  њ c e e 255
:124 lhs, fn, arg1, arg2 =  return x[0]^x[1] (x,y) => x+y 0 0 255
:125 --------------------------------------------------------------------
:123 lhs, fn, arg1, arg2 =  ѡ c e e 255
:124 lhs, fn, arg1, arg2 =  ƒ anonymous(x
) {
return x[0]^x[1]
} (x,y) => x+y 0 0 255
:125 --------------------------------------------------------------------
:123 lhs, fn, arg1, arg2 =  Ѣ c e e 255
:124 lhs, fn, arg1, arg2 =  ƒ Function() { [native code] } (x,y) => x+y 0 0 255
:125 --------------------------------------------------------------------
:123 lhs, fn, arg1, arg2 =  ѣ c e e 255
:124 lhs, fn, arg1, arg2 =  return x[0]|x[1] (x,y) => x+y 0 0 255
:125 --------------------------------------------------------------------
:123 lhs, fn, arg1, arg2 =  Ѧ c e e 255
:124 lhs, fn, arg1, arg2 =  ƒ anonymous(x
) {
return x[0]|x[1]
} (x,y) => x+y 0 0 255
:125 --------------------------------------------------------------------
:123 lhs, fn, arg1, arg2 =  ѧ c e e 255
:124 lhs, fn, arg1, arg2 =  crypto (x,y) => x+y 0 0 255
:125 --------------------------------------------------------------------
:123 lhs, fn, arg1, arg2 =  ѩ c e e 255
:124 lhs, fn, arg1, arg2 =  Crypto {subtle: SubtleCrypto} (x,y) => x+y 0 0 255
:125 --------------------------------------------------------------------
:123 lhs, fn, arg1, arg2 =  Ѫ c e e 255
:124 lhs, fn, arg1, arg2 =  subtle (x,y) => x+y 0 0 255
:125 --------------------------------------------------------------------
:123 lhs, fn, arg1, arg2 =  ѭ c e e 255
:124 lhs, fn, arg1, arg2 =  SubtleCrypto {} (x,y) => x+y 0 0 255
:125 --------------------------------------------------------------------
:123 lhs, fn, arg1, arg2 =  Ѯ c e e 255
:124 lhs, fn, arg1, arg2 =  digest (x,y) => x+y 0 0 255
:125 --------------------------------------------------------------------
:123 lhs, fn, arg1, arg2 =  Ѱ c e e 255
:124 lhs, fn, arg1, arg2 =  ƒ digest() { [native code] } (x,y) => x+y 0 0 255
:125 --------------------------------------------------------------------
:123 lhs, fn, arg1, arg2 =  Ѳ c e e 255
:124 lhs, fn, arg1, arg2 =  sha-256 (x,y) => x+y 0 0 255
:125 --------------------------------------------------------------------
:123 lhs, fn, arg1, arg2 =  ѷ c e e 255
:124 lhs, fn, arg1, arg2 =  (2) ["sha-256", Uint8Array(1)] (x,y) => x+y 0 0 255
:125 --------------------------------------------------------------------
:123 lhs, fn, arg1, arg2 =  Ѹ c e e 255
:124 lhs, fn, arg1, arg2 =  (2) [SubtleCrypto, Array(2)] (x,y) => x+y 0 0 255
:125 --------------------------------------------------------------------
:123 lhs, fn, arg1, arg2 =  ѹ c e e 255
:124 lhs, fn, arg1, arg2 =  ArrayBuffer(32) {} (x,y) => x+y 0 0 255
:125 --------------------------------------------------------------------
:123 lhs, fn, arg1, arg2 =  ѻ c e e 255
:124 lhs, fn, arg1, arg2 =  Uint8Array (x,y) => x+y 0 0 255
:125 --------------------------------------------------------------------
:123 lhs, fn, arg1, arg2 =  ѽ c e e 255
:124 lhs, fn, arg1, arg2 =  ƒ Uint8Array() { [native code] } (x,y) => x+y 0 0 255
:125 --------------------------------------------------------------------
:123 lhs, fn, arg1, arg2 =  Ѿ c e e 255
:124 lhs, fn, arg1, arg2 =  Uint8Array(32) [202, 151, 129, 18, 202, 27, 189, 202, 250, 194, 49, 179, 154, 35, 220, 77, 167, 134, 239, 248, 20, 124, 78, 114, 185, 128, 119, 133, 175, 238, 72, 187] (x,y) => x+y 0 0 255
:125 --------------------------------------------------------------------
:123 lhs, fn, arg1, arg2 =  Ҁ c e e 255
:124 lhs, fn, arg1, arg2 =  (2) [187, 238] (x,y) => x+y 0 0 255
:125 --------------------------------------------------------------------
:123 lhs, fn, arg1, arg2 =  ҁ c e e 255
:124 lhs, fn, arg1, arg2 =  (2) [255, 85] (x,y) => x+y 0 0 255
:125 --------------------------------------------------------------------
:123 lhs, fn, arg1, arg2 =  ж c e e 255
:124 lhs, fn, arg1, arg2 =  return  (x,y) => x+y 0 0 255
:125 --------------------------------------------------------------------
:123 lhs, fn, arg1, arg2 =  т c e e 255
:124 lhs, fn, arg1, arg2 =  constructor (x,y) => x+y 0 0 255
:125 --------------------------------------------------------------------
:123 lhs, fn, arg1, arg2 =  ч c e e 255
:124 lhs, fn, arg1, arg2 =  ƒ Function() { [native code] } (x,y) => x+y 0 0 255
:125 --------------------------------------------------------------------
:123 lhs, fn, arg1, arg2 =  ь c e e 255
:124 lhs, fn, arg1, arg2 =  return window (x,y) => x+y 0 0 255
:125 --------------------------------------------------------------------
:145 {a: ƒ, b: ƒ, c: ƒ, d: ƒ, e: 0, …}
